Date:  29.01.2024 11:42:16  |  Ошибка при отправке письма: SMTP Error: Could not authenticate.
Date:  29.01.2024 11:46:45  |  Форма успешно отправлена.
Date:  29.01.2024 11:47:27  |  Форма успешно отправлена.
Date:  29.01.2024 11:48:23  |  Форма успешно отправлена.
Date:  29.01.2024 11:48:55  |  Форма успешно отправлена.
Date:  29.01.2024 11:49:29  |  Форма успешно отправлена.
Date:  29.01.2024 11:50:14  |  Форма успешно отправлена.
Date:  29.01.2024 11:51:58  |  Форма успешно отправлена.
Date:  29.01.2024 11:53:01  |  Форма успешно отправлена.
Date:  29.01.2024 11:53:17  |  Форма успешно отправлена.
Date:  29.01.2024 11:54:02  |  Форма успешно отправлена.
Date:  29.01.2024 11:55:33  |  Форма успешно отправлена.
Date:  29.01.2024 11:55:37  |  Форма успешно отправлена.
Date:  29.01.2024 11:56:27  |  Форма успешно отправлена.
Date:  29.01.2024 11:57:34  |  Не заполнено поле email.
Date:  29.01.2024 11:57:34  |  Не заполнено поле message.
Date:  29.01.2024 11:57:42  |  Не заполнено поле email.
Date:  29.01.2024 11:57:47  |  Не заполнено поле email.
Date:  29.01.2024 11:58:34  |  Форма успешно отправлена.
Date:  29.01.2024 11:59:32  |  Форма успешно отправлена.
Date:  29.01.2024 12:01:10  |  Не заполнено поле message.
Date:  29.01.2024 12:01:14  |  Форма успешно отправлена.
Date:  29.01.2024 12:02:05  |  Форма успешно отправлена.
Date:  29.01.2024 12:02:21  |  Не заполнено поле message.
Date:  29.01.2024 12:02:28  |  Форма успешно отправлена.
Date:  29.01.2024 12:03:03  |  Форма успешно отправлена.
Date:  29.01.2024 12:05:28  |  Форма успешно отправлена.
Date:  29.01.2024 12:07:10  |  Форма успешно отправлена.
Date:  29.01.2024 12:09:09  |  Форма успешно отправлена.
Date:  29.01.2024 12:10:42  |  Не заполнено поле message.
Date:  29.01.2024 12:10:46  |  Форма успешно отправлена.
Date:  29.01.2024 12:11:16  |  Форма успешно отправлена.
Date:  29.01.2024 12:11:53  |  Форма успешно отправлена.
Date:  29.01.2024 12:12:12  |  Форма успешно отправлена.
Date:  29.01.2024 12:15:02  |  Поле message должно быть не меньше 5 cимволов.
Date:  29.01.2024 12:15:02  |  Не заполнено поле messenger.
Date:  29.01.2024 12:15:16  |  Не заполнено поле messenger.
Date:  29.01.2024 12:15:42  |  Форма успешно отправлена.
Date:  29.01.2024 12:23:32  |  Не заполнено поле message.
Date:  29.01.2024 12:23:42  |  Форма успешно отправлена.
Date:  29.01.2024 12:25:05  |  Форма успешно отправлена.
Date:  29.01.2024 12:26:42  |  Форма успешно отправлена.
Date:  29.01.2024 12:37:09  |  Форма успешно отправлена.
Date:  29.01.2024 12:40:02  |  Форма успешно отправлена.
Date:  29.01.2024 12:41:12  |  Не заполнено поле message.
Date:  29.01.2024 12:41:16  |  Форма успешно отправлена.
Date:  29.01.2024 12:42:02  |  Форма успешно отправлена.
Date:  29.01.2024 12:45:27  |  Форма успешно отправлена.
Date:  29.01.2024 12:46:07  |  Не заполнено поле message.
Date:  29.01.2024 12:46:40  |  Не заполнено поле message.
Date:  29.01.2024 12:47:11  |  Форма успешно отправлена.
Date:  29.01.2024 12:47:39  |  Не заполнено поле message.
Date:  29.01.2024 12:49:10  |  Не заполнено поле message.
Date:  29.01.2024 12:49:11  |  Форма успешно отправлена.
Date:  29.01.2024 12:49:34  |  Форма успешно отправлена.
Date:  29.01.2024 12:49:56  |  Форма успешно отправлена.
Date:  29.01.2024 12:56:26  |  Форма успешно отправлена.
Date:  29.01.2024 12:56:43  |  Форма успешно отправлена.
Date:  29.01.2024 12:58:28  |  Не заполнено поле message.
Date:  29.01.2024 12:58:31  |  Форма успешно отправлена.
Date:  29.01.2024 12:59:55  |  Форма успешно отправлена.
Date:  29.01.2024 01:03:22  |  Форма успешно отправлена.
Date:  29.01.2024 05:48:05  |  Не заполнено поле message.
Date:  29.01.2024 05:48:09  |  Форма успешно отправлена.
Date:  29.01.2024 05:49:26  |  Форма успешно отправлена.
Date:  29.01.2024 06:04:08  |  Не заполнено поле name.
Date:  29.01.2024 06:04:08  |  Не заполнено поле message.
Date:  29.01.2024 06:04:08  |  Не заполнено поле messenger.
Date:  29.01.2024 06:04:16  |  Не заполнено поле name.
Date:  29.01.2024 06:04:16  |  Не заполнено поле messenger.
Date:  29.01.2024 06:04:43  |  Не заполнено поле messenger.
Date:  29.01.2024 06:04:52  |  Форма успешно отправлена.
Date:  29.01.2024 06:05:18  |  Форма успешно отправлена.
Date:  29.01.2024 06:05:46  |  Форма успешно отправлена.
Date:  29.01.2024 06:12:40  |  Форма успешно отправлена.
Date:  29.01.2024 06:13:07  |  Форма успешно отправлена.
Date:  29.01.2024 06:13:23  |  Форма успешно отправлена.
Date:  29.01.2024 06:13:48  |  Форма успешно отправлена.
Date:  29.01.2024 06:14:04  |  Форма успешно отправлена.
Date:  29.01.2024 06:14:12  |  Форма успешно отправлена.
Date:  29.01.2024 06:15:33  |  Форма успешно отправлена.
Date:  29.01.2024 06:16:13  |  Форма успешно отправлена.
Date:  29.01.2024 06:16:20  |  Форма успешно отправлена.
Date:  29.01.2024 06:17:46  |  Форма успешно отправлена.
Date:  29.01.2024 06:17:53  |  Форма успешно отправлена.
Date:  29.01.2024 06:18:19  |  Форма успешно отправлена.
Date:  29.01.2024 06:18:52  |  Форма успешно отправлена.
Date:  29.01.2024 06:24:43  |  Форма успешно отправлена.
Date:  29.01.2024 06:32:28  |  Форма успешно отправлена.
Date:  29.01.2024 06:36:02  |  Форма успешно отправлена.
Date:  29.01.2024 06:55:12  |  Форма успешно отправлена.
Date:  29.01.2024 06:56:18  |  Форма успешно отправлена.
Date:  29.01.2024 06:57:33  |  Форма успешно отправлена.
Date:  29.01.2024 07:19:16  |  Форма успешно отправлена.
Date:  29.01.2024 08:42:01  |  Форма успешно отправлена.
