2023-12-03 20:34:37	2	SERVER -> CLIENT: 220 mail-nwsmtp-smtp-production-main-51.vla.yp-c.yandex.net (Want to use Yandex.Mail for your domain? Visit http://pdd.yandex.ru) 1701635677-bYgf1kCMlCg0

2023-12-03 20:34:37	1	CLIENT -> SERVER: EHLO webdevmax.ru

2023-12-03 20:34:37	2	SERVER -> CLIENT: 250-mail-nwsmtp-smtp-production-main-51.vla.yp-c.yandex.net
250-8BITMIME
250-PIPELINING
250-SIZE 53477376
250-STARTTLS
250-AUTH LOGIN PLAIN XOAUTH2
250-DSN
250 ENHANCEDSTATUSCODES

2023-12-03 20:34:37	1	CLIENT -> SERVER: AUTH LOGIN

2023-12-03 20:34:37	2	SERVER -> CLIENT: 334 VXNlcm5hbWU6

2023-12-03 20:34:37	1	CLIENT -> SERVER: [credentials hidden]
2023-12-03 20:34:37	2	SERVER -> CLIENT: 334 UGFzc3dvcmQ6

2023-12-03 20:34:37	1	CLIENT -> SERVER: [credentials hidden]
2023-12-03 20:34:37	2	SERVER -> CLIENT: 235 2.7.0 Authentication successful. 1701635677-bYgf1kCMlCg0

2023-12-03 20:34:37	1	CLIENT -> SERVER: MAIL FROM:<maximzavidy@yandex.ru>

2023-12-03 20:34:37	2	SERVER -> CLIENT: 250 2.1.0 <maximzavidy@yandex.ru> ok 1701635677-bYgf1kCMlCg0-ZoSqtp0C

2023-12-03 20:34:37	1	CLIENT -> SERVER: RCPT TO:<maximzavidy@yandex.ru>

2023-12-03 20:34:37	2	SERVER -> CLIENT: 250 2.1.5 <maximzavidy@yandex.ru> recipient ok 1701635677-bYgf1kCMlCg0-ZoSqtp0C

2023-12-03 20:34:37	1	CLIENT -> SERVER: DATA

2023-12-03 20:34:37	2	SERVER -> CLIENT: 354 Start mail input, end with <CRLF>.<CRLF>

2023-12-03 20:34:37	1	CLIENT -> SERVER: Date: Sun, 3 Dec 2023 23:34:37 +0300

2023-12-03 20:34:37	1	CLIENT -> SERVER: To: maximzavidy@yandex.ru

2023-12-03 20:34:37	1	CLIENT -> SERVER: From: "webdevmax.ru" <maximzavidy@yandex.ru>

2023-12-03 20:34:37	1	CLIENT -> SERVER: Subject: =?UTF-8?B?0KHQvtC+0LHRidC10L3QuNC1INGBINGE0L7RgNC80Ysg0L7QsdGA0LDRgtC9?=

2023-12-03 20:34:37	1	CLIENT -> SERVER:  =?UTF-8?B?0L7QuSDRgdCy0Y/Qt9C4?=

2023-12-03 20:34:37	1	CLIENT -> SERVER: Message-ID: <bD8LmtzO61aQAnqqzRdiNseklzJLpYYRxVgVVgQAjc@webdevmax.ru>

2023-12-03 20:34:37	1	CLIENT -> SERVER: X-Mailer: PHPMailer 6.6.0 (https://github.com/PHPMailer/PHPMailer)

2023-12-03 20:34:37	1	CLIENT -> SERVER: MIME-Version: 1.0

2023-12-03 20:34:37	1	CLIENT -> SERVER: Content-Type: text/html; charset=UTF-8

2023-12-03 20:34:37	1	CLIENT -> SERVER: Content-Transfer-Encoding: base64

2023-12-03 20:34:37	1	CLIENT -> SERVER: 

2023-12-03 20:34:37	1	CLIENT -> SERVER: PHRhYmxlIHN0eWxlPSJiYWNrZ3JvdW5kLWNvbG9yOiNmMWYxZjE7IHdpZHRoOjEwMCU7IiBhbGln

2023-12-03 20:34:37	1	CLIENT -> SERVER: bj0iY2VudGVyIiB3aWR0aD0iMTAwJSIgYm9yZGVyPSIwIiBjZWxscGFkZGluZz0iMCIgY2VsbHNw

2023-12-03 20:34:37	1	CLIENT -> SERVER: YWNpbmc9IjAiPgogIDx0Ym9keT4KICAgIDx0cj4KICAgICAgPHRkIGFsaWduPSJjZW50ZXIiIHN0

2023-12-03 20:34:37	1	CLIENT -> SERVER: eWxlPSJ2ZXJ0aWNhbC1hbGlnbjp0b3A7IHBhZGRpbmc6MzBweCAwOyB0ZXh0LWFsaWduOmNlbnRl

2023-12-03 20:34:37	1	CLIENT -> SERVER: ciI+CiAgICAgICAgPHRhYmxlIHN0eWxlPSJ0ZXh0LWFsaWduOmxlZnQ7IHdpZHRoOjY4MHB4OyBt

2023-12-03 20:34:37	1	CLIENT -> SERVER: YXJnaW46MCBhdXRvOyBmb250LXNpemU6MTRweDsgYm9yZGVyLXNwYWNpbmc6MHB4Ij4KICAgICAg

2023-12-03 20:34:37	1	CLIENT -> SERVER: ICAgIDx0Ym9keT4KICAgICAgICAgICAgPHRyPgogICAgICAgICAgICAgIDx0ZCBiZ2NvbG9yPSIj

2023-12-03 20:34:37	1	CLIENT -> SERVER: ZmZmIiBzdHlsZT0icGFkZGluZzogMTVweDsiPgogICAgICAgICAgICAgICAgPGZvbnQgY29sb3I9

2023-12-03 20:34:37	1	CLIENT -> SERVER: IiM3NzciIHN0eWxlPSJmb250LXNpemU6MThweCI+0KHQvtC+0LHRidC10L3QuNC1INGBINGE0L7R

2023-12-03 20:34:37	1	CLIENT -> SERVER: gNC80Ysg0L7QsdGA0LDRgtC90L7QuSDRgdCy0Y/Qt9C4PC9mb250PgogICAgICAgICAgICAgIDwv

2023-12-03 20:34:37	1	CLIENT -> SERVER: dGQ+CiAgICAgICAgICAgIDwvdHI+CiAgICAgICAgICAgIDx0cj4KICAgICAgICAgICAgICA8dGQg

2023-12-03 20:34:37	1	CLIENT -> SERVER: aGVpZ2h0PSIyNSI+PC90ZD4KICAgICAgICAgICAgPC90cj4KICAgICAgICAgICAgPHRyPgogICAg

2023-12-03 20:34:37	1	CLIENT -> SERVER: ICAgICAgICAgIDx0ZCBiZ2NvbG9yPSIjZmZmIiBzdHlsZT0icGFkZGluZzogMTVweDsiPgogICAg

2023-12-03 20:34:37	1	CLIENT -> SERVER: ICAgICAgICAgICAg0J/QvtC70YzQt9C+0LLQsNGC0LXQu9GMIDxiPtC/0YQ8L2I+INC+0YHRgtCw

2023-12-03 20:34:37	1	CLIENT -> SERVER: 0LLQuNC7INGB0LvQtdC00YPRjtGJ0LXQtSDRgdC+0L7QsdGJ0LXQvdC40LU6CiAgICAgICAgICAg

2023-12-03 20:34:37	1	CLIENT -> SERVER: ICAgICA8aHI+CiAgICAgICAgICAgICAgICDQsNCw0LDQsNCw0LDQsNCw0LDQsNCw0LDQsNCw0LDQ

2023-12-03 20:34:37	1	CLIENT -> SERVER: sNCw0LDQsNCw0LDQsNCw0LDQsNCw0LDQsNCw0LDQsNCw0LDQsNCw0LDQsNCw0LDQsAogICAgICAg

2023-12-03 20:34:37	1	CLIENT -> SERVER: ICAgICAgICAgPGhyPgogICAgICAgICAgICAgICAgRW1haWwg0L/QvtC70YzQt9C+0LLQsNGC0LXQ

2023-12-03 20:34:37	1	CLIENT -> SERVER: u9GPOiA8Yj56YXZpZGl5MTk5OEBtYWlsLnJ1PC9iPgogICAgICAgICAgICAgICAgPGJyPgogICAg

2023-12-03 20:34:37	1	CLIENT -> SERVER: ICAgICAgICAgICAg0JTQsNGC0LAg0L7RgtC/0YDQsNCy0LrQuDogPGI+MDMuMTIuMjAyMyAyMzoz

2023-12-03 20:34:37	1	CLIENT -> SERVER: NDwvYj4KICAgICAgICAgICAgICAgIDxicj4KICAgICAgICAgICAgICAgIAogICAgICAgICAgICAg

2023-12-03 20:34:37	1	CLIENT -> SERVER: IDwvdGQ+CiAgICAgICAgICAgIDwvdHI+CiAgICAgICAgICAgIDx0cj4KICAgICAgICAgICAgICA8

2023-12-03 20:34:37	1	CLIENT -> SERVER: dGQgaGVpZ2h0PSIyNSI+PC90ZD4KICAgICAgICAgICAgPC90cj4KICAgICAgICAgICAgPHRyPgog

2023-12-03 20:34:37	1	CLIENT -> SERVER: ICAgICAgICAgICAgIDx0ZCBiZ2NvbG9yPSIjZmZmICIgc3R5bGU9InBhZGRpbmc6IDIwcHggMTVw

2023-12-03 20:34:37	1	CLIENT -> SERVER: eDsgY29sb3I6ICM3Nzc7IGZvbnQtc2l6ZTogMTRweDsiPgogICAgICAgICAgICAgICAgPHA+JmNv

2023-12-03 20:34:37	1	CLIENT -> SERVER: cHk7IDIwMjMgV2ViRGV2IE1heC48L3A+CiAgICAgICAgICAgICAgPC90ZD4KICAgICAgICAgICAg

2023-12-03 20:34:37	1	CLIENT -> SERVER: PC90cj4KICAgICAgICAgIDwvdGJvZHk+CiAgICAgICAgPC90YWJsZT4KICAgICAgPC90ZD4KICAg

2023-12-03 20:34:37	1	CLIENT -> SERVER: IDwvdHI+CiAgPC90Ym9keT4KPC90YWJsZT4K

2023-12-03 20:34:37	1	CLIENT -> SERVER: 

2023-12-03 20:34:37	1	CLIENT -> SERVER: .

2023-12-03 20:34:37	2	SERVER -> CLIENT: 250 2.0.0 Ok: queued on mail-nwsmtp-smtp-production-main-51.vla.yp-c.yandex.net 1701635677-bYgf1kCMlCg0-ZoSqtp0C

2023-12-03 20:34:37	1	CLIENT -> SERVER: QUIT

2023-12-03 20:34:37	2	SERVER -> CLIENT: 221 2.0.0 Closing connecton

