2023-11-18 20:26:27	2	SERVER -> CLIENT: 220 mail-nwsmtp-smtp-production-main-10.sas.yp-c.yandex.net (Want to use Yandex.Mail for your domain? Visit http://pdd.yandex.ru) 1700339186-QQubnmj5UiE0

2023-11-18 20:26:27	1	CLIENT -> SERVER: EHLO webdevmax.ru

2023-11-18 20:26:27	2	SERVER -> CLIENT: 250-mail-nwsmtp-smtp-production-main-10.sas.yp-c.yandex.net
250-8BITMIME
250-PIPELINING
250-SIZE 53477376
250-STARTTLS
250-AUTH LOGIN PLAIN XOAUTH2
250-DSN
250 ENHANCEDSTATUSCODES

2023-11-18 20:26:27	1	CLIENT -> SERVER: AUTH LOGIN

2023-11-18 20:26:27	2	SERVER -> CLIENT: 334 VXNlcm5hbWU6

2023-11-18 20:26:27	1	CLIENT -> SERVER: [credentials hidden]
2023-11-18 20:26:27	2	SERVER -> CLIENT: 334 UGFzc3dvcmQ6

2023-11-18 20:26:27	1	CLIENT -> SERVER: [credentials hidden]
2023-11-18 20:26:27	2	SERVER -> CLIENT: 235 2.7.0 Authentication successful. 1700339187-QQubnmj5UiE0

2023-11-18 20:26:27	1	CLIENT -> SERVER: MAIL FROM:<maximzavidy@yandex.ru>

2023-11-18 20:26:27	2	SERVER -> CLIENT: 250 2.1.0 <maximzavidy@yandex.ru> ok 1700339187-QQubnmj5UiE0-zpVYRazU

2023-11-18 20:26:27	1	CLIENT -> SERVER: RCPT TO:<maximzavidy@yandex.ru>

2023-11-18 20:26:27	2	SERVER -> CLIENT: 250 2.1.5 <maximzavidy@yandex.ru> recipient ok 1700339187-QQubnmj5UiE0-zpVYRazU

2023-11-18 20:26:27	1	CLIENT -> SERVER: DATA

2023-11-18 20:26:27	2	SERVER -> CLIENT: 354 Start mail input, end with <CRLF>.<CRLF>

2023-11-18 20:26:27	1	CLIENT -> SERVER: Date: Sat, 18 Nov 2023 23:26:26 +0300

2023-11-18 20:26:27	1	CLIENT -> SERVER: To: maximzavidy@yandex.ru

2023-11-18 20:26:27	1	CLIENT -> SERVER: From: "webdevmax.ru" <maximzavidy@yandex.ru>

2023-11-18 20:26:27	1	CLIENT -> SERVER: Subject: =?UTF-8?B?0KHQvtC+0LHRidC10L3QuNC1INGBINGE0L7RgNC80Ysg0L7QsdGA0LDRgtC9?=

2023-11-18 20:26:27	1	CLIENT -> SERVER:  =?UTF-8?B?0L7QuSDRgdCy0Y/Qt9C4?=

2023-11-18 20:26:27	1	CLIENT -> SERVER: Message-ID: <nVzLxkSJm81HA8ujKu1CbNuBPcmvg4mWNk6v14M@webdevmax.ru>

2023-11-18 20:26:27	1	CLIENT -> SERVER: X-Mailer: PHPMailer 6.6.0 (https://github.com/PHPMailer/PHPMailer)

2023-11-18 20:26:27	1	CLIENT -> SERVER: MIME-Version: 1.0

2023-11-18 20:26:27	1	CLIENT -> SERVER: Content-Type: text/html; charset=UTF-8

2023-11-18 20:26:27	1	CLIENT -> SERVER: Content-Transfer-Encoding: base64

2023-11-18 20:26:27	1	CLIENT -> SERVER: 

2023-11-18 20:26:27	1	CLIENT -> SERVER: PHRhYmxlIHN0eWxlPSJiYWNrZ3JvdW5kLWNvbG9yOiNmMWYxZjE7IHdpZHRoOjEwMCU7IiBhbGln

2023-11-18 20:26:27	1	CLIENT -> SERVER: bj0iY2VudGVyIiB3aWR0aD0iMTAwJSIgYm9yZGVyPSIwIiBjZWxscGFkZGluZz0iMCIgY2VsbHNw

2023-11-18 20:26:27	1	CLIENT -> SERVER: YWNpbmc9IjAiPgogIDx0Ym9keT4KICAgIDx0cj4KICAgICAgPHRkIGFsaWduPSJjZW50ZXIiIHN0

2023-11-18 20:26:27	1	CLIENT -> SERVER: eWxlPSJ2ZXJ0aWNhbC1hbGlnbjp0b3A7IHBhZGRpbmc6MzBweCAwOyB0ZXh0LWFsaWduOmNlbnRl

2023-11-18 20:26:27	1	CLIENT -> SERVER: ciI+CiAgICAgICAgPHRhYmxlIHN0eWxlPSJ0ZXh0LWFsaWduOmxlZnQ7IHdpZHRoOjY4MHB4OyBt

2023-11-18 20:26:27	1	CLIENT -> SERVER: YXJnaW46MCBhdXRvOyBmb250LXNpemU6MTRweDsgYm9yZGVyLXNwYWNpbmc6MHB4Ij4KICAgICAg

2023-11-18 20:26:27	1	CLIENT -> SERVER: ICAgIDx0Ym9keT4KICAgICAgICAgICAgPHRyPgogICAgICAgICAgICAgIDx0ZCBiZ2NvbG9yPSIj

2023-11-18 20:26:27	1	CLIENT -> SERVER: ZmZmIiBzdHlsZT0icGFkZGluZzogMTVweDsiPgogICAgICAgICAgICAgICAgPGZvbnQgY29sb3I9

2023-11-18 20:26:27	1	CLIENT -> SERVER: IiM3NzciIHN0eWxlPSJmb250LXNpemU6MThweCI+0KHQvtC+0LHRidC10L3QuNC1INGBINGE0L7R

2023-11-18 20:26:27	1	CLIENT -> SERVER: gNC80Ysg0L7QsdGA0LDRgtC90L7QuSDRgdCy0Y/Qt9C4PC9mb250PgogICAgICAgICAgICAgIDwv

2023-11-18 20:26:27	1	CLIENT -> SERVER: dGQ+CiAgICAgICAgICAgIDwvdHI+CiAgICAgICAgICAgIDx0cj4KICAgICAgICAgICAgICA8dGQg

2023-11-18 20:26:27	1	CLIENT -> SERVER: aGVpZ2h0PSIyNSI+PC90ZD4KICAgICAgICAgICAgPC90cj4KICAgICAgICAgICAgPHRyPgogICAg

2023-11-18 20:26:27	1	CLIENT -> SERVER: ICAgICAgICAgIDx0ZCBiZ2NvbG9yPSIjZmZmIiBzdHlsZT0icGFkZGluZzogMTVweDsiPgogICAg

2023-11-18 20:26:27	1	CLIENT -> SERVER: ICAgICAgICAgICAg0J/QvtC70YzQt9C+0LLQsNGC0LXQu9GMIDxiPtCS0LDQu9C10YDQuNGPPC9i

2023-11-18 20:26:27	1	CLIENT -> SERVER: PiDQvtGB0YLQsNCy0LjQuyDRgdC70LXQtNGD0Y7RidC10LUg0YHQvtC+0LHRidC10L3QuNC1Ogog

2023-11-18 20:26:27	1	CLIENT -> SERVER: ICAgICAgICAgICAgICAgPGhyPgogICAgICAgICAgICAgICAg0JvRjtCx0LvRjiDQstCw0YEuIOKA

2023-11-18 20:26:27	1	CLIENT -> SERVER: puKApuKApuKApuKApuKApuKApuKAptC80LzQvNC80LzQvNC80LzQvNC80LzQvNC80LzQvNC80LzQ

2023-11-18 20:26:27	1	CLIENT -> SERVER: vAogICAgICAgICAgICAgICAgPGhyPgogICAgICAgICAgICAgICAgRW1haWwg0L/QvtC70YzQt9C+

2023-11-18 20:26:27	1	CLIENT -> SERVER: 0LLQsNGC0LXQu9GPOiA8Yj5raWJpcmV2YS5sZXJhQG1haWwucnU8L2I+CiAgICAgICAgICAgICAg

2023-11-18 20:26:27	1	CLIENT -> SERVER: ICA8YnI+CiAgICAgICAgICAgICAgICDQlNCw0YLQsCDQvtGC0L/RgNCw0LLQutC4OiA8Yj4xOC4x

2023-11-18 20:26:27	1	CLIENT -> SERVER: MS4yMDIzIDIzOjI2PC9iPgogICAgICAgICAgICAgICAgPGJyPgogICAgICAgICAgICAgICAgCiAg

2023-11-18 20:26:27	1	CLIENT -> SERVER: ICAgICAgICAgICAgPC90ZD4KICAgICAgICAgICAgPC90cj4KICAgICAgICAgICAgPHRyPgogICAg

2023-11-18 20:26:27	1	CLIENT -> SERVER: ICAgICAgICAgIDx0ZCBoZWlnaHQ9IjI1Ij48L3RkPgogICAgICAgICAgICA8L3RyPgogICAgICAg

2023-11-18 20:26:27	1	CLIENT -> SERVER: ICAgICA8dHI+CiAgICAgICAgICAgICAgPHRkIGJnY29sb3I9IiNmZmYgIiBzdHlsZT0icGFkZGlu

2023-11-18 20:26:27	1	CLIENT -> SERVER: ZzogMjBweCAxNXB4OyBjb2xvcjogIzc3NzsgZm9udC1zaXplOiAxNHB4OyI+CiAgICAgICAgICAg

2023-11-18 20:26:27	1	CLIENT -> SERVER: ICAgICA8cD4mY29weTsgMjAyMyBXZWJEZXYgTWF4LjwvcD4KICAgICAgICAgICAgICA8L3RkPgog

2023-11-18 20:26:27	1	CLIENT -> SERVER: ICAgICAgICAgICA8L3RyPgogICAgICAgICAgPC90Ym9keT4KICAgICAgICA8L3RhYmxlPgogICAg

2023-11-18 20:26:27	1	CLIENT -> SERVER: ICA8L3RkPgogICAgPC90cj4KICA8L3Rib2R5Pgo8L3RhYmxlPgo=

2023-11-18 20:26:27	1	CLIENT -> SERVER: 

2023-11-18 20:26:27	1	CLIENT -> SERVER: .

2023-11-18 20:26:27	2	SERVER -> CLIENT: 250 2.0.0 Ok: queued on mail-nwsmtp-smtp-production-main-10.sas.yp-c.yandex.net 1700339187-QQubnmj5UiE0-zpVYRazU

2023-11-18 20:26:27	1	CLIENT -> SERVER: QUIT

2023-11-18 20:26:27	2	SERVER -> CLIENT: 221 2.0.0 Closing connecton

