2024-01-31 23:51:50	2	SERVER -> CLIENT: 220 mail-nwsmtp-smtp-production-main-91.iva.yp-c.yandex.net (Want to use Yandex.Mail for your domain? Visit http://pdd.yandex.ru) 1706745109-npkDND5OdmI0

2024-01-31 23:51:50	1	CLIENT -> SERVER: EHLO kant-design.ru

2024-01-31 23:51:50	2	SERVER -> CLIENT: 250-mail-nwsmtp-smtp-production-main-91.iva.yp-c.yandex.net
250-8BITMIME
250-PIPELINING
250-SIZE 53477376
250-STARTTLS
250-AUTH LOGIN PLAIN XOAUTH2
250-DSN
250 ENHANCEDSTATUSCODES

2024-01-31 23:51:50	1	CLIENT -> SERVER: AUTH LOGIN

2024-01-31 23:51:50	2	SERVER -> CLIENT: 334 VXNlcm5hbWU6

2024-01-31 23:51:50	1	CLIENT -> SERVER: [credentials hidden]
2024-01-31 23:51:50	2	SERVER -> CLIENT: 334 UGFzc3dvcmQ6

2024-01-31 23:51:50	1	CLIENT -> SERVER: [credentials hidden]
2024-01-31 23:51:50	2	SERVER -> CLIENT: 235 2.7.0 Authentication successful. 1706745110-npkDND5OdmI0

2024-01-31 23:51:50	1	CLIENT -> SERVER: MAIL FROM:<Sales@kantdesign.ru>

2024-01-31 23:51:50	2	SERVER -> CLIENT: 250 2.1.0 <Sales@kantdesign.ru> ok 1706745110-npkDND5OdmI0-HjKV3sWb

2024-01-31 23:51:50	1	CLIENT -> SERVER: RCPT TO:<Sales@kantdesign.ru>

2024-01-31 23:51:50	2	SERVER -> CLIENT: 250 2.1.5 <Sales@kantdesign.ru> recipient ok 1706745110-npkDND5OdmI0-HjKV3sWb

2024-01-31 23:51:50	1	CLIENT -> SERVER: DATA

2024-01-31 23:51:50	2	SERVER -> CLIENT: 354 Start mail input, end with <CRLF>.<CRLF>

2024-01-31 23:51:50	1	CLIENT -> SERVER: Date: Thu, 1 Feb 2024 02:51:49 +0300

2024-01-31 23:51:50	1	CLIENT -> SERVER: To: Sales@kantdesign.ru

2024-01-31 23:51:50	1	CLIENT -> SERVER: From: "kant-design.ru" <Sales@kantdesign.ru>

2024-01-31 23:51:50	1	CLIENT -> SERVER: Subject: =?UTF-8?B?0KHQvtC+0LHRidC10L3QuNC1INGBINGE0L7RgNC80Ysg0L7QsdGA0LDRgtC9?=

2024-01-31 23:51:50	1	CLIENT -> SERVER:  =?UTF-8?B?0L7QuSDRgdCy0Y/Qt9C4?=

2024-01-31 23:51:50	1	CLIENT -> SERVER: Message-ID: <w7UwaP84N6YHFfyPOQwXmqp9lGwFg0p6Ija4ZpVlhM@kant-design.ru>

2024-01-31 23:51:50	1	CLIENT -> SERVER: X-Mailer: PHPMailer 6.6.0 (https://github.com/PHPMailer/PHPMailer)

2024-01-31 23:51:50	1	CLIENT -> SERVER: MIME-Version: 1.0

2024-01-31 23:51:50	1	CLIENT -> SERVER: Content-Type: text/html; charset=UTF-8

2024-01-31 23:51:50	1	CLIENT -> SERVER: Content-Transfer-Encoding: base64

2024-01-31 23:51:50	1	CLIENT -> SERVER: 

2024-01-31 23:51:50	1	CLIENT -> SERVER: PHRhYmxlIHN0eWxlPSJiYWNrZ3JvdW5kLWNvbG9yOiNmMWYxZjE7IHdpZHRoOjEwMCU7IiBhbGln

2024-01-31 23:51:50	1	CLIENT -> SERVER: bj0iY2VudGVyIiB3aWR0aD0iMTAwJSIgYm9yZGVyPSIwIiBjZWxscGFkZGluZz0iMCIgY2VsbHNw

2024-01-31 23:51:50	1	CLIENT -> SERVER: YWNpbmc9IjAiPgogIDx0Ym9keT4KICAgIDx0cj4KICAgICAgPHRkIGFsaWduPSJjZW50ZXIiIHN0

2024-01-31 23:51:50	1	CLIENT -> SERVER: eWxlPSJ2ZXJ0aWNhbC1hbGlnbjp0b3A7IHBhZGRpbmc6MzBweCAwOyB0ZXh0LWFsaWduOmNlbnRl

2024-01-31 23:51:50	1	CLIENT -> SERVER: ciI+CiAgICAgICAgPHRhYmxlIHN0eWxlPSJ0ZXh0LWFsaWduOmxlZnQ7IHdpZHRoOjY4MHB4OyBt

2024-01-31 23:51:50	1	CLIENT -> SERVER: YXJnaW46MCBhdXRvOyBmb250LXNpemU6MTRweDsgYm9yZGVyLXNwYWNpbmc6MHB4Ij4KICAgICAg

2024-01-31 23:51:50	1	CLIENT -> SERVER: ICAgIDx0Ym9keT4KICAgICAgICAgICAgPHRyPgogICAgICAgICAgICAgIDx0ZCBiZ2NvbG9yPSIj

2024-01-31 23:51:50	1	CLIENT -> SERVER: ZmZmIiBzdHlsZT0icGFkZGluZzogMTVweDsiPgogICAgICAgICAgICAgICAgPGZvbnQgY29sb3I9

2024-01-31 23:51:50	1	CLIENT -> SERVER: IiM3NzciIHN0eWxlPSJmb250LXNpemU6MThweCI+0KHQvtC+0LHRidC10L3QuNC1INGBINGE0L7R

2024-01-31 23:51:50	1	CLIENT -> SERVER: gNC80Ysg0L7QsdGA0LDRgtC90L7QuSDRgdCy0Y/Qt9C4PC9mb250PgogICAgICAgICAgICAgIDwv

2024-01-31 23:51:50	1	CLIENT -> SERVER: dGQ+CiAgICAgICAgICAgIDwvdHI+CiAgICAgICAgICAgIDx0cj4KICAgICAgICAgICAgICA8dGQg

2024-01-31 23:51:50	1	CLIENT -> SERVER: aGVpZ2h0PSIyNSI+PC90ZD4KICAgICAgICAgICAgPC90cj4KICAgICAgICAgICAgPHRyPgogICAg

2024-01-31 23:51:50	1	CLIENT -> SERVER: ICAgICAgICAgIDx0ZCBiZ2NvbG9yPSIjZmZmIiBzdHlsZT0icGFkZGluZzogMTVweDsiPgogICAg

2024-01-31 23:51:50	1	CLIENT -> SERVER: ICAgICAgICAgICAg0J/QvtC70YzQt9C+0LLQsNGC0LXQu9GMIDxiPmRxd2RvW3F3amQ8L2I+INC+

2024-01-31 23:51:50	1	CLIENT -> SERVER: 0YHRgtCw0LLQuNC7INGB0LvQtdC00YPRjtGJ0LXQtSDRgdC+0L7QsdGJ0LXQvdC40LU6CiAgICAg

2024-01-31 23:51:50	1	CLIENT -> SERVER: ICAgICAgICAgICA8aHI+CiAgICAgICAgICAgICAgICBld2plZnBvZWp3CiAgICAgICAgICAgICAg

2024-01-31 23:51:50	1	CLIENT -> SERVER: ICA8aHI+CiAgICAgICAgICAgICAgICA8YnI+CiAgICAgICAgICAgICAgICDQnNC10YHRgdC10L3Q

2024-01-31 23:51:50	1	CLIENT -> SERVER: tNC20LXRgDogPGI+PC9iPgogICAgICAgICAgICAgICAgPGJyPgogICAgICAgICAgICAgICAg0KPR

2024-01-31 23:51:50	1	CLIENT -> SERVER: gdC70YPQs9CwOiA8Yj48L2I+CiAgICAgICAgICAgICAgICA8YnI+CiAgICAgICAgICAgICAgICDQ

2024-01-31 23:51:50	1	CLIENT -> SERVER: kdGA0LXQvdC00LHRg9C6INC4INGE0LjRgNC80LXQvdC90YvQuSDRgdGC0LjQu9GMOiA8Yj48L2I+

2024-01-31 23:51:50	1	CLIENT -> SERVER: CiAgICAgICAgICAgICAgICA8YnI+CiAgICAgICAgICAgICAgICDQotC10LvQtdGE0L7QvTogPGI+

2024-01-31 23:51:50	1	CLIENT -> SERVER: KzcoOTkxKTExMS0xMS0xMTwvYj4KICAgICAgICAgICAgICAgIDxicj4KICAgICAgICAgICAgICAg

2024-01-31 23:51:50	1	CLIENT -> SERVER: INCU0LDRgtCwINC+0YLQv9GA0LDQstC60Lg6IDxiPjAxLjAyLjIwMjQgMDI6NTE8L2I+CiAgICAg

2024-01-31 23:51:50	1	CLIENT -> SERVER: ICAgICAgICAgICA8YnI+CiAgICAgICAgICAgICAgICAKICAgICAgICAgICAgICA8L3RkPgogICAg

2024-01-31 23:51:50	1	CLIENT -> SERVER: ICAgICAgICA8L3RyPgogICAgICAgICAgICA8dHI+CiAgICAgICAgICAgICAgPHRkIGhlaWdodD0i

2024-01-31 23:51:50	1	CLIENT -> SERVER: MjUiPjwvdGQ+CiAgICAgICAgICAgIDwvdHI+CiAgICAgICAgICAgIDx0cj4KICAgICAgICAgICAg

2024-01-31 23:51:50	1	CLIENT -> SERVER: ICA8dGQgYmdjb2xvcj0iI2ZmZiAiIHN0eWxlPSJwYWRkaW5nOiAyMHB4IDE1cHg7IGNvbG9yOiAj

2024-01-31 23:51:50	1	CLIENT -> SERVER: Nzc3OyBmb250LXNpemU6IDE0cHg7Ij4KICAgICAgICAgICAgICAgIDxwPiZjb3B5OyAyMDI0IGth

2024-01-31 23:51:50	1	CLIENT -> SERVER: bnQtZGVzaWduLjwvcD4KICAgICAgICAgICAgICA8L3RkPgogICAgICAgICAgICA8L3RyPgogICAg

2024-01-31 23:51:50	1	CLIENT -> SERVER: ICAgICAgPC90Ym9keT4KICAgICAgICA8L3RhYmxlPgogICAgICA8L3RkPgogICAgPC90cj4KICA8

2024-01-31 23:51:50	1	CLIENT -> SERVER: L3Rib2R5Pgo8L3RhYmxlPgo=

2024-01-31 23:51:50	1	CLIENT -> SERVER: 

2024-01-31 23:51:50	1	CLIENT -> SERVER: .

2024-01-31 23:51:50	2	SERVER -> CLIENT: 250 2.0.0 Ok: queued on mail-nwsmtp-smtp-production-main-91.iva.yp-c.yandex.net 1706745110-npkDND5OdmI0-HjKV3sWb

2024-01-31 23:51:50	1	CLIENT -> SERVER: QUIT

2024-01-31 23:51:50	2	SERVER -> CLIENT: 221 2.0.0 Closing connecton

2024-01-31 23:52:21	2	SERVER -> CLIENT: 220 mail-nwsmtp-smtp-production-main-45.sas.yp-c.yandex.net (Want to use Yandex.Mail for your domain? Visit http://pdd.yandex.ru) 1706745141-Lqk2AA1McmI0

2024-01-31 23:52:21	1	CLIENT -> SERVER: EHLO kant-design.ru

2024-01-31 23:52:21	2	SERVER -> CLIENT: 250-mail-nwsmtp-smtp-production-main-45.sas.yp-c.yandex.net
250-8BITMIME
250-PIPELINING
250-SIZE 53477376
250-STARTTLS
250-AUTH LOGIN PLAIN XOAUTH2
250-DSN
250 ENHANCEDSTATUSCODES

2024-01-31 23:52:21	1	CLIENT -> SERVER: AUTH LOGIN

2024-01-31 23:52:21	2	SERVER -> CLIENT: 334 VXNlcm5hbWU6

2024-01-31 23:52:21	1	CLIENT -> SERVER: [credentials hidden]
2024-01-31 23:52:21	2	SERVER -> CLIENT: 334 UGFzc3dvcmQ6

2024-01-31 23:52:21	1	CLIENT -> SERVER: [credentials hidden]
2024-01-31 23:52:21	2	SERVER -> CLIENT: 235 2.7.0 Authentication successful. 1706745141-Lqk2AA1McmI0

2024-01-31 23:52:21	1	CLIENT -> SERVER: MAIL FROM:<Sales@kantdesign.ru>

2024-01-31 23:52:21	2	SERVER -> CLIENT: 250 2.1.0 <Sales@kantdesign.ru> ok 1706745141-Lqk2AA1McmI0-M7zmAwz8

2024-01-31 23:52:21	1	CLIENT -> SERVER: RCPT TO:<Sales@kantdesign.ru>

2024-01-31 23:52:21	2	SERVER -> CLIENT: 250 2.1.5 <Sales@kantdesign.ru> recipient ok 1706745141-Lqk2AA1McmI0-M7zmAwz8

2024-01-31 23:52:21	1	CLIENT -> SERVER: DATA

2024-01-31 23:52:21	2	SERVER -> CLIENT: 354 Start mail input, end with <CRLF>.<CRLF>

2024-01-31 23:52:21	1	CLIENT -> SERVER: Date: Thu, 1 Feb 2024 02:52:21 +0300

2024-01-31 23:52:21	1	CLIENT -> SERVER: To: Sales@kantdesign.ru

2024-01-31 23:52:21	1	CLIENT -> SERVER: From: "kant-design.ru" <Sales@kantdesign.ru>

2024-01-31 23:52:21	1	CLIENT -> SERVER: Subject: =?UTF-8?B?0KHQvtC+0LHRidC10L3QuNC1INGBINGE0L7RgNC80Ysg0L7QsdGA0LDRgtC9?=

2024-01-31 23:52:21	1	CLIENT -> SERVER:  =?UTF-8?B?0L7QuSDRgdCy0Y/Qt9C4?=

2024-01-31 23:52:21	1	CLIENT -> SERVER: Message-ID: <4Sd0WAt3QzLiaByCNK02HEXpmTzhZE2FNsHIMtDEJ8@kant-design.ru>

2024-01-31 23:52:21	1	CLIENT -> SERVER: X-Mailer: PHPMailer 6.6.0 (https://github.com/PHPMailer/PHPMailer)

2024-01-31 23:52:21	1	CLIENT -> SERVER: MIME-Version: 1.0

2024-01-31 23:52:21	1	CLIENT -> SERVER: Content-Type: text/html; charset=UTF-8

2024-01-31 23:52:21	1	CLIENT -> SERVER: Content-Transfer-Encoding: base64

2024-01-31 23:52:21	1	CLIENT -> SERVER: 

2024-01-31 23:52:21	1	CLIENT -> SERVER: PHRhYmxlIHN0eWxlPSJiYWNrZ3JvdW5kLWNvbG9yOiNmMWYxZjE7IHdpZHRoOjEwMCU7IiBhbGln

2024-01-31 23:52:21	1	CLIENT -> SERVER: bj0iY2VudGVyIiB3aWR0aD0iMTAwJSIgYm9yZGVyPSIwIiBjZWxscGFkZGluZz0iMCIgY2VsbHNw

2024-01-31 23:52:21	1	CLIENT -> SERVER: YWNpbmc9IjAiPgogIDx0Ym9keT4KICAgIDx0cj4KICAgICAgPHRkIGFsaWduPSJjZW50ZXIiIHN0

2024-01-31 23:52:21	1	CLIENT -> SERVER: eWxlPSJ2ZXJ0aWNhbC1hbGlnbjp0b3A7IHBhZGRpbmc6MzBweCAwOyB0ZXh0LWFsaWduOmNlbnRl

2024-01-31 23:52:21	1	CLIENT -> SERVER: ciI+CiAgICAgICAgPHRhYmxlIHN0eWxlPSJ0ZXh0LWFsaWduOmxlZnQ7IHdpZHRoOjY4MHB4OyBt

2024-01-31 23:52:21	1	CLIENT -> SERVER: YXJnaW46MCBhdXRvOyBmb250LXNpemU6MTRweDsgYm9yZGVyLXNwYWNpbmc6MHB4Ij4KICAgICAg

2024-01-31 23:52:21	1	CLIENT -> SERVER: ICAgIDx0Ym9keT4KICAgICAgICAgICAgPHRyPgogICAgICAgICAgICAgIDx0ZCBiZ2NvbG9yPSIj

2024-01-31 23:52:21	1	CLIENT -> SERVER: ZmZmIiBzdHlsZT0icGFkZGluZzogMTVweDsiPgogICAgICAgICAgICAgICAgPGZvbnQgY29sb3I9

2024-01-31 23:52:21	1	CLIENT -> SERVER: IiM3NzciIHN0eWxlPSJmb250LXNpemU6MThweCI+0KHQvtC+0LHRidC10L3QuNC1INGBINGE0L7R

2024-01-31 23:52:21	1	CLIENT -> SERVER: gNC80Ysg0L7QsdGA0LDRgtC90L7QuSDRgdCy0Y/Qt9C4PC9mb250PgogICAgICAgICAgICAgIDwv

2024-01-31 23:52:21	1	CLIENT -> SERVER: dGQ+CiAgICAgICAgICAgIDwvdHI+CiAgICAgICAgICAgIDx0cj4KICAgICAgICAgICAgICA8dGQg

2024-01-31 23:52:21	1	CLIENT -> SERVER: aGVpZ2h0PSIyNSI+PC90ZD4KICAgICAgICAgICAgPC90cj4KICAgICAgICAgICAgPHRyPgogICAg

2024-01-31 23:52:21	1	CLIENT -> SERVER: ICAgICAgICAgIDx0ZCBiZ2NvbG9yPSIjZmZmIiBzdHlsZT0icGFkZGluZzogMTVweDsiPgogICAg

2024-01-31 23:52:21	1	CLIENT -> SERVER: ICAgICAgICAgICAg0J/QvtC70YzQt9C+0LLQsNGC0LXQu9GMIDxiPtCQ0YDRgtC10Lwg0J7QvNC1

2024-01-31 23:52:21	1	CLIENT -> SERVER: 0LvRjNGH0YPQujwvYj4g0L7RgdGC0LDQstC40Lsg0YHQu9C10LTRg9GO0YnQtdC1INGB0L7QvtCx

2024-01-31 23:52:21	1	CLIENT -> SERVER: 0YnQtdC90LjQtToKICAgICAgICAgICAgICAgIDxocj4KICAgICAgICAgICAgICAgIAogICAgICAg

2024-01-31 23:52:21	1	CLIENT -> SERVER: ICAgICAgICAgPGhyPgogICAgICAgICAgICAgICAgPGJyPgogICAgICAgICAgICAgICAg0JzQtdGB

2024-01-31 23:52:21	1	CLIENT -> SERVER: 0YHQtdC90LTQttC10YA6IDxiPlRlbGVncmFtIFdoYXRTYXBwIFZpYmVyIFZpYmVyIFdoYXRTYXBw

2024-01-31 23:52:21	1	CLIENT -> SERVER: IFdoYXRTYXBwIFdoYXRTYXBwIFZpYmVyIFZpYmVyIFRlbGVncmFtIFRlbGVncmFtIDwvYj4KICAg

2024-01-31 23:52:21	1	CLIENT -> SERVER: ICAgICAgICAgICAgIDxicj4KICAgICAgICAgICAgICAgINCj0YHQu9GD0LPQsDogPGI+0KHQvtC3

2024-01-31 23:52:21	1	CLIENT -> SERVER: 0LTQsNC90LjQtSDQu9C+0LPQvtGC0LjQv9CwPC9iPgogICAgICAgICAgICAgICAgPGJyPgogICAg

2024-01-31 23:52:21	1	CLIENT -> SERVER: ICAgICAgICAgICAg0JHRgNC10L3QtNCx0YPQuiDQuCDRhNC40YDQvNC10L3QvdGL0Lkg0YHRgtC4

2024-01-31 23:52:21	1	CLIENT -> SERVER: 0LvRjDogPGI+0J3QtdGCPC9iPgogICAgICAgICAgICAgICAgPGJyPgogICAgICAgICAgICAgICAg

2024-01-31 23:52:21	1	CLIENT -> SERVER: 0KLQtdC70LXRhNC+0L06IDxiPis3KDkxNSkyMjAtMjItOTg8L2I+CiAgICAgICAgICAgICAgICA8

2024-01-31 23:52:21	1	CLIENT -> SERVER: YnI+CiAgICAgICAgICAgICAgICDQlNCw0YLQsCDQvtGC0L/RgNCw0LLQutC4OiA8Yj4wMS4wMi4y

2024-01-31 23:52:21	1	CLIENT -> SERVER: MDI0IDAyOjUyPC9iPgogICAgICAgICAgICAgICAgPGJyPgogICAgICAgICAgICAgICAgCiAgICAg

2024-01-31 23:52:21	1	CLIENT -> SERVER: ICAgICAgICAgPC90ZD4KICAgICAgICAgICAgPC90cj4KICAgICAgICAgICAgPHRyPgogICAgICAg

2024-01-31 23:52:21	1	CLIENT -> SERVER: ICAgICAgIDx0ZCBoZWlnaHQ9IjI1Ij48L3RkPgogICAgICAgICAgICA8L3RyPgogICAgICAgICAg

2024-01-31 23:52:21	1	CLIENT -> SERVER: ICA8dHI+CiAgICAgICAgICAgICAgPHRkIGJnY29sb3I9IiNmZmYgIiBzdHlsZT0icGFkZGluZzog

2024-01-31 23:52:21	1	CLIENT -> SERVER: MjBweCAxNXB4OyBjb2xvcjogIzc3NzsgZm9udC1zaXplOiAxNHB4OyI+CiAgICAgICAgICAgICAg

2024-01-31 23:52:21	1	CLIENT -> SERVER: ICA8cD4mY29weTsgMjAyNCBrYW50LWRlc2lnbi48L3A+CiAgICAgICAgICAgICAgPC90ZD4KICAg

2024-01-31 23:52:21	1	CLIENT -> SERVER: ICAgICAgICAgPC90cj4KICAgICAgICAgIDwvdGJvZHk+CiAgICAgICAgPC90YWJsZT4KICAgICAg

2024-01-31 23:52:21	1	CLIENT -> SERVER: PC90ZD4KICAgIDwvdHI+CiAgPC90Ym9keT4KPC90YWJsZT4K

2024-01-31 23:52:21	1	CLIENT -> SERVER: 

2024-01-31 23:52:21	1	CLIENT -> SERVER: .

2024-01-31 23:52:22	2	SERVER -> CLIENT: 250 2.0.0 Ok: queued on mail-nwsmtp-smtp-production-main-45.sas.yp-c.yandex.net 1706745142-Lqk2AA1McmI0-M7zmAwz8

2024-01-31 23:52:22	1	CLIENT -> SERVER: QUIT

2024-01-31 23:52:22	2	SERVER -> CLIENT: 221 2.0.0 Closing connecton

2024-02-01 09:54:25	2	SERVER -> CLIENT: 220 mail-nwsmtp-smtp-production-main-68.vla.yp-c.yandex.net (Want to use Yandex.Mail for your domain? Visit http://pdd.yandex.ru) 1706781265-PsX2IH8LkGk0

2024-02-01 09:54:25	1	CLIENT -> SERVER: EHLO kant-design.ru

2024-02-01 09:54:25	2	SERVER -> CLIENT: 250-mail-nwsmtp-smtp-production-main-68.vla.yp-c.yandex.net
250-8BITMIME
250-PIPELINING
250-SIZE 53477376
250-STARTTLS
250-AUTH LOGIN PLAIN XOAUTH2
250-DSN
250 ENHANCEDSTATUSCODES

2024-02-01 09:54:25	1	CLIENT -> SERVER: AUTH LOGIN

2024-02-01 09:54:25	2	SERVER -> CLIENT: 334 VXNlcm5hbWU6

2024-02-01 09:54:25	1	CLIENT -> SERVER: [credentials hidden]
2024-02-01 09:54:25	2	SERVER -> CLIENT: 334 UGFzc3dvcmQ6

2024-02-01 09:54:25	1	CLIENT -> SERVER: [credentials hidden]
2024-02-01 09:54:25	2	SERVER -> CLIENT: 235 2.7.0 Authentication successful. 1706781265-PsX2IH8LkGk0

2024-02-01 09:54:25	1	CLIENT -> SERVER: MAIL FROM:<Sales@kantdesign.ru>

2024-02-01 09:54:25	2	SERVER -> CLIENT: 250 2.1.0 <Sales@kantdesign.ru> ok 1706781265-PsX2IH8LkGk0-qVy7aKPj

2024-02-01 09:54:25	1	CLIENT -> SERVER: RCPT TO:<Sales@kantdesign.ru>

2024-02-01 09:54:25	2	SERVER -> CLIENT: 250 2.1.5 <Sales@kantdesign.ru> recipient ok 1706781265-PsX2IH8LkGk0-qVy7aKPj

2024-02-01 09:54:25	1	CLIENT -> SERVER: DATA

2024-02-01 09:54:25	2	SERVER -> CLIENT: 354 Start mail input, end with <CRLF>.<CRLF>

2024-02-01 09:54:25	1	CLIENT -> SERVER: Date: Thu, 1 Feb 2024 12:54:25 +0300

2024-02-01 09:54:25	1	CLIENT -> SERVER: To: Sales@kantdesign.ru

2024-02-01 09:54:25	1	CLIENT -> SERVER: From: "kant-design.ru" <Sales@kantdesign.ru>

2024-02-01 09:54:25	1	CLIENT -> SERVER: Subject: =?UTF-8?B?0KHQvtC+0LHRidC10L3QuNC1INGBINGE0L7RgNC80Ysg0L7QsdGA0LDRgtC9?=

2024-02-01 09:54:25	1	CLIENT -> SERVER:  =?UTF-8?B?0L7QuSDRgdCy0Y/Qt9C4?=

2024-02-01 09:54:25	1	CLIENT -> SERVER: Message-ID: <xKaq0kOiskpevpQC5Sw88ij2vEhcBciPRLB6XxIt8@kant-design.ru>

2024-02-01 09:54:25	1	CLIENT -> SERVER: X-Mailer: PHPMailer 6.6.0 (https://github.com/PHPMailer/PHPMailer)

2024-02-01 09:54:25	1	CLIENT -> SERVER: MIME-Version: 1.0

2024-02-01 09:54:25	1	CLIENT -> SERVER: Content-Type: text/html; charset=UTF-8

2024-02-01 09:54:25	1	CLIENT -> SERVER: Content-Transfer-Encoding: base64

2024-02-01 09:54:25	1	CLIENT -> SERVER: 

2024-02-01 09:54:25	1	CLIENT -> SERVER: PHRhYmxlIHN0eWxlPSJiYWNrZ3JvdW5kLWNvbG9yOiNmMWYxZjE7IHdpZHRoOjEwMCU7IiBhbGln

2024-02-01 09:54:25	1	CLIENT -> SERVER: bj0iY2VudGVyIiB3aWR0aD0iMTAwJSIgYm9yZGVyPSIwIiBjZWxscGFkZGluZz0iMCIgY2VsbHNw

2024-02-01 09:54:25	1	CLIENT -> SERVER: YWNpbmc9IjAiPgogIDx0Ym9keT4KICAgIDx0cj4KICAgICAgPHRkIGFsaWduPSJjZW50ZXIiIHN0

2024-02-01 09:54:25	1	CLIENT -> SERVER: eWxlPSJ2ZXJ0aWNhbC1hbGlnbjp0b3A7IHBhZGRpbmc6MzBweCAwOyB0ZXh0LWFsaWduOmNlbnRl

2024-02-01 09:54:25	1	CLIENT -> SERVER: ciI+CiAgICAgICAgPHRhYmxlIHN0eWxlPSJ0ZXh0LWFsaWduOmxlZnQ7IHdpZHRoOjY4MHB4OyBt

2024-02-01 09:54:25	1	CLIENT -> SERVER: YXJnaW46MCBhdXRvOyBmb250LXNpemU6MTRweDsgYm9yZGVyLXNwYWNpbmc6MHB4Ij4KICAgICAg

2024-02-01 09:54:25	1	CLIENT -> SERVER: ICAgIDx0Ym9keT4KICAgICAgICAgICAgPHRyPgogICAgICAgICAgICAgIDx0ZCBiZ2NvbG9yPSIj

2024-02-01 09:54:25	1	CLIENT -> SERVER: ZmZmIiBzdHlsZT0icGFkZGluZzogMTVweDsiPgogICAgICAgICAgICAgICAgPGZvbnQgY29sb3I9

2024-02-01 09:54:25	1	CLIENT -> SERVER: IiM3NzciIHN0eWxlPSJmb250LXNpemU6MThweCI+0KHQvtC+0LHRidC10L3QuNC1INGBINGE0L7R

2024-02-01 09:54:25	1	CLIENT -> SERVER: gNC80Ysg0L7QsdGA0LDRgtC90L7QuSDRgdCy0Y/Qt9C4PC9mb250PgogICAgICAgICAgICAgIDwv

2024-02-01 09:54:25	1	CLIENT -> SERVER: dGQ+CiAgICAgICAgICAgIDwvdHI+CiAgICAgICAgICAgIDx0cj4KICAgICAgICAgICAgICA8dGQg

2024-02-01 09:54:25	1	CLIENT -> SERVER: aGVpZ2h0PSIyNSI+PC90ZD4KICAgICAgICAgICAgPC90cj4KICAgICAgICAgICAgPHRyPgogICAg

2024-02-01 09:54:25	1	CLIENT -> SERVER: ICAgICAgICAgIDx0ZCBiZ2NvbG9yPSIjZmZmIiBzdHlsZT0icGFkZGluZzogMTVweDsiPgogICAg

2024-02-01 09:54:25	1	CLIENT -> SERVER: ICAgICAgICAgICAg0J/QvtC70YzQt9C+0LLQsNGC0LXQu9GMIDxiPtCc0LDQstC70LjRhdCw0L3Q

2024-02-01 09:54:25	1	CLIENT -> SERVER: vtCyINCg0LDRhNCw0Y3Qu9GMINCQ0LfQsNC80LDRgtC+0LLQuNGHPC9iPiDQvtGB0YLQsNCy0LjQ

2024-02-01 09:54:25	1	CLIENT -> SERVER: uyDRgdC70LXQtNGD0Y7RidC10LUg0YHQvtC+0LHRidC10L3QuNC1OgogICAgICAgICAgICAgICAg

2024-02-01 09:54:25	1	CLIENT -> SERVER: PGhyPgogICAgICAgICAgICAgICAg0J3Rg9C20LXQvSDQu9C+0LPQvtGC0LjQvyArINGE0LjRgNC8

2024-02-01 09:54:25	1	CLIENT -> SERVER: 0LXQvdC90YvQuSDRgdGC0LjQu9GMID0g0YPQv9Cw0LrQvtCy0LDRgtGMINCy0YHRkSDQsiDQv9GA

2024-02-01 09:54:25	1	CLIENT -> SERVER: 0LXQt9C10L3RgtCw0YbQuNC4LiDQldGB0YLRjCDQvdCw0YDQsNCx0L7RgtC60LAsINC60L7RgtC+

2024-02-01 09:54:25	1	CLIENT -> SERVER: 0YDRg9GOINGB0LTQtdC70LDQu9C4INGB0LDQvNC4LCDQvdGD0LbQvdC+INC10ZEg0LrQsNGH0LXR

2024-02-01 09:54:25	1	CLIENT -> SERVER: gdGC0LLQtdC90L3QviDQvtGC0YDQuNGB0L7QstCw0YLRjCwg0LzQvtC20L3QviDQuNC30LzQtdC9

2024-02-01 09:54:25	1	CLIENT -> SERVER: 0LjRgtGMINGG0LLQtdGC0LAsINGI0YDQuNGE0YIsINCz0LvQsNCy0L3QvtC1INGB0L7RhdGA0LDQ

2024-02-01 09:54:25	1	CLIENT -> SERVER: vdC40YLRjCDQuNC00LXRji4gCiAgICAgICAgICAgICAgICA8aHI+CiAgICAgICAgICAgICAgICA8

2024-02-01 09:54:25	1	CLIENT -> SERVER: YnI+CiAgICAgICAgICAgICAgICDQnNC10YHRgdC10L3QtNC20LXRgDogPGI+V2hhdFNhcHA8L2I+

2024-02-01 09:54:25	1	CLIENT -> SERVER: CiAgICAgICAgICAgICAgICA8YnI+CiAgICAgICAgICAgICAgICDQo9GB0LvRg9Cz0LA6IDxiPtCk

2024-02-01 09:54:25	1	CLIENT -> SERVER: 0LjRgNC80LXQvdC90YvQuSDRgdGC0LjQu9GMPC9iPgogICAgICAgICAgICAgICAgPGJyPgogICAg

2024-02-01 09:54:25	1	CLIENT -> SERVER: ICAgICAgICAgICAg0JHRgNC10L3QtNCx0YPQuiDQuCDRhNC40YDQvNC10L3QvdGL0Lkg0YHRgtC4

2024-02-01 09:54:25	1	CLIENT -> SERVER: 0LvRjDogPGI+0J3QtdGCPC9iPgogICAgICAgICAgICAgICAgPGJyPgogICAgICAgICAgICAgICAg

2024-02-01 09:54:25	1	CLIENT -> SERVER: 0KLQtdC70LXRhNC+0L06IDxiPis3KDk5NikxMDEtODAtNTg8L2I+CiAgICAgICAgICAgICAgICA8

2024-02-01 09:54:25	1	CLIENT -> SERVER: YnI+CiAgICAgICAgICAgICAgICDQlNCw0YLQsCDQvtGC0L/RgNCw0LLQutC4OiA8Yj4wMS4wMi4y

2024-02-01 09:54:25	1	CLIENT -> SERVER: MDI0IDEyOjU0PC9iPgogICAgICAgICAgICAgICAgPGJyPgogICAgICAgICAgICAgICAg0KTQsNC5

2024-02-01 09:54:25	1	CLIENT -> SERVER: 0LvRiywg0L/RgNC40LrRgNC10L/Qu9GR0L3QvdGL0LUg0Log0YTQvtGA0LzQtTo8dWw+PGxpPjxh

2024-02-01 09:54:25	1	CLIENT -> SERVER: IGhyZWY9Imh0dHBzOi8va2FudC1kZXNpZ24ucnUvL2ZlZWRiYWNrL3VwbG9hZHMvV0Z6RHZ2SjNV

2024-02-01 09:54:25	1	CLIENT -> SERVER: TlFfNjViYjZhNTFhYjU5Mi5qcGciPldGekR2dkozVU5RXzY1YmI2YTUxYWI1OTIuanBnPC9hPjwv

2024-02-01 09:54:25	1	CLIENT -> SERVER: bGk+PGxpPjxhIGhyZWY9Imh0dHBzOi8va2FudC1kZXNpZ24ucnUvL2ZlZWRiYWNrL3VwbG9hZHMv

2024-02-01 09:54:25	1	CLIENT -> SERVER: 0KHQvdC40LzQvtC6INGN0LrRgNCw0L3QsCAyMDI0LTAyLTAxINCyIDE0LjU0LjE5XzY1YmI2YTUx

2024-02-01 09:54:25	1	CLIENT -> SERVER: YWJhNTQucG5nIj7QodC90LjQvNC+0Log0Y3QutGA0LDQvdCwIDIwMjQtMDItMDEg0LIgMTQuNTQu

2024-02-01 09:54:25	1	CLIENT -> SERVER: MTlfNjViYjZhNTFhYmE1NC5wbmc8L2E+PC9saT48L3VsPgogICAgICAgICAgICAgIDwvdGQ+CiAg

2024-02-01 09:54:25	1	CLIENT -> SERVER: ICAgICAgICAgIDwvdHI+CiAgICAgICAgICAgIDx0cj4KICAgICAgICAgICAgICA8dGQgaGVpZ2h0

2024-02-01 09:54:25	1	CLIENT -> SERVER: PSIyNSI+PC90ZD4KICAgICAgICAgICAgPC90cj4KICAgICAgICAgICAgPHRyPgogICAgICAgICAg

2024-02-01 09:54:25	1	CLIENT -> SERVER: ICAgIDx0ZCBiZ2NvbG9yPSIjZmZmICIgc3R5bGU9InBhZGRpbmc6IDIwcHggMTVweDsgY29sb3I6

2024-02-01 09:54:25	1	CLIENT -> SERVER: ICM3Nzc7IGZvbnQtc2l6ZTogMTRweDsiPgogICAgICAgICAgICAgICAgPHA+JmNvcHk7IDIwMjQg

2024-02-01 09:54:25	1	CLIENT -> SERVER: a2FudC1kZXNpZ24uPC9wPgogICAgICAgICAgICAgIDwvdGQ+CiAgICAgICAgICAgIDwvdHI+CiAg

2024-02-01 09:54:25	1	CLIENT -> SERVER: ICAgICAgICA8L3Rib2R5PgogICAgICAgIDwvdGFibGU+CiAgICAgIDwvdGQ+CiAgICA8L3RyPgog

2024-02-01 09:54:25	1	CLIENT -> SERVER: IDwvdGJvZHk+CjwvdGFibGU+Cg==

2024-02-01 09:54:25	1	CLIENT -> SERVER: 

2024-02-01 09:54:25	1	CLIENT -> SERVER: .

2024-02-01 09:54:26	2	SERVER -> CLIENT: 250 2.0.0 Ok: queued on mail-nwsmtp-smtp-production-main-68.vla.yp-c.yandex.net 1706781266-PsX2IH8LkGk0-qVy7aKPj

2024-02-01 09:54:26	1	CLIENT -> SERVER: QUIT

2024-02-01 09:54:26	2	SERVER -> CLIENT: 221 2.0.0 Closing connecton

2024-02-01 14:12:29	2	SERVER -> CLIENT: 220 mail-nwsmtp-smtp-production-main-57.myt.yp-c.yandex.net (Want to use Yandex.Mail for your domain? Visit http://pdd.yandex.ru) 1706796749-TCcPw3FOmuQ0

2024-02-01 14:12:29	1	CLIENT -> SERVER: EHLO kant-design.ru

2024-02-01 14:12:29	2	SERVER -> CLIENT: 250-mail-nwsmtp-smtp-production-main-57.myt.yp-c.yandex.net
250-8BITMIME
250-PIPELINING
250-SIZE 53477376
250-STARTTLS
250-AUTH LOGIN PLAIN XOAUTH2
250-DSN
250 ENHANCEDSTATUSCODES

2024-02-01 14:12:29	1	CLIENT -> SERVER: AUTH LOGIN

2024-02-01 14:12:29	2	SERVER -> CLIENT: 334 VXNlcm5hbWU6

2024-02-01 14:12:29	1	CLIENT -> SERVER: [credentials hidden]
2024-02-01 14:12:29	2	SERVER -> CLIENT: 334 UGFzc3dvcmQ6

2024-02-01 14:12:29	1	CLIENT -> SERVER: [credentials hidden]
2024-02-01 14:12:29	2	SERVER -> CLIENT: 235 2.7.0 Authentication successful. 1706796749-TCcPw3FOmuQ0

2024-02-01 14:12:29	1	CLIENT -> SERVER: MAIL FROM:<Sales@kantdesign.ru>

2024-02-01 14:12:29	2	SERVER -> CLIENT: 250 2.1.0 <Sales@kantdesign.ru> ok 1706796749-TCcPw3FOmuQ0-lLAu9tKX

2024-02-01 14:12:29	1	CLIENT -> SERVER: RCPT TO:<Sales@kantdesign.ru>

2024-02-01 14:12:30	2	SERVER -> CLIENT: 250 2.1.5 <Sales@kantdesign.ru> recipient ok 1706796750-TCcPw3FOmuQ0-lLAu9tKX

2024-02-01 14:12:30	1	CLIENT -> SERVER: DATA

2024-02-01 14:12:30	2	SERVER -> CLIENT: 354 Start mail input, end with <CRLF>.<CRLF>

2024-02-01 14:12:30	1	CLIENT -> SERVER: Date: Thu, 1 Feb 2024 17:12:29 +0300

2024-02-01 14:12:30	1	CLIENT -> SERVER: To: Sales@kantdesign.ru

2024-02-01 14:12:30	1	CLIENT -> SERVER: From: "kant-design.ru" <Sales@kantdesign.ru>

2024-02-01 14:12:30	1	CLIENT -> SERVER: Subject: =?UTF-8?B?0KHQvtC+0LHRidC10L3QuNC1INGBINGE0L7RgNC80Ysg0L7QsdGA0LDRgtC9?=

2024-02-01 14:12:30	1	CLIENT -> SERVER:  =?UTF-8?B?0L7QuSDRgdCy0Y/Qt9C4?=

2024-02-01 14:12:30	1	CLIENT -> SERVER: Message-ID: <QiBQPQ76giL0PATHCnvsbqmdqlTOHinqDwvW3pJ0QQ@kant-design.ru>

2024-02-01 14:12:30	1	CLIENT -> SERVER: X-Mailer: PHPMailer 6.6.0 (https://github.com/PHPMailer/PHPMailer)

2024-02-01 14:12:30	1	CLIENT -> SERVER: MIME-Version: 1.0

2024-02-01 14:12:30	1	CLIENT -> SERVER: Content-Type: text/html; charset=UTF-8

2024-02-01 14:12:30	1	CLIENT -> SERVER: Content-Transfer-Encoding: base64

2024-02-01 14:12:30	1	CLIENT -> SERVER: 

2024-02-01 14:12:30	1	CLIENT -> SERVER: PHRhYmxlIHN0eWxlPSJiYWNrZ3JvdW5kLWNvbG9yOiNmMWYxZjE7IHdpZHRoOjEwMCU7IiBhbGln

2024-02-01 14:12:30	1	CLIENT -> SERVER: bj0iY2VudGVyIiB3aWR0aD0iMTAwJSIgYm9yZGVyPSIwIiBjZWxscGFkZGluZz0iMCIgY2VsbHNw

2024-02-01 14:12:30	1	CLIENT -> SERVER: YWNpbmc9IjAiPgogIDx0Ym9keT4KICAgIDx0cj4KICAgICAgPHRkIGFsaWduPSJjZW50ZXIiIHN0

2024-02-01 14:12:30	1	CLIENT -> SERVER: eWxlPSJ2ZXJ0aWNhbC1hbGlnbjp0b3A7IHBhZGRpbmc6MzBweCAwOyB0ZXh0LWFsaWduOmNlbnRl

2024-02-01 14:12:30	1	CLIENT -> SERVER: ciI+CiAgICAgICAgPHRhYmxlIHN0eWxlPSJ0ZXh0LWFsaWduOmxlZnQ7IHdpZHRoOjY4MHB4OyBt

2024-02-01 14:12:30	1	CLIENT -> SERVER: YXJnaW46MCBhdXRvOyBmb250LXNpemU6MTRweDsgYm9yZGVyLXNwYWNpbmc6MHB4Ij4KICAgICAg

2024-02-01 14:12:30	1	CLIENT -> SERVER: ICAgIDx0Ym9keT4KICAgICAgICAgICAgPHRyPgogICAgICAgICAgICAgIDx0ZCBiZ2NvbG9yPSIj

2024-02-01 14:12:30	1	CLIENT -> SERVER: ZmZmIiBzdHlsZT0icGFkZGluZzogMTVweDsiPgogICAgICAgICAgICAgICAgPGZvbnQgY29sb3I9

2024-02-01 14:12:30	1	CLIENT -> SERVER: IiM3NzciIHN0eWxlPSJmb250LXNpemU6MThweCI+0KHQvtC+0LHRidC10L3QuNC1INGBINGE0L7R

2024-02-01 14:12:30	1	CLIENT -> SERVER: gNC80Ysg0L7QsdGA0LDRgtC90L7QuSDRgdCy0Y/Qt9C4PC9mb250PgogICAgICAgICAgICAgIDwv

2024-02-01 14:12:30	1	CLIENT -> SERVER: dGQ+CiAgICAgICAgICAgIDwvdHI+CiAgICAgICAgICAgIDx0cj4KICAgICAgICAgICAgICA8dGQg

2024-02-01 14:12:30	1	CLIENT -> SERVER: aGVpZ2h0PSIyNSI+PC90ZD4KICAgICAgICAgICAgPC90cj4KICAgICAgICAgICAgPHRyPgogICAg

2024-02-01 14:12:30	1	CLIENT -> SERVER: ICAgICAgICAgIDx0ZCBiZ2NvbG9yPSIjZmZmIiBzdHlsZT0icGFkZGluZzogMTVweDsiPgogICAg

2024-02-01 14:12:30	1	CLIENT -> SERVER: ICAgICAgICAgICAg0J/QvtC70YzQt9C+0LLQsNGC0LXQu9GMIDxiPtCn0LXQutC40L0g0JDQvdC0

2024-02-01 14:12:30	1	CLIENT -> SERVER: 0YDQtdC5INCd0LjQutC+0LvQsNC10LLQuNGHPC9iPiDQvtGB0YLQsNCy0LjQuyDRgdC70LXQtNGD

2024-02-01 14:12:30	1	CLIENT -> SERVER: 0Y7RidC10LUg0YHQvtC+0LHRidC10L3QuNC1OgogICAgICAgICAgICAgICAgPGhyPgogICAgICAg

2024-02-01 14:12:30	1	CLIENT -> SERVER: ICAgICAgICAgCiAgICAgICAgICAgICAgICA8aHI+CiAgICAgICAgICAgICAgICA8YnI+CiAgICAg

2024-02-01 14:12:30	1	CLIENT -> SERVER: ICAgICAgICAgICDQnNC10YHRgdC10L3QtNC20LXRgDogPGI+VGVsZWdyYW08L2I+CiAgICAgICAg

2024-02-01 14:12:30	1	CLIENT -> SERVER: ICAgICAgICA8YnI+CiAgICAgICAgICAgICAgICDQo9GB0LvRg9Cz0LA6IDxiPtCk0LjRgNC80LXQ

2024-02-01 14:12:30	1	CLIENT -> SERVER: vdC90YvQuSDRgdGC0LjQu9GMPC9iPgogICAgICAgICAgICAgICAgPGJyPgogICAgICAgICAgICAg

2024-02-01 14:12:30	1	CLIENT -> SERVER: ICAg0JHRgNC10L3QtNCx0YPQuiDQuCDRhNC40YDQvNC10L3QvdGL0Lkg0YHRgtC40LvRjDogPGI+

2024-02-01 14:12:30	1	CLIENT -> SERVER: 0JTQsDwvYj4KICAgICAgICAgICAgICAgIDxicj4KICAgICAgICAgICAgICAgINCi0LXQu9C10YTQ

2024-02-01 14:12:30	1	CLIENT -> SERVER: vtC9OiA8Yj4rNyg5OTkpMjU1LTg5LTUxPC9iPgogICAgICAgICAgICAgICAgPGJyPgogICAgICAg

2024-02-01 14:12:30	1	CLIENT -> SERVER: ICAgICAgICAg0JTQsNGC0LAg0L7RgtC/0YDQsNCy0LrQuDogPGI+MDEuMDIuMjAyNCAxNzoxMjwv

2024-02-01 14:12:30	1	CLIENT -> SERVER: Yj4KICAgICAgICAgICAgICAgIDxicj4KICAgICAgICAgICAgICAgIAogICAgICAgICAgICAgIDwv

2024-02-01 14:12:30	1	CLIENT -> SERVER: dGQ+CiAgICAgICAgICAgIDwvdHI+CiAgICAgICAgICAgIDx0cj4KICAgICAgICAgICAgICA8dGQg

2024-02-01 14:12:30	1	CLIENT -> SERVER: aGVpZ2h0PSIyNSI+PC90ZD4KICAgICAgICAgICAgPC90cj4KICAgICAgICAgICAgPHRyPgogICAg

2024-02-01 14:12:30	1	CLIENT -> SERVER: ICAgICAgICAgIDx0ZCBiZ2NvbG9yPSIjZmZmICIgc3R5bGU9InBhZGRpbmc6IDIwcHggMTVweDsg

2024-02-01 14:12:30	1	CLIENT -> SERVER: Y29sb3I6ICM3Nzc7IGZvbnQtc2l6ZTogMTRweDsiPgogICAgICAgICAgICAgICAgPHA+JmNvcHk7

2024-02-01 14:12:30	1	CLIENT -> SERVER: IDIwMjQga2FudC1kZXNpZ24uPC9wPgogICAgICAgICAgICAgIDwvdGQ+CiAgICAgICAgICAgIDwv

2024-02-01 14:12:30	1	CLIENT -> SERVER: dHI+CiAgICAgICAgICA8L3Rib2R5PgogICAgICAgIDwvdGFibGU+CiAgICAgIDwvdGQ+CiAgICA8

2024-02-01 14:12:30	1	CLIENT -> SERVER: L3RyPgogIDwvdGJvZHk+CjwvdGFibGU+Cg==

2024-02-01 14:12:30	1	CLIENT -> SERVER: 

2024-02-01 14:12:30	1	CLIENT -> SERVER: .

2024-02-01 14:12:30	2	SERVER -> CLIENT: 250 2.0.0 Ok: queued on mail-nwsmtp-smtp-production-main-57.myt.yp-c.yandex.net 1706796750-TCcPw3FOmuQ0-lLAu9tKX

2024-02-01 14:12:30	1	CLIENT -> SERVER: QUIT

2024-02-01 14:12:30	2	SERVER -> CLIENT: 221 2.0.0 Closing connecton

2024-02-01 14:40:37	2	SERVER -> CLIENT: 220 mail-nwsmtp-smtp-production-main-81.myt.yp-c.yandex.net (Want to use Yandex.Mail for your domain? Visit http://pdd.yandex.ru) 1706798437-becE2PFOgCg0

2024-02-01 14:40:37	1	CLIENT -> SERVER: EHLO kant-design.ru

2024-02-01 14:40:37	2	SERVER -> CLIENT: 250-mail-nwsmtp-smtp-production-main-81.myt.yp-c.yandex.net
250-8BITMIME
250-PIPELINING
250-SIZE 53477376
250-STARTTLS
250-AUTH LOGIN PLAIN XOAUTH2
250-DSN
250 ENHANCEDSTATUSCODES

2024-02-01 14:40:37	1	CLIENT -> SERVER: AUTH LOGIN

2024-02-01 14:40:37	2	SERVER -> CLIENT: 334 VXNlcm5hbWU6

2024-02-01 14:40:37	1	CLIENT -> SERVER: [credentials hidden]
2024-02-01 14:40:37	2	SERVER -> CLIENT: 334 UGFzc3dvcmQ6

2024-02-01 14:40:37	1	CLIENT -> SERVER: [credentials hidden]
2024-02-01 14:40:37	2	SERVER -> CLIENT: 235 2.7.0 Authentication successful. 1706798437-becE2PFOgCg0

2024-02-01 14:40:37	1	CLIENT -> SERVER: MAIL FROM:<Sales@kantdesign.ru>

2024-02-01 14:40:37	2	SERVER -> CLIENT: 250 2.1.0 <Sales@kantdesign.ru> ok 1706798437-becE2PFOgCg0-7O0yUrWj

2024-02-01 14:40:37	1	CLIENT -> SERVER: RCPT TO:<Sales@kantdesign.ru>

2024-02-01 14:40:37	2	SERVER -> CLIENT: 250 2.1.5 <Sales@kantdesign.ru> recipient ok 1706798437-becE2PFOgCg0-7O0yUrWj

2024-02-01 14:40:37	1	CLIENT -> SERVER: DATA

2024-02-01 14:40:37	2	SERVER -> CLIENT: 354 Start mail input, end with <CRLF>.<CRLF>

2024-02-01 14:40:37	1	CLIENT -> SERVER: Date: Thu, 1 Feb 2024 17:40:37 +0300

2024-02-01 14:40:37	1	CLIENT -> SERVER: To: Sales@kantdesign.ru

2024-02-01 14:40:37	1	CLIENT -> SERVER: From: "kant-design.ru" <Sales@kantdesign.ru>

2024-02-01 14:40:37	1	CLIENT -> SERVER: Subject: =?UTF-8?B?0KHQvtC+0LHRidC10L3QuNC1INGBINGE0L7RgNC80Ysg0L7QsdGA0LDRgtC9?=

2024-02-01 14:40:37	1	CLIENT -> SERVER:  =?UTF-8?B?0L7QuSDRgdCy0Y/Qt9C4?=

2024-02-01 14:40:37	1	CLIENT -> SERVER: Message-ID: <1abDw6A9Wu8Xf30OV4iZIaQmmNmgWXMqBtlA36xBGc@kant-design.ru>

2024-02-01 14:40:37	1	CLIENT -> SERVER: X-Mailer: PHPMailer 6.6.0 (https://github.com/PHPMailer/PHPMailer)

2024-02-01 14:40:37	1	CLIENT -> SERVER: MIME-Version: 1.0

2024-02-01 14:40:37	1	CLIENT -> SERVER: Content-Type: text/html; charset=UTF-8

2024-02-01 14:40:37	1	CLIENT -> SERVER: Content-Transfer-Encoding: base64

2024-02-01 14:40:37	1	CLIENT -> SERVER: 

2024-02-01 14:40:37	1	CLIENT -> SERVER: PHRhYmxlIHN0eWxlPSJiYWNrZ3JvdW5kLWNvbG9yOiNmMWYxZjE7IHdpZHRoOjEwMCU7IiBhbGln

2024-02-01 14:40:37	1	CLIENT -> SERVER: bj0iY2VudGVyIiB3aWR0aD0iMTAwJSIgYm9yZGVyPSIwIiBjZWxscGFkZGluZz0iMCIgY2VsbHNw

2024-02-01 14:40:37	1	CLIENT -> SERVER: YWNpbmc9IjAiPgogIDx0Ym9keT4KICAgIDx0cj4KICAgICAgPHRkIGFsaWduPSJjZW50ZXIiIHN0

2024-02-01 14:40:37	1	CLIENT -> SERVER: eWxlPSJ2ZXJ0aWNhbC1hbGlnbjp0b3A7IHBhZGRpbmc6MzBweCAwOyB0ZXh0LWFsaWduOmNlbnRl

2024-02-01 14:40:37	1	CLIENT -> SERVER: ciI+CiAgICAgICAgPHRhYmxlIHN0eWxlPSJ0ZXh0LWFsaWduOmxlZnQ7IHdpZHRoOjY4MHB4OyBt

2024-02-01 14:40:37	1	CLIENT -> SERVER: YXJnaW46MCBhdXRvOyBmb250LXNpemU6MTRweDsgYm9yZGVyLXNwYWNpbmc6MHB4Ij4KICAgICAg

2024-02-01 14:40:37	1	CLIENT -> SERVER: ICAgIDx0Ym9keT4KICAgICAgICAgICAgPHRyPgogICAgICAgICAgICAgIDx0ZCBiZ2NvbG9yPSIj

2024-02-01 14:40:37	1	CLIENT -> SERVER: ZmZmIiBzdHlsZT0icGFkZGluZzogMTVweDsiPgogICAgICAgICAgICAgICAgPGZvbnQgY29sb3I9

2024-02-01 14:40:37	1	CLIENT -> SERVER: IiM3NzciIHN0eWxlPSJmb250LXNpemU6MThweCI+0KHQvtC+0LHRidC10L3QuNC1INGBINGE0L7R

2024-02-01 14:40:37	1	CLIENT -> SERVER: gNC80Ysg0L7QsdGA0LDRgtC90L7QuSDRgdCy0Y/Qt9C4PC9mb250PgogICAgICAgICAgICAgIDwv

2024-02-01 14:40:37	1	CLIENT -> SERVER: dGQ+CiAgICAgICAgICAgIDwvdHI+CiAgICAgICAgICAgIDx0cj4KICAgICAgICAgICAgICA8dGQg

2024-02-01 14:40:37	1	CLIENT -> SERVER: aGVpZ2h0PSIyNSI+PC90ZD4KICAgICAgICAgICAgPC90cj4KICAgICAgICAgICAgPHRyPgogICAg

2024-02-01 14:40:37	1	CLIENT -> SERVER: ICAgICAgICAgIDx0ZCBiZ2NvbG9yPSIjZmZmIiBzdHlsZT0icGFkZGluZzogMTVweDsiPgogICAg

2024-02-01 14:40:37	1	CLIENT -> SERVER: ICAgICAgICAgICAg0J/QvtC70YzQt9C+0LLQsNGC0LXQu9GMIDxiPtCQ0L3QtNGA0LXQuTwvYj4g

2024-02-01 14:40:37	1	CLIENT -> SERVER: 0L7RgdGC0LDQstC40Lsg0YHQu9C10LTRg9GO0YnQtdC1INGB0L7QvtCx0YnQtdC90LjQtToKICAg

2024-02-01 14:40:37	1	CLIENT -> SERVER: ICAgICAgICAgICAgIDxocj4KICAgICAgICAgICAgICAgIAogICAgICAgICAgICAgICAgPGhyPgog

2024-02-01 14:40:37	1	CLIENT -> SERVER: ICAgICAgICAgICAgICAgPGJyPgogICAgICAgICAgICAgICAg0JzQtdGB0YHQtdC90LTQttC10YA6

2024-02-01 14:40:37	1	CLIENT -> SERVER: IDxiPjwvYj4KICAgICAgICAgICAgICAgIDxicj4KICAgICAgICAgICAgICAgINCj0YHQu9GD0LPQ

2024-02-01 14:40:37	1	CLIENT -> SERVER: sDogPGI+PC9iPgogICAgICAgICAgICAgICAgPGJyPgogICAgICAgICAgICAgICAg0JHRgNC10L3Q

2024-02-01 14:40:37	1	CLIENT -> SERVER: tNCx0YPQuiDQuCDRhNC40YDQvNC10L3QvdGL0Lkg0YHRgtC40LvRjDogPGI+PC9iPgogICAgICAg

2024-02-01 14:40:37	1	CLIENT -> SERVER: ICAgICAgICAgPGJyPgogICAgICAgICAgICAgICAg0KLQtdC70LXRhNC+0L06IDxiPis3KDk5OSky

2024-02-01 14:40:37	1	CLIENT -> SERVER: NTUtODktNTE8L2I+CiAgICAgICAgICAgICAgICA8YnI+CiAgICAgICAgICAgICAgICDQlNCw0YLQ

2024-02-01 14:40:37	1	CLIENT -> SERVER: sCDQvtGC0L/RgNCw0LLQutC4OiA8Yj4wMS4wMi4yMDI0IDE3OjQwPC9iPgogICAgICAgICAgICAg

2024-02-01 14:40:37	1	CLIENT -> SERVER: ICAgPGJyPgogICAgICAgICAgICAgICAgCiAgICAgICAgICAgICAgPC90ZD4KICAgICAgICAgICAg

2024-02-01 14:40:37	1	CLIENT -> SERVER: PC90cj4KICAgICAgICAgICAgPHRyPgogICAgICAgICAgICAgIDx0ZCBoZWlnaHQ9IjI1Ij48L3Rk

2024-02-01 14:40:37	1	CLIENT -> SERVER: PgogICAgICAgICAgICA8L3RyPgogICAgICAgICAgICA8dHI+CiAgICAgICAgICAgICAgPHRkIGJn

2024-02-01 14:40:37	1	CLIENT -> SERVER: Y29sb3I9IiNmZmYgIiBzdHlsZT0icGFkZGluZzogMjBweCAxNXB4OyBjb2xvcjogIzc3NzsgZm9u

2024-02-01 14:40:37	1	CLIENT -> SERVER: dC1zaXplOiAxNHB4OyI+CiAgICAgICAgICAgICAgICA8cD4mY29weTsgMjAyNCBrYW50LWRlc2ln

2024-02-01 14:40:37	1	CLIENT -> SERVER: bi48L3A+CiAgICAgICAgICAgICAgPC90ZD4KICAgICAgICAgICAgPC90cj4KICAgICAgICAgIDwv

2024-02-01 14:40:37	1	CLIENT -> SERVER: dGJvZHk+CiAgICAgICAgPC90YWJsZT4KICAgICAgPC90ZD4KICAgIDwvdHI+CiAgPC90Ym9keT4K

2024-02-01 14:40:37	1	CLIENT -> SERVER: PC90YWJsZT4K

2024-02-01 14:40:37	1	CLIENT -> SERVER: 

2024-02-01 14:40:37	1	CLIENT -> SERVER: .

2024-02-01 14:40:37	2	SERVER -> CLIENT: 250 2.0.0 Ok: queued on mail-nwsmtp-smtp-production-main-81.myt.yp-c.yandex.net 1706798437-becE2PFOgCg0-7O0yUrWj

2024-02-01 14:40:37	1	CLIENT -> SERVER: QUIT

2024-02-01 14:40:37	2	SERVER -> CLIENT: 221 2.0.0 Closing connecton

2024-02-01 14:40:55	2	SERVER -> CLIENT: 220 mail-nwsmtp-smtp-production-main-84.iva.yp-c.yandex.net (Want to use Yandex.Mail for your domain? Visit http://pdd.yandex.ru) 1706798455-tecXT3FMe0U0

2024-02-01 14:40:55	1	CLIENT -> SERVER: EHLO kant-design.ru

2024-02-01 14:40:55	2	SERVER -> CLIENT: 250-mail-nwsmtp-smtp-production-main-84.iva.yp-c.yandex.net
250-8BITMIME
250-PIPELINING
250-SIZE 53477376
250-STARTTLS
250-AUTH LOGIN PLAIN XOAUTH2
250-DSN
250 ENHANCEDSTATUSCODES

2024-02-01 14:40:55	1	CLIENT -> SERVER: AUTH LOGIN

2024-02-01 14:40:55	2	SERVER -> CLIENT: 334 VXNlcm5hbWU6

2024-02-01 14:40:55	1	CLIENT -> SERVER: [credentials hidden]
2024-02-01 14:40:55	2	SERVER -> CLIENT: 334 UGFzc3dvcmQ6

2024-02-01 14:40:55	1	CLIENT -> SERVER: [credentials hidden]
2024-02-01 14:40:55	2	SERVER -> CLIENT: 235 2.7.0 Authentication successful. 1706798455-tecXT3FMe0U0

2024-02-01 14:40:55	1	CLIENT -> SERVER: MAIL FROM:<Sales@kantdesign.ru>

2024-02-01 14:40:55	2	SERVER -> CLIENT: 250 2.1.0 <Sales@kantdesign.ru> ok 1706798455-tecXT3FMe0U0-jitR4NoL

2024-02-01 14:40:55	1	CLIENT -> SERVER: RCPT TO:<Sales@kantdesign.ru>

2024-02-01 14:40:55	2	SERVER -> CLIENT: 250 2.1.5 <Sales@kantdesign.ru> recipient ok 1706798455-tecXT3FMe0U0-jitR4NoL

2024-02-01 14:40:55	1	CLIENT -> SERVER: DATA

2024-02-01 14:40:55	2	SERVER -> CLIENT: 354 Start mail input, end with <CRLF>.<CRLF>

2024-02-01 14:40:55	1	CLIENT -> SERVER: Date: Thu, 1 Feb 2024 17:40:55 +0300

2024-02-01 14:40:55	1	CLIENT -> SERVER: To: Sales@kantdesign.ru

2024-02-01 14:40:55	1	CLIENT -> SERVER: From: "kant-design.ru" <Sales@kantdesign.ru>

2024-02-01 14:40:55	1	CLIENT -> SERVER: Subject: =?UTF-8?B?0KHQvtC+0LHRidC10L3QuNC1INGBINGE0L7RgNC80Ysg0L7QsdGA0LDRgtC9?=

2024-02-01 14:40:55	1	CLIENT -> SERVER:  =?UTF-8?B?0L7QuSDRgdCy0Y/Qt9C4?=

2024-02-01 14:40:55	1	CLIENT -> SERVER: Message-ID: <r1M7tLru6kgGxTVdEPwiwIcrQQXEuqy2aEwweD0oQ@kant-design.ru>

2024-02-01 14:40:55	1	CLIENT -> SERVER: X-Mailer: PHPMailer 6.6.0 (https://github.com/PHPMailer/PHPMailer)

2024-02-01 14:40:55	1	CLIENT -> SERVER: MIME-Version: 1.0

2024-02-01 14:40:55	1	CLIENT -> SERVER: Content-Type: text/html; charset=UTF-8

2024-02-01 14:40:55	1	CLIENT -> SERVER: Content-Transfer-Encoding: base64

2024-02-01 14:40:55	1	CLIENT -> SERVER: 

2024-02-01 14:40:55	1	CLIENT -> SERVER: PHRhYmxlIHN0eWxlPSJiYWNrZ3JvdW5kLWNvbG9yOiNmMWYxZjE7IHdpZHRoOjEwMCU7IiBhbGln

2024-02-01 14:40:55	1	CLIENT -> SERVER: bj0iY2VudGVyIiB3aWR0aD0iMTAwJSIgYm9yZGVyPSIwIiBjZWxscGFkZGluZz0iMCIgY2VsbHNw

2024-02-01 14:40:55	1	CLIENT -> SERVER: YWNpbmc9IjAiPgogIDx0Ym9keT4KICAgIDx0cj4KICAgICAgPHRkIGFsaWduPSJjZW50ZXIiIHN0

2024-02-01 14:40:55	1	CLIENT -> SERVER: eWxlPSJ2ZXJ0aWNhbC1hbGlnbjp0b3A7IHBhZGRpbmc6MzBweCAwOyB0ZXh0LWFsaWduOmNlbnRl

2024-02-01 14:40:55	1	CLIENT -> SERVER: ciI+CiAgICAgICAgPHRhYmxlIHN0eWxlPSJ0ZXh0LWFsaWduOmxlZnQ7IHdpZHRoOjY4MHB4OyBt

2024-02-01 14:40:55	1	CLIENT -> SERVER: YXJnaW46MCBhdXRvOyBmb250LXNpemU6MTRweDsgYm9yZGVyLXNwYWNpbmc6MHB4Ij4KICAgICAg

2024-02-01 14:40:55	1	CLIENT -> SERVER: ICAgIDx0Ym9keT4KICAgICAgICAgICAgPHRyPgogICAgICAgICAgICAgIDx0ZCBiZ2NvbG9yPSIj

2024-02-01 14:40:55	1	CLIENT -> SERVER: ZmZmIiBzdHlsZT0icGFkZGluZzogMTVweDsiPgogICAgICAgICAgICAgICAgPGZvbnQgY29sb3I9

2024-02-01 14:40:55	1	CLIENT -> SERVER: IiM3NzciIHN0eWxlPSJmb250LXNpemU6MThweCI+0KHQvtC+0LHRidC10L3QuNC1INGBINGE0L7R

2024-02-01 14:40:55	1	CLIENT -> SERVER: gNC80Ysg0L7QsdGA0LDRgtC90L7QuSDRgdCy0Y/Qt9C4PC9mb250PgogICAgICAgICAgICAgIDwv

2024-02-01 14:40:55	1	CLIENT -> SERVER: dGQ+CiAgICAgICAgICAgIDwvdHI+CiAgICAgICAgICAgIDx0cj4KICAgICAgICAgICAgICA8dGQg

2024-02-01 14:40:55	1	CLIENT -> SERVER: aGVpZ2h0PSIyNSI+PC90ZD4KICAgICAgICAgICAgPC90cj4KICAgICAgICAgICAgPHRyPgogICAg

2024-02-01 14:40:55	1	CLIENT -> SERVER: ICAgICAgICAgIDx0ZCBiZ2NvbG9yPSIjZmZmIiBzdHlsZT0icGFkZGluZzogMTVweDsiPgogICAg

2024-02-01 14:40:55	1	CLIENT -> SERVER: ICAgICAgICAgICAg0J/QvtC70YzQt9C+0LLQsNGC0LXQu9GMIDxiPtCQ0L3QtNGA0LXQuTwvYj4g

2024-02-01 14:40:55	1	CLIENT -> SERVER: 0L7RgdGC0LDQstC40Lsg0YHQu9C10LTRg9GO0YnQtdC1INGB0L7QvtCx0YnQtdC90LjQtToKICAg

2024-02-01 14:40:55	1	CLIENT -> SERVER: ICAgICAgICAgICAgIDxocj4KICAgICAgICAgICAgICAgIAogICAgICAgICAgICAgICAgPGhyPgog

2024-02-01 14:40:55	1	CLIENT -> SERVER: ICAgICAgICAgICAgICAgPGJyPgogICAgICAgICAgICAgICAg0JzQtdGB0YHQtdC90LTQttC10YA6

2024-02-01 14:40:55	1	CLIENT -> SERVER: IDxiPjwvYj4KICAgICAgICAgICAgICAgIDxicj4KICAgICAgICAgICAgICAgINCj0YHQu9GD0LPQ

2024-02-01 14:40:55	1	CLIENT -> SERVER: sDogPGI+PC9iPgogICAgICAgICAgICAgICAgPGJyPgogICAgICAgICAgICAgICAg0JHRgNC10L3Q

2024-02-01 14:40:55	1	CLIENT -> SERVER: tNCx0YPQuiDQuCDRhNC40YDQvNC10L3QvdGL0Lkg0YHRgtC40LvRjDogPGI+PC9iPgogICAgICAg

2024-02-01 14:40:55	1	CLIENT -> SERVER: ICAgICAgICAgPGJyPgogICAgICAgICAgICAgICAg0KLQtdC70LXRhNC+0L06IDxiPis3KDk5OSk5

2024-02-01 14:40:55	1	CLIENT -> SERVER: OTktOTktOTk8L2I+CiAgICAgICAgICAgICAgICA8YnI+CiAgICAgICAgICAgICAgICDQlNCw0YLQ

2024-02-01 14:40:55	1	CLIENT -> SERVER: sCDQvtGC0L/RgNCw0LLQutC4OiA8Yj4wMS4wMi4yMDI0IDE3OjQwPC9iPgogICAgICAgICAgICAg

2024-02-01 14:40:55	1	CLIENT -> SERVER: ICAgPGJyPgogICAgICAgICAgICAgICAgCiAgICAgICAgICAgICAgPC90ZD4KICAgICAgICAgICAg

2024-02-01 14:40:55	1	CLIENT -> SERVER: PC90cj4KICAgICAgICAgICAgPHRyPgogICAgICAgICAgICAgIDx0ZCBoZWlnaHQ9IjI1Ij48L3Rk

2024-02-01 14:40:55	1	CLIENT -> SERVER: PgogICAgICAgICAgICA8L3RyPgogICAgICAgICAgICA8dHI+CiAgICAgICAgICAgICAgPHRkIGJn

2024-02-01 14:40:55	1	CLIENT -> SERVER: Y29sb3I9IiNmZmYgIiBzdHlsZT0icGFkZGluZzogMjBweCAxNXB4OyBjb2xvcjogIzc3NzsgZm9u

2024-02-01 14:40:55	1	CLIENT -> SERVER: dC1zaXplOiAxNHB4OyI+CiAgICAgICAgICAgICAgICA8cD4mY29weTsgMjAyNCBrYW50LWRlc2ln

2024-02-01 14:40:55	1	CLIENT -> SERVER: bi48L3A+CiAgICAgICAgICAgICAgPC90ZD4KICAgICAgICAgICAgPC90cj4KICAgICAgICAgIDwv

2024-02-01 14:40:55	1	CLIENT -> SERVER: dGJvZHk+CiAgICAgICAgPC90YWJsZT4KICAgICAgPC90ZD4KICAgIDwvdHI+CiAgPC90Ym9keT4K

2024-02-01 14:40:55	1	CLIENT -> SERVER: PC90YWJsZT4K

2024-02-01 14:40:55	1	CLIENT -> SERVER: 

2024-02-01 14:40:55	1	CLIENT -> SERVER: .

2024-02-01 14:40:56	2	SERVER -> CLIENT: 250 2.0.0 Ok: queued on mail-nwsmtp-smtp-production-main-84.iva.yp-c.yandex.net 1706798456-tecXT3FMe0U0-jitR4NoL

2024-02-01 14:40:56	1	CLIENT -> SERVER: QUIT

2024-02-01 14:40:56	2	SERVER -> CLIENT: 221 2.0.0 Closing connecton

2024-02-01 14:46:52	2	SERVER -> CLIENT: 220 mail-nwsmtp-smtp-production-main-46.sas.yp-c.yandex.net (Want to use Yandex.Mail for your domain? Visit http://pdd.yandex.ru) 1706798812-qkcPkEHMmeA0

2024-02-01 14:46:52	1	CLIENT -> SERVER: EHLO kant-design.ru

2024-02-01 14:46:52	2	SERVER -> CLIENT: 250-mail-nwsmtp-smtp-production-main-46.sas.yp-c.yandex.net
250-8BITMIME
250-PIPELINING
250-SIZE 53477376
250-STARTTLS
250-AUTH LOGIN PLAIN XOAUTH2
250-DSN
250 ENHANCEDSTATUSCODES

2024-02-01 14:46:52	1	CLIENT -> SERVER: AUTH LOGIN

2024-02-01 14:46:52	2	SERVER -> CLIENT: 334 VXNlcm5hbWU6

2024-02-01 14:46:52	1	CLIENT -> SERVER: [credentials hidden]
2024-02-01 14:46:52	2	SERVER -> CLIENT: 334 UGFzc3dvcmQ6

2024-02-01 14:46:52	1	CLIENT -> SERVER: [credentials hidden]
2024-02-01 14:46:52	2	SERVER -> CLIENT: 235 2.7.0 Authentication successful. 1706798812-qkcPkEHMmeA0

2024-02-01 14:46:52	1	CLIENT -> SERVER: MAIL FROM:<Sales@kantdesign.ru>

2024-02-01 14:46:52	2	SERVER -> CLIENT: 250 2.1.0 <Sales@kantdesign.ru> ok 1706798812-qkcPkEHMmeA0-2KYvtqn8

2024-02-01 14:46:52	1	CLIENT -> SERVER: RCPT TO:<Sales@kantdesign.ru>

2024-02-01 14:46:52	2	SERVER -> CLIENT: 250 2.1.5 <Sales@kantdesign.ru> recipient ok 1706798812-qkcPkEHMmeA0-2KYvtqn8

2024-02-01 14:46:52	1	CLIENT -> SERVER: DATA

2024-02-01 14:46:52	2	SERVER -> CLIENT: 354 Start mail input, end with <CRLF>.<CRLF>

2024-02-01 14:46:52	1	CLIENT -> SERVER: Date: Thu, 1 Feb 2024 17:46:52 +0300

2024-02-01 14:46:52	1	CLIENT -> SERVER: To: Sales@kantdesign.ru

2024-02-01 14:46:52	1	CLIENT -> SERVER: From: "kant-design.ru" <Sales@kantdesign.ru>

2024-02-01 14:46:52	1	CLIENT -> SERVER: Subject: =?UTF-8?B?0KHQvtC+0LHRidC10L3QuNC1INGBINGE0L7RgNC80Ysg0L7QsdGA0LDRgtC9?=

2024-02-01 14:46:52	1	CLIENT -> SERVER:  =?UTF-8?B?0L7QuSDRgdCy0Y/Qt9C4?=

2024-02-01 14:46:52	1	CLIENT -> SERVER: Message-ID: <20BaTRYWlCvuTI5BLDwN67Km3xKnsOycUpTuSiKWQrg@kant-design.ru>

2024-02-01 14:46:52	1	CLIENT -> SERVER: X-Mailer: PHPMailer 6.6.0 (https://github.com/PHPMailer/PHPMailer)

2024-02-01 14:46:52	1	CLIENT -> SERVER: MIME-Version: 1.0

2024-02-01 14:46:52	1	CLIENT -> SERVER: Content-Type: text/html; charset=UTF-8

2024-02-01 14:46:52	1	CLIENT -> SERVER: Content-Transfer-Encoding: base64

2024-02-01 14:46:52	1	CLIENT -> SERVER: 

2024-02-01 14:46:52	1	CLIENT -> SERVER: PHRhYmxlIHN0eWxlPSJiYWNrZ3JvdW5kLWNvbG9yOiNmMWYxZjE7IHdpZHRoOjEwMCU7IiBhbGln

2024-02-01 14:46:52	1	CLIENT -> SERVER: bj0iY2VudGVyIiB3aWR0aD0iMTAwJSIgYm9yZGVyPSIwIiBjZWxscGFkZGluZz0iMCIgY2VsbHNw

2024-02-01 14:46:52	1	CLIENT -> SERVER: YWNpbmc9IjAiPgogIDx0Ym9keT4KICAgIDx0cj4KICAgICAgPHRkIGFsaWduPSJjZW50ZXIiIHN0

2024-02-01 14:46:52	1	CLIENT -> SERVER: eWxlPSJ2ZXJ0aWNhbC1hbGlnbjp0b3A7IHBhZGRpbmc6MzBweCAwOyB0ZXh0LWFsaWduOmNlbnRl

2024-02-01 14:46:52	1	CLIENT -> SERVER: ciI+CiAgICAgICAgPHRhYmxlIHN0eWxlPSJ0ZXh0LWFsaWduOmxlZnQ7IHdpZHRoOjY4MHB4OyBt

2024-02-01 14:46:52	1	CLIENT -> SERVER: YXJnaW46MCBhdXRvOyBmb250LXNpemU6MTRweDsgYm9yZGVyLXNwYWNpbmc6MHB4Ij4KICAgICAg

2024-02-01 14:46:52	1	CLIENT -> SERVER: ICAgIDx0Ym9keT4KICAgICAgICAgICAgPHRyPgogICAgICAgICAgICAgIDx0ZCBiZ2NvbG9yPSIj

2024-02-01 14:46:52	1	CLIENT -> SERVER: ZmZmIiBzdHlsZT0icGFkZGluZzogMTVweDsiPgogICAgICAgICAgICAgICAgPGZvbnQgY29sb3I9

2024-02-01 14:46:52	1	CLIENT -> SERVER: IiM3NzciIHN0eWxlPSJmb250LXNpemU6MThweCI+0KHQvtC+0LHRidC10L3QuNC1INGBINGE0L7R

2024-02-01 14:46:52	1	CLIENT -> SERVER: gNC80Ysg0L7QsdGA0LDRgtC90L7QuSDRgdCy0Y/Qt9C4PC9mb250PgogICAgICAgICAgICAgIDwv

2024-02-01 14:46:52	1	CLIENT -> SERVER: dGQ+CiAgICAgICAgICAgIDwvdHI+CiAgICAgICAgICAgIDx0cj4KICAgICAgICAgICAgICA8dGQg

2024-02-01 14:46:52	1	CLIENT -> SERVER: aGVpZ2h0PSIyNSI+PC90ZD4KICAgICAgICAgICAgPC90cj4KICAgICAgICAgICAgPHRyPgogICAg

2024-02-01 14:46:52	1	CLIENT -> SERVER: ICAgICAgICAgIDx0ZCBiZ2NvbG9yPSIjZmZmIiBzdHlsZT0icGFkZGluZzogMTVweDsiPgogICAg

2024-02-01 14:46:52	1	CLIENT -> SERVER: ICAgICAgICAgICAg0J/QvtC70YzQt9C+0LLQsNGC0LXQu9GMIDxiPlZhbGw8L2I+INC+0YHRgtCw

2024-02-01 14:46:52	1	CLIENT -> SERVER: 0LLQuNC7INGB0LvQtdC00YPRjtGJ0LXQtSDRgdC+0L7QsdGJ0LXQvdC40LU6CiAgICAgICAgICAg

2024-02-01 14:46:52	1	CLIENT -> SERVER: ICAgICA8aHI+CiAgICAgICAgICAgICAgICAKICAgICAgICAgICAgICAgIDxocj4KICAgICAgICAg

2024-02-01 14:46:52	1	CLIENT -> SERVER: ICAgICAgIDxicj4KICAgICAgICAgICAgICAgINCc0LXRgdGB0LXQvdC00LbQtdGAOiA8Yj48L2I+

2024-02-01 14:46:52	1	CLIENT -> SERVER: CiAgICAgICAgICAgICAgICA8YnI+CiAgICAgICAgICAgICAgICDQo9GB0LvRg9Cz0LA6IDxiPjwv

2024-02-01 14:46:52	1	CLIENT -> SERVER: Yj4KICAgICAgICAgICAgICAgIDxicj4KICAgICAgICAgICAgICAgINCR0YDQtdC90LTQsdGD0Log

2024-02-01 14:46:52	1	CLIENT -> SERVER: 0Lgg0YTQuNGA0LzQtdC90L3Ri9C5INGB0YLQuNC70Yw6IDxiPjwvYj4KICAgICAgICAgICAgICAg

2024-02-01 14:46:52	1	CLIENT -> SERVER: IDxicj4KICAgICAgICAgICAgICAgINCi0LXQu9C10YTQvtC9OiA8Yj4rNygyMjIpMjIyLTIyLTIy

2024-02-01 14:46:52	1	CLIENT -> SERVER: PC9iPgogICAgICAgICAgICAgICAgPGJyPgogICAgICAgICAgICAgICAg0JTQsNGC0LAg0L7RgtC/

2024-02-01 14:46:52	1	CLIENT -> SERVER: 0YDQsNCy0LrQuDogPGI+MDEuMDIuMjAyNCAxNzo0NjwvYj4KICAgICAgICAgICAgICAgIDxicj4K

2024-02-01 14:46:52	1	CLIENT -> SERVER: ICAgICAgICAgICAgICAgIAogICAgICAgICAgICAgIDwvdGQ+CiAgICAgICAgICAgIDwvdHI+CiAg

2024-02-01 14:46:52	1	CLIENT -> SERVER: ICAgICAgICAgIDx0cj4KICAgICAgICAgICAgICA8dGQgaGVpZ2h0PSIyNSI+PC90ZD4KICAgICAg

2024-02-01 14:46:52	1	CLIENT -> SERVER: ICAgICAgPC90cj4KICAgICAgICAgICAgPHRyPgogICAgICAgICAgICAgIDx0ZCBiZ2NvbG9yPSIj

2024-02-01 14:46:52	1	CLIENT -> SERVER: ZmZmICIgc3R5bGU9InBhZGRpbmc6IDIwcHggMTVweDsgY29sb3I6ICM3Nzc7IGZvbnQtc2l6ZTog

2024-02-01 14:46:52	1	CLIENT -> SERVER: MTRweDsiPgogICAgICAgICAgICAgICAgPHA+JmNvcHk7IDIwMjQga2FudC1kZXNpZ24uPC9wPgog

2024-02-01 14:46:52	1	CLIENT -> SERVER: ICAgICAgICAgICAgIDwvdGQ+CiAgICAgICAgICAgIDwvdHI+CiAgICAgICAgICA8L3Rib2R5Pgog

2024-02-01 14:46:52	1	CLIENT -> SERVER: ICAgICAgIDwvdGFibGU+CiAgICAgIDwvdGQ+CiAgICA8L3RyPgogIDwvdGJvZHk+CjwvdGFibGU+

2024-02-01 14:46:52	1	CLIENT -> SERVER: Cg==

2024-02-01 14:46:52	1	CLIENT -> SERVER: 

2024-02-01 14:46:52	1	CLIENT -> SERVER: .

2024-02-01 14:46:53	2	SERVER -> CLIENT: 250 2.0.0 Ok: queued on mail-nwsmtp-smtp-production-main-46.sas.yp-c.yandex.net 1706798813-qkcPkEHMmeA0-2KYvtqn8

2024-02-01 14:46:53	1	CLIENT -> SERVER: QUIT

2024-02-01 14:46:53	2	SERVER -> CLIENT: 221 2.0.0 Closing connecton

