2024-01-30 07:20:34	2	SERVER -> CLIENT: 220 mail-nwsmtp-smtp-production-main-31.sas.yp-c.yandex.net (Want to use Yandex.Mail for your domain? Visit http://pdd.yandex.ru) 1706599234-YKTMJp7xKeA0

2024-01-30 07:20:34	1	CLIENT -> SERVER: EHLO kant-design.ru

2024-01-30 07:20:34	2	SERVER -> CLIENT: 250-mail-nwsmtp-smtp-production-main-31.sas.yp-c.yandex.net
250-8BITMIME
250-PIPELINING
250-SIZE 53477376
250-STARTTLS
250-AUTH LOGIN PLAIN XOAUTH2
250-DSN
250 ENHANCEDSTATUSCODES

2024-01-30 07:20:34	1	CLIENT -> SERVER: AUTH LOGIN

2024-01-30 07:20:34	2	SERVER -> CLIENT: 334 VXNlcm5hbWU6

2024-01-30 07:20:34	1	CLIENT -> SERVER: [credentials hidden]
2024-01-30 07:20:34	2	SERVER -> CLIENT: 334 UGFzc3dvcmQ6

2024-01-30 07:20:34	1	CLIENT -> SERVER: [credentials hidden]
2024-01-30 07:20:34	2	SERVER -> CLIENT: 235 2.7.0 Authentication successful. 1706599234-YKTMJp7xKeA0

2024-01-30 07:20:34	1	CLIENT -> SERVER: MAIL FROM:<Sales@kantdesign.ru>

2024-01-30 07:20:34	2	SERVER -> CLIENT: 250 2.1.0 <Sales@kantdesign.ru> ok 1706599234-YKTMJp7xKeA0-WD4Hz3lc

2024-01-30 07:20:34	1	CLIENT -> SERVER: RCPT TO:<Sales@kantdesign.ru>

2024-01-30 07:20:34	2	SERVER -> CLIENT: 250 2.1.5 <Sales@kantdesign.ru> recipient ok 1706599234-YKTMJp7xKeA0-WD4Hz3lc

2024-01-30 07:20:34	1	CLIENT -> SERVER: DATA

2024-01-30 07:20:34	2	SERVER -> CLIENT: 354 Start mail input, end with <CRLF>.<CRLF>

2024-01-30 07:20:34	1	CLIENT -> SERVER: Date: Tue, 30 Jan 2024 10:20:34 +0300

2024-01-30 07:20:34	1	CLIENT -> SERVER: To: Sales@kantdesign.ru

2024-01-30 07:20:34	1	CLIENT -> SERVER: From: "kant-design.ru" <Sales@kantdesign.ru>

2024-01-30 07:20:34	1	CLIENT -> SERVER: Subject: =?UTF-8?B?0KHQvtC+0LHRidC10L3QuNC1INGBINGE0L7RgNC80Ysg0L7QsdGA0LDRgtC9?=

2024-01-30 07:20:34	1	CLIENT -> SERVER:  =?UTF-8?B?0L7QuSDRgdCy0Y/Qt9C4?=

2024-01-30 07:20:34	1	CLIENT -> SERVER: Message-ID: <d0WTwXmCwAtOUGz1sW0zlZVMKfjcSFL4llBOspVHPI@kant-design.ru>

2024-01-30 07:20:34	1	CLIENT -> SERVER: X-Mailer: PHPMailer 6.6.0 (https://github.com/PHPMailer/PHPMailer)

2024-01-30 07:20:34	1	CLIENT -> SERVER: MIME-Version: 1.0

2024-01-30 07:20:34	1	CLIENT -> SERVER: Content-Type: text/html; charset=UTF-8

2024-01-30 07:20:34	1	CLIENT -> SERVER: Content-Transfer-Encoding: base64

2024-01-30 07:20:34	1	CLIENT -> SERVER: 

2024-01-30 07:20:34	1	CLIENT -> SERVER: PHRhYmxlIHN0eWxlPSJiYWNrZ3JvdW5kLWNvbG9yOiNmMWYxZjE7IHdpZHRoOjEwMCU7IiBhbGln

2024-01-30 07:20:34	1	CLIENT -> SERVER: bj0iY2VudGVyIiB3aWR0aD0iMTAwJSIgYm9yZGVyPSIwIiBjZWxscGFkZGluZz0iMCIgY2VsbHNw

2024-01-30 07:20:34	1	CLIENT -> SERVER: YWNpbmc9IjAiPgogIDx0Ym9keT4KICAgIDx0cj4KICAgICAgPHRkIGFsaWduPSJjZW50ZXIiIHN0

2024-01-30 07:20:34	1	CLIENT -> SERVER: eWxlPSJ2ZXJ0aWNhbC1hbGlnbjp0b3A7IHBhZGRpbmc6MzBweCAwOyB0ZXh0LWFsaWduOmNlbnRl

2024-01-30 07:20:34	1	CLIENT -> SERVER: ciI+CiAgICAgICAgPHRhYmxlIHN0eWxlPSJ0ZXh0LWFsaWduOmxlZnQ7IHdpZHRoOjY4MHB4OyBt

2024-01-30 07:20:34	1	CLIENT -> SERVER: YXJnaW46MCBhdXRvOyBmb250LXNpemU6MTRweDsgYm9yZGVyLXNwYWNpbmc6MHB4Ij4KICAgICAg

2024-01-30 07:20:34	1	CLIENT -> SERVER: ICAgIDx0Ym9keT4KICAgICAgICAgICAgPHRyPgogICAgICAgICAgICAgIDx0ZCBiZ2NvbG9yPSIj

2024-01-30 07:20:34	1	CLIENT -> SERVER: ZmZmIiBzdHlsZT0icGFkZGluZzogMTVweDsiPgogICAgICAgICAgICAgICAgPGZvbnQgY29sb3I9

2024-01-30 07:20:34	1	CLIENT -> SERVER: IiM3NzciIHN0eWxlPSJmb250LXNpemU6MThweCI+0KHQvtC+0LHRidC10L3QuNC1INGBINGE0L7R

2024-01-30 07:20:34	1	CLIENT -> SERVER: gNC80Ysg0L7QsdGA0LDRgtC90L7QuSDRgdCy0Y/Qt9C4PC9mb250PgogICAgICAgICAgICAgIDwv

2024-01-30 07:20:34	1	CLIENT -> SERVER: dGQ+CiAgICAgICAgICAgIDwvdHI+CiAgICAgICAgICAgIDx0cj4KICAgICAgICAgICAgICA8dGQg

2024-01-30 07:20:34	1	CLIENT -> SERVER: aGVpZ2h0PSIyNSI+PC90ZD4KICAgICAgICAgICAgPC90cj4KICAgICAgICAgICAgPHRyPgogICAg

2024-01-30 07:20:34	1	CLIENT -> SERVER: ICAgICAgICAgIDx0ZCBiZ2NvbG9yPSIjZmZmIiBzdHlsZT0icGFkZGluZzogMTVweDsiPgogICAg

2024-01-30 07:20:34	1	CLIENT -> SERVER: ICAgICAgICAgICAg0J/QvtC70YzQt9C+0LLQsNGC0LXQu9GMIDxiPtCX0LDQstC40LTQuNC5INCc

2024-01-30 07:20:34	1	CLIENT -> SERVER: 0LDQutGB0LjQvCDQrtGA0YzQtdCy0LjRhzwvYj4g0L7RgdGC0LDQstC40Lsg0YHQu9C10LTRg9GO

2024-01-30 07:20:34	1	CLIENT -> SERVER: 0YnQtdC1INGB0L7QvtCx0YnQtdC90LjQtToKICAgICAgICAgICAgICAgIDxocj4KICAgICAgICAg

2024-01-30 07:20:34	1	CLIENT -> SERVER: ICAgICAgIAogICAgICAgICAgICAgICAgPGhyPgogICAgICAgICAgICAgICAgPGJyPgogICAgICAg

2024-01-30 07:20:34	1	CLIENT -> SERVER: ICAgICAgICAg0JzQtdGB0YHQtdC90LTQttC10YA6IDxiPjwvYj4KICAgICAgICAgICAgICAgIDxi

2024-01-30 07:20:34	1	CLIENT -> SERVER: cj4KICAgICAgICAgICAgICAgINCj0YHQu9GD0LPQsDogPGI+PC9iPgogICAgICAgICAgICAgICAg

2024-01-30 07:20:34	1	CLIENT -> SERVER: PGJyPgogICAgICAgICAgICAgICAg0JHRgNC10L3QtNCx0YPQuiDQuCDRhNC40YDQvNC10L3QvdGL

2024-01-30 07:20:34	1	CLIENT -> SERVER: 0Lkg0YHRgtC40LvRjDogPGI+PC9iPgogICAgICAgICAgICAgICAgPGJyPgogICAgICAgICAgICAg

2024-01-30 07:20:34	1	CLIENT -> SERVER: ICAg0KLQtdC70LXRhNC+0L06IDxiPjg5NTIxMTcyMzE4PC9iPgogICAgICAgICAgICAgICAgPGJy

2024-01-30 07:20:34	1	CLIENT -> SERVER: PgogICAgICAgICAgICAgICAg0JTQsNGC0LAg0L7RgtC/0YDQsNCy0LrQuDogPGI+MzAuMDEuMjAy

2024-01-30 07:20:34	1	CLIENT -> SERVER: NCAxMDoyMDwvYj4KICAgICAgICAgICAgICAgIDxicj4KICAgICAgICAgICAgICAgIAogICAgICAg

2024-01-30 07:20:34	1	CLIENT -> SERVER: ICAgICAgIDwvdGQ+CiAgICAgICAgICAgIDwvdHI+CiAgICAgICAgICAgIDx0cj4KICAgICAgICAg

2024-01-30 07:20:34	1	CLIENT -> SERVER: ICAgICA8dGQgaGVpZ2h0PSIyNSI+PC90ZD4KICAgICAgICAgICAgPC90cj4KICAgICAgICAgICAg

2024-01-30 07:20:34	1	CLIENT -> SERVER: PHRyPgogICAgICAgICAgICAgIDx0ZCBiZ2NvbG9yPSIjZmZmICIgc3R5bGU9InBhZGRpbmc6IDIw

2024-01-30 07:20:34	1	CLIENT -> SERVER: cHggMTVweDsgY29sb3I6ICM3Nzc7IGZvbnQtc2l6ZTogMTRweDsiPgogICAgICAgICAgICAgICAg

2024-01-30 07:20:34	1	CLIENT -> SERVER: PHA+JmNvcHk7IDIwMjQga2FudC1kZXNpZ24uPC9wPgogICAgICAgICAgICAgIDwvdGQ+CiAgICAg

2024-01-30 07:20:34	1	CLIENT -> SERVER: ICAgICAgIDwvdHI+CiAgICAgICAgICA8L3Rib2R5PgogICAgICAgIDwvdGFibGU+CiAgICAgIDwv

2024-01-30 07:20:34	1	CLIENT -> SERVER: dGQ+CiAgICA8L3RyPgogIDwvdGJvZHk+CjwvdGFibGU+Cg==

2024-01-30 07:20:34	1	CLIENT -> SERVER: 

2024-01-30 07:20:34	1	CLIENT -> SERVER: .

2024-01-30 07:20:35	2	SERVER -> CLIENT: 250 2.0.0 Ok: queued on mail-nwsmtp-smtp-production-main-31.sas.yp-c.yandex.net 1706599235-YKTMJp7xKeA0-WD4Hz3lc

2024-01-30 07:20:35	1	CLIENT -> SERVER: QUIT

2024-01-30 07:20:35	2	SERVER -> CLIENT: 221 2.0.0 Closing connecton

2024-01-30 07:56:50	2	SERVER -> CLIENT: 220 mail-nwsmtp-smtp-production-main-54.vla.yp-c.yandex.net (Want to use Yandex.Mail for your domain? Visit http://pdd.yandex.ru) 1706601410-ouT5er74UKo0

2024-01-30 07:56:50	1	CLIENT -> SERVER: EHLO kant-design.ru

2024-01-30 07:56:50	2	SERVER -> CLIENT: 250-mail-nwsmtp-smtp-production-main-54.vla.yp-c.yandex.net
250-8BITMIME
250-PIPELINING
250-SIZE 53477376
250-STARTTLS
250-AUTH LOGIN PLAIN XOAUTH2
250-DSN
250 ENHANCEDSTATUSCODES

2024-01-30 07:56:50	1	CLIENT -> SERVER: AUTH LOGIN

2024-01-30 07:56:50	2	SERVER -> CLIENT: 334 VXNlcm5hbWU6

2024-01-30 07:56:50	1	CLIENT -> SERVER: [credentials hidden]
2024-01-30 07:56:50	2	SERVER -> CLIENT: 334 UGFzc3dvcmQ6

2024-01-30 07:56:50	1	CLIENT -> SERVER: [credentials hidden]
2024-01-30 07:56:50	2	SERVER -> CLIENT: 235 2.7.0 Authentication successful. 1706601410-ouT5er74UKo0

2024-01-30 07:56:50	1	CLIENT -> SERVER: MAIL FROM:<Sales@kantdesign.ru>

2024-01-30 07:56:50	2	SERVER -> CLIENT: 250 2.1.0 <Sales@kantdesign.ru> ok 1706601410-ouT5er74UKo0-KoJG9r3c

2024-01-30 07:56:50	1	CLIENT -> SERVER: RCPT TO:<Sales@kantdesign.ru>

2024-01-30 07:56:50	2	SERVER -> CLIENT: 250 2.1.5 <Sales@kantdesign.ru> recipient ok 1706601410-ouT5er74UKo0-KoJG9r3c

2024-01-30 07:56:50	1	CLIENT -> SERVER: DATA

2024-01-30 07:56:50	2	SERVER -> CLIENT: 354 Start mail input, end with <CRLF>.<CRLF>

2024-01-30 07:56:50	1	CLIENT -> SERVER: Date: Tue, 30 Jan 2024 10:56:50 +0300

2024-01-30 07:56:50	1	CLIENT -> SERVER: To: Sales@kantdesign.ru

2024-01-30 07:56:50	1	CLIENT -> SERVER: From: "kant-design.ru" <Sales@kantdesign.ru>

2024-01-30 07:56:50	1	CLIENT -> SERVER: Subject: =?UTF-8?B?0KHQvtC+0LHRidC10L3QuNC1INGBINGE0L7RgNC80Ysg0L7QsdGA0LDRgtC9?=

2024-01-30 07:56:50	1	CLIENT -> SERVER:  =?UTF-8?B?0L7QuSDRgdCy0Y/Qt9C4?=

2024-01-30 07:56:50	1	CLIENT -> SERVER: Message-ID: <f2PS0b9z4Wv1dRRJTP7QjAmVmYfoQ8e324YnJvIo@kant-design.ru>

2024-01-30 07:56:50	1	CLIENT -> SERVER: X-Mailer: PHPMailer 6.6.0 (https://github.com/PHPMailer/PHPMailer)

2024-01-30 07:56:50	1	CLIENT -> SERVER: MIME-Version: 1.0

2024-01-30 07:56:50	1	CLIENT -> SERVER: Content-Type: text/html; charset=UTF-8

2024-01-30 07:56:50	1	CLIENT -> SERVER: Content-Transfer-Encoding: base64

2024-01-30 07:56:50	1	CLIENT -> SERVER: 

2024-01-30 07:56:50	1	CLIENT -> SERVER: PHRhYmxlIHN0eWxlPSJiYWNrZ3JvdW5kLWNvbG9yOiNmMWYxZjE7IHdpZHRoOjEwMCU7IiBhbGln

2024-01-30 07:56:50	1	CLIENT -> SERVER: bj0iY2VudGVyIiB3aWR0aD0iMTAwJSIgYm9yZGVyPSIwIiBjZWxscGFkZGluZz0iMCIgY2VsbHNw

2024-01-30 07:56:50	1	CLIENT -> SERVER: YWNpbmc9IjAiPgogIDx0Ym9keT4KICAgIDx0cj4KICAgICAgPHRkIGFsaWduPSJjZW50ZXIiIHN0

2024-01-30 07:56:50	1	CLIENT -> SERVER: eWxlPSJ2ZXJ0aWNhbC1hbGlnbjp0b3A7IHBhZGRpbmc6MzBweCAwOyB0ZXh0LWFsaWduOmNlbnRl

2024-01-30 07:56:50	1	CLIENT -> SERVER: ciI+CiAgICAgICAgPHRhYmxlIHN0eWxlPSJ0ZXh0LWFsaWduOmxlZnQ7IHdpZHRoOjY4MHB4OyBt

2024-01-30 07:56:50	1	CLIENT -> SERVER: YXJnaW46MCBhdXRvOyBmb250LXNpemU6MTRweDsgYm9yZGVyLXNwYWNpbmc6MHB4Ij4KICAgICAg

2024-01-30 07:56:50	1	CLIENT -> SERVER: ICAgIDx0Ym9keT4KICAgICAgICAgICAgPHRyPgogICAgICAgICAgICAgIDx0ZCBiZ2NvbG9yPSIj

2024-01-30 07:56:50	1	CLIENT -> SERVER: ZmZmIiBzdHlsZT0icGFkZGluZzogMTVweDsiPgogICAgICAgICAgICAgICAgPGZvbnQgY29sb3I9

2024-01-30 07:56:50	1	CLIENT -> SERVER: IiM3NzciIHN0eWxlPSJmb250LXNpemU6MThweCI+0KHQvtC+0LHRidC10L3QuNC1INGBINGE0L7R

2024-01-30 07:56:50	1	CLIENT -> SERVER: gNC80Ysg0L7QsdGA0LDRgtC90L7QuSDRgdCy0Y/Qt9C4PC9mb250PgogICAgICAgICAgICAgIDwv

2024-01-30 07:56:50	1	CLIENT -> SERVER: dGQ+CiAgICAgICAgICAgIDwvdHI+CiAgICAgICAgICAgIDx0cj4KICAgICAgICAgICAgICA8dGQg

2024-01-30 07:56:50	1	CLIENT -> SERVER: aGVpZ2h0PSIyNSI+PC90ZD4KICAgICAgICAgICAgPC90cj4KICAgICAgICAgICAgPHRyPgogICAg

2024-01-30 07:56:50	1	CLIENT -> SERVER: ICAgICAgICAgIDx0ZCBiZ2NvbG9yPSIjZmZmIiBzdHlsZT0icGFkZGluZzogMTVweDsiPgogICAg

2024-01-30 07:56:50	1	CLIENT -> SERVER: ICAgICAgICAgICAg0J/QvtC70YzQt9C+0LLQsNGC0LXQu9GMIDxiPtCQ0L3QtNGA0LXQuTwvYj4g

2024-01-30 07:56:50	1	CLIENT -> SERVER: 0L7RgdGC0LDQstC40Lsg0YHQu9C10LTRg9GO0YnQtdC1INGB0L7QvtCx0YnQtdC90LjQtToKICAg

2024-01-30 07:56:50	1	CLIENT -> SERVER: ICAgICAgICAgICAgIDxocj4KICAgICAgICAgICAgICAgIAogICAgICAgICAgICAgICAgPGhyPgog

2024-01-30 07:56:50	1	CLIENT -> SERVER: ICAgICAgICAgICAgICAgPGJyPgogICAgICAgICAgICAgICAg0JzQtdGB0YHQtdC90LTQttC10YA6

2024-01-30 07:56:50	1	CLIENT -> SERVER: IDxiPlRlbGVncmFtIDwvYj4KICAgICAgICAgICAgICAgIDxicj4KICAgICAgICAgICAgICAgINCj

2024-01-30 07:56:50	1	CLIENT -> SERVER: 0YHQu9GD0LPQsDogPGI+0KTQuNGA0LzQtdC90L3Ri9C5INGB0YLQuNC70Yw8L2I+CiAgICAgICAg

2024-01-30 07:56:50	1	CLIENT -> SERVER: ICAgICAgICA8YnI+CiAgICAgICAgICAgICAgICDQkdGA0LXQvdC00LHRg9C6INC4INGE0LjRgNC8

2024-01-30 07:56:50	1	CLIENT -> SERVER: 0LXQvdC90YvQuSDRgdGC0LjQu9GMOiA8Yj7QndC10YI8L2I+CiAgICAgICAgICAgICAgICA8YnI+

2024-01-30 07:56:50	1	CLIENT -> SERVER: CiAgICAgICAgICAgICAgICDQotC10LvQtdGE0L7QvTogPGI+KzcgKDk5OSkgMjU1LTg5LTUxPC9i

2024-01-30 07:56:50	1	CLIENT -> SERVER: PgogICAgICAgICAgICAgICAgPGJyPgogICAgICAgICAgICAgICAg0JTQsNGC0LAg0L7RgtC/0YDQ

2024-01-30 07:56:50	1	CLIENT -> SERVER: sNCy0LrQuDogPGI+MzAuMDEuMjAyNCAxMDo1NjwvYj4KICAgICAgICAgICAgICAgIDxicj4KICAg

2024-01-30 07:56:50	1	CLIENT -> SERVER: ICAgICAgICAgICAgIAogICAgICAgICAgICAgIDwvdGQ+CiAgICAgICAgICAgIDwvdHI+CiAgICAg

2024-01-30 07:56:50	1	CLIENT -> SERVER: ICAgICAgIDx0cj4KICAgICAgICAgICAgICA8dGQgaGVpZ2h0PSIyNSI+PC90ZD4KICAgICAgICAg

2024-01-30 07:56:50	1	CLIENT -> SERVER: ICAgPC90cj4KICAgICAgICAgICAgPHRyPgogICAgICAgICAgICAgIDx0ZCBiZ2NvbG9yPSIjZmZm

2024-01-30 07:56:50	1	CLIENT -> SERVER: ICIgc3R5bGU9InBhZGRpbmc6IDIwcHggMTVweDsgY29sb3I6ICM3Nzc7IGZvbnQtc2l6ZTogMTRw

2024-01-30 07:56:50	1	CLIENT -> SERVER: eDsiPgogICAgICAgICAgICAgICAgPHA+JmNvcHk7IDIwMjQga2FudC1kZXNpZ24uPC9wPgogICAg

2024-01-30 07:56:50	1	CLIENT -> SERVER: ICAgICAgICAgIDwvdGQ+CiAgICAgICAgICAgIDwvdHI+CiAgICAgICAgICA8L3Rib2R5PgogICAg

2024-01-30 07:56:50	1	CLIENT -> SERVER: ICAgIDwvdGFibGU+CiAgICAgIDwvdGQ+CiAgICA8L3RyPgogIDwvdGJvZHk+CjwvdGFibGU+Cg==

2024-01-30 07:56:50	1	CLIENT -> SERVER: 

2024-01-30 07:56:50	1	CLIENT -> SERVER: .

2024-01-30 07:56:50	2	SERVER -> CLIENT: 250 2.0.0 Ok: queued on mail-nwsmtp-smtp-production-main-54.vla.yp-c.yandex.net 1706601410-ouT5er74UKo0-KoJG9r3c

2024-01-30 07:56:50	1	CLIENT -> SERVER: QUIT

2024-01-30 07:56:50	2	SERVER -> CLIENT: 221 2.0.0 Closing connecton

2024-01-30 07:57:26	2	SERVER -> CLIENT: 220 mail-nwsmtp-smtp-production-main-81.vla.yp-c.yandex.net (Want to use Yandex.Mail for your domain? Visit http://pdd.yandex.ru) 1706601446-QvTftqALlmI0

2024-01-30 07:57:26	1	CLIENT -> SERVER: EHLO kant-design.ru

2024-01-30 07:57:26	2	SERVER -> CLIENT: 250-mail-nwsmtp-smtp-production-main-81.vla.yp-c.yandex.net
250-8BITMIME
250-PIPELINING
250-SIZE 53477376
250-STARTTLS
250-AUTH LOGIN PLAIN XOAUTH2
250-DSN
250 ENHANCEDSTATUSCODES

2024-01-30 07:57:26	1	CLIENT -> SERVER: AUTH LOGIN

2024-01-30 07:57:26	2	SERVER -> CLIENT: 334 VXNlcm5hbWU6

2024-01-30 07:57:26	1	CLIENT -> SERVER: [credentials hidden]
2024-01-30 07:57:26	2	SERVER -> CLIENT: 334 UGFzc3dvcmQ6

2024-01-30 07:57:26	1	CLIENT -> SERVER: [credentials hidden]
2024-01-30 07:57:26	2	SERVER -> CLIENT: 235 2.7.0 Authentication successful. 1706601446-QvTftqALlmI0

2024-01-30 07:57:26	1	CLIENT -> SERVER: MAIL FROM:<Sales@kantdesign.ru>

2024-01-30 07:57:26	2	SERVER -> CLIENT: 250 2.1.0 <Sales@kantdesign.ru> ok 1706601446-QvTftqALlmI0-MQNVf7jD

2024-01-30 07:57:26	1	CLIENT -> SERVER: RCPT TO:<Sales@kantdesign.ru>

2024-01-30 07:57:26	2	SERVER -> CLIENT: 250 2.1.5 <Sales@kantdesign.ru> recipient ok 1706601446-QvTftqALlmI0-MQNVf7jD

2024-01-30 07:57:26	1	CLIENT -> SERVER: DATA

2024-01-30 07:57:26	2	SERVER -> CLIENT: 354 Start mail input, end with <CRLF>.<CRLF>

2024-01-30 07:57:26	1	CLIENT -> SERVER: Date: Tue, 30 Jan 2024 10:57:26 +0300

2024-01-30 07:57:26	1	CLIENT -> SERVER: To: Sales@kantdesign.ru

2024-01-30 07:57:26	1	CLIENT -> SERVER: From: "kant-design.ru" <Sales@kantdesign.ru>

2024-01-30 07:57:26	1	CLIENT -> SERVER: Subject: =?UTF-8?B?0KHQvtC+0LHRidC10L3QuNC1INGBINGE0L7RgNC80Ysg0L7QsdGA0LDRgtC9?=

2024-01-30 07:57:26	1	CLIENT -> SERVER:  =?UTF-8?B?0L7QuSDRgdCy0Y/Qt9C4?=

2024-01-30 07:57:26	1	CLIENT -> SERVER: Message-ID: <11XdJxBCin4aVpuo9uU3brcA7W1T3Rrk2HZdBc8TBo@kant-design.ru>

2024-01-30 07:57:26	1	CLIENT -> SERVER: X-Mailer: PHPMailer 6.6.0 (https://github.com/PHPMailer/PHPMailer)

2024-01-30 07:57:26	1	CLIENT -> SERVER: MIME-Version: 1.0

2024-01-30 07:57:26	1	CLIENT -> SERVER: Content-Type: text/html; charset=UTF-8

2024-01-30 07:57:26	1	CLIENT -> SERVER: Content-Transfer-Encoding: base64

2024-01-30 07:57:26	1	CLIENT -> SERVER: 

2024-01-30 07:57:26	1	CLIENT -> SERVER: PHRhYmxlIHN0eWxlPSJiYWNrZ3JvdW5kLWNvbG9yOiNmMWYxZjE7IHdpZHRoOjEwMCU7IiBhbGln

2024-01-30 07:57:26	1	CLIENT -> SERVER: bj0iY2VudGVyIiB3aWR0aD0iMTAwJSIgYm9yZGVyPSIwIiBjZWxscGFkZGluZz0iMCIgY2VsbHNw

2024-01-30 07:57:26	1	CLIENT -> SERVER: YWNpbmc9IjAiPgogIDx0Ym9keT4KICAgIDx0cj4KICAgICAgPHRkIGFsaWduPSJjZW50ZXIiIHN0

2024-01-30 07:57:26	1	CLIENT -> SERVER: eWxlPSJ2ZXJ0aWNhbC1hbGlnbjp0b3A7IHBhZGRpbmc6MzBweCAwOyB0ZXh0LWFsaWduOmNlbnRl

2024-01-30 07:57:26	1	CLIENT -> SERVER: ciI+CiAgICAgICAgPHRhYmxlIHN0eWxlPSJ0ZXh0LWFsaWduOmxlZnQ7IHdpZHRoOjY4MHB4OyBt

2024-01-30 07:57:26	1	CLIENT -> SERVER: YXJnaW46MCBhdXRvOyBmb250LXNpemU6MTRweDsgYm9yZGVyLXNwYWNpbmc6MHB4Ij4KICAgICAg

2024-01-30 07:57:26	1	CLIENT -> SERVER: ICAgIDx0Ym9keT4KICAgICAgICAgICAgPHRyPgogICAgICAgICAgICAgIDx0ZCBiZ2NvbG9yPSIj

2024-01-30 07:57:26	1	CLIENT -> SERVER: ZmZmIiBzdHlsZT0icGFkZGluZzogMTVweDsiPgogICAgICAgICAgICAgICAgPGZvbnQgY29sb3I9

2024-01-30 07:57:26	1	CLIENT -> SERVER: IiM3NzciIHN0eWxlPSJmb250LXNpemU6MThweCI+0KHQvtC+0LHRidC10L3QuNC1INGBINGE0L7R

2024-01-30 07:57:26	1	CLIENT -> SERVER: gNC80Ysg0L7QsdGA0LDRgtC90L7QuSDRgdCy0Y/Qt9C4PC9mb250PgogICAgICAgICAgICAgIDwv

2024-01-30 07:57:26	1	CLIENT -> SERVER: dGQ+CiAgICAgICAgICAgIDwvdHI+CiAgICAgICAgICAgIDx0cj4KICAgICAgICAgICAgICA8dGQg

2024-01-30 07:57:26	1	CLIENT -> SERVER: aGVpZ2h0PSIyNSI+PC90ZD4KICAgICAgICAgICAgPC90cj4KICAgICAgICAgICAgPHRyPgogICAg

2024-01-30 07:57:26	1	CLIENT -> SERVER: ICAgICAgICAgIDx0ZCBiZ2NvbG9yPSIjZmZmIiBzdHlsZT0icGFkZGluZzogMTVweDsiPgogICAg

2024-01-30 07:57:26	1	CLIENT -> SERVER: ICAgICAgICAgICAg0J/QvtC70YzQt9C+0LLQsNGC0LXQu9GMIDxiPtCQIDwvYj4g0L7RgdGC0LDQ

2024-01-30 07:57:26	1	CLIENT -> SERVER: stC40Lsg0YHQu9C10LTRg9GO0YnQtdC1INGB0L7QvtCx0YnQtdC90LjQtToKICAgICAgICAgICAg

2024-01-30 07:57:26	1	CLIENT -> SERVER: ICAgIDxocj4KICAgICAgICAgICAgICAgIAogICAgICAgICAgICAgICAgPGhyPgogICAgICAgICAg

2024-01-30 07:57:26	1	CLIENT -> SERVER: ICAgICAgPGJyPgogICAgICAgICAgICAgICAg0JzQtdGB0YHQtdC90LTQttC10YA6IDxiPlRlbGVn

2024-01-30 07:57:26	1	CLIENT -> SERVER: cmFtIDwvYj4KICAgICAgICAgICAgICAgIDxicj4KICAgICAgICAgICAgICAgINCj0YHQu9GD0LPQ

2024-01-30 07:57:26	1	CLIENT -> SERVER: sDogPGI+0JzQvtCxLiDQv9GA0LjQu9C+0LbQtdC90LjQtTwvYj4KICAgICAgICAgICAgICAgIDxi

2024-01-30 07:57:26	1	CLIENT -> SERVER: cj4KICAgICAgICAgICAgICAgINCR0YDQtdC90LTQsdGD0Log0Lgg0YTQuNGA0LzQtdC90L3Ri9C5

2024-01-30 07:57:26	1	CLIENT -> SERVER: INGB0YLQuNC70Yw6IDxiPtCU0LA8L2I+CiAgICAgICAgICAgICAgICA8YnI+CiAgICAgICAgICAg

2024-01-30 07:57:26	1	CLIENT -> SERVER: ICAgICDQotC10LvQtdGE0L7QvTogPGI+MjwvYj4KICAgICAgICAgICAgICAgIDxicj4KICAgICAg

2024-01-30 07:57:26	1	CLIENT -> SERVER: ICAgICAgICAgINCU0LDRgtCwINC+0YLQv9GA0LDQstC60Lg6IDxiPjMwLjAxLjIwMjQgMTA6NTc8

2024-01-30 07:57:26	1	CLIENT -> SERVER: L2I+CiAgICAgICAgICAgICAgICA8YnI+CiAgICAgICAgICAgICAgICAKICAgICAgICAgICAgICA8

2024-01-30 07:57:26	1	CLIENT -> SERVER: L3RkPgogICAgICAgICAgICA8L3RyPgogICAgICAgICAgICA8dHI+CiAgICAgICAgICAgICAgPHRk

2024-01-30 07:57:26	1	CLIENT -> SERVER: IGhlaWdodD0iMjUiPjwvdGQ+CiAgICAgICAgICAgIDwvdHI+CiAgICAgICAgICAgIDx0cj4KICAg

2024-01-30 07:57:26	1	CLIENT -> SERVER: ICAgICAgICAgICA8dGQgYmdjb2xvcj0iI2ZmZiAiIHN0eWxlPSJwYWRkaW5nOiAyMHB4IDE1cHg7

2024-01-30 07:57:26	1	CLIENT -> SERVER: IGNvbG9yOiAjNzc3OyBmb250LXNpemU6IDE0cHg7Ij4KICAgICAgICAgICAgICAgIDxwPiZjb3B5

2024-01-30 07:57:26	1	CLIENT -> SERVER: OyAyMDI0IGthbnQtZGVzaWduLjwvcD4KICAgICAgICAgICAgICA8L3RkPgogICAgICAgICAgICA8

2024-01-30 07:57:26	1	CLIENT -> SERVER: L3RyPgogICAgICAgICAgPC90Ym9keT4KICAgICAgICA8L3RhYmxlPgogICAgICA8L3RkPgogICAg

2024-01-30 07:57:26	1	CLIENT -> SERVER: PC90cj4KICA8L3Rib2R5Pgo8L3RhYmxlPgo=

2024-01-30 07:57:26	1	CLIENT -> SERVER: 

2024-01-30 07:57:26	1	CLIENT -> SERVER: .

2024-01-30 07:57:26	2	SERVER -> CLIENT: 250 2.0.0 Ok: queued on mail-nwsmtp-smtp-production-main-81.vla.yp-c.yandex.net 1706601446-QvTftqALlmI0-MQNVf7jD

2024-01-30 07:57:26	1	CLIENT -> SERVER: QUIT

2024-01-30 07:57:26	2	SERVER -> CLIENT: 221 2.0.0 Closing connecton

2024-01-30 08:13:13	2	SERVER -> CLIENT: 220 mail-nwsmtp-smtp-production-main-31.sas.yp-c.yandex.net (Want to use Yandex.Mail for your domain? Visit http://pdd.yandex.ru) 1706602393-DDUAoc8xF8c0

2024-01-30 08:13:13	1	CLIENT -> SERVER: EHLO kant-design.ru

2024-01-30 08:13:13	2	SERVER -> CLIENT: 250-mail-nwsmtp-smtp-production-main-31.sas.yp-c.yandex.net
250-8BITMIME
250-PIPELINING
250-SIZE 53477376
250-STARTTLS
250-AUTH LOGIN PLAIN XOAUTH2
250-DSN
250 ENHANCEDSTATUSCODES

2024-01-30 08:13:13	1	CLIENT -> SERVER: AUTH LOGIN

2024-01-30 08:13:13	2	SERVER -> CLIENT: 334 VXNlcm5hbWU6

2024-01-30 08:13:13	1	CLIENT -> SERVER: [credentials hidden]
2024-01-30 08:13:13	2	SERVER -> CLIENT: 334 UGFzc3dvcmQ6

2024-01-30 08:13:13	1	CLIENT -> SERVER: [credentials hidden]
2024-01-30 08:13:13	2	SERVER -> CLIENT: 235 2.7.0 Authentication successful. 1706602393-DDUAoc8xF8c0

2024-01-30 08:13:13	1	CLIENT -> SERVER: MAIL FROM:<Sales@kantdesign.ru>

2024-01-30 08:13:13	2	SERVER -> CLIENT: 250 2.1.0 <Sales@kantdesign.ru> ok 1706602393-DDUAoc8xF8c0-HreevIwa

2024-01-30 08:13:13	1	CLIENT -> SERVER: RCPT TO:<Sales@kantdesign.ru>

2024-01-30 08:13:13	2	SERVER -> CLIENT: 250 2.1.5 <Sales@kantdesign.ru> recipient ok 1706602393-DDUAoc8xF8c0-HreevIwa

2024-01-30 08:13:13	1	CLIENT -> SERVER: DATA

2024-01-30 08:13:13	2	SERVER -> CLIENT: 354 Start mail input, end with <CRLF>.<CRLF>

2024-01-30 08:13:13	1	CLIENT -> SERVER: Date: Tue, 30 Jan 2024 11:13:13 +0300

2024-01-30 08:13:13	1	CLIENT -> SERVER: To: Sales@kantdesign.ru

2024-01-30 08:13:13	1	CLIENT -> SERVER: From: "kant-design.ru" <Sales@kantdesign.ru>

2024-01-30 08:13:13	1	CLIENT -> SERVER: Subject: =?UTF-8?B?0KHQvtC+0LHRidC10L3QuNC1INGBINGE0L7RgNC80Ysg0L7QsdGA0LDRgtC9?=

2024-01-30 08:13:13	1	CLIENT -> SERVER:  =?UTF-8?B?0L7QuSDRgdCy0Y/Qt9C4?=

2024-01-30 08:13:13	1	CLIENT -> SERVER: Message-ID: <GWuzQ8PC4lDLvKmmURg79WhLNyT4rEySg1VCUlRh8o@kant-design.ru>

2024-01-30 08:13:13	1	CLIENT -> SERVER: X-Mailer: PHPMailer 6.6.0 (https://github.com/PHPMailer/PHPMailer)

2024-01-30 08:13:13	1	CLIENT -> SERVER: MIME-Version: 1.0

2024-01-30 08:13:13	1	CLIENT -> SERVER: Content-Type: text/html; charset=UTF-8

2024-01-30 08:13:13	1	CLIENT -> SERVER: Content-Transfer-Encoding: base64

2024-01-30 08:13:13	1	CLIENT -> SERVER: 

2024-01-30 08:13:13	1	CLIENT -> SERVER: PHRhYmxlIHN0eWxlPSJiYWNrZ3JvdW5kLWNvbG9yOiNmMWYxZjE7IHdpZHRoOjEwMCU7IiBhbGln

2024-01-30 08:13:13	1	CLIENT -> SERVER: bj0iY2VudGVyIiB3aWR0aD0iMTAwJSIgYm9yZGVyPSIwIiBjZWxscGFkZGluZz0iMCIgY2VsbHNw

2024-01-30 08:13:13	1	CLIENT -> SERVER: YWNpbmc9IjAiPgogIDx0Ym9keT4KICAgIDx0cj4KICAgICAgPHRkIGFsaWduPSJjZW50ZXIiIHN0

2024-01-30 08:13:13	1	CLIENT -> SERVER: eWxlPSJ2ZXJ0aWNhbC1hbGlnbjp0b3A7IHBhZGRpbmc6MzBweCAwOyB0ZXh0LWFsaWduOmNlbnRl

2024-01-30 08:13:13	1	CLIENT -> SERVER: ciI+CiAgICAgICAgPHRhYmxlIHN0eWxlPSJ0ZXh0LWFsaWduOmxlZnQ7IHdpZHRoOjY4MHB4OyBt

2024-01-30 08:13:13	1	CLIENT -> SERVER: YXJnaW46MCBhdXRvOyBmb250LXNpemU6MTRweDsgYm9yZGVyLXNwYWNpbmc6MHB4Ij4KICAgICAg

2024-01-30 08:13:13	1	CLIENT -> SERVER: ICAgIDx0Ym9keT4KICAgICAgICAgICAgPHRyPgogICAgICAgICAgICAgIDx0ZCBiZ2NvbG9yPSIj

2024-01-30 08:13:13	1	CLIENT -> SERVER: ZmZmIiBzdHlsZT0icGFkZGluZzogMTVweDsiPgogICAgICAgICAgICAgICAgPGZvbnQgY29sb3I9

2024-01-30 08:13:13	1	CLIENT -> SERVER: IiM3NzciIHN0eWxlPSJmb250LXNpemU6MThweCI+0KHQvtC+0LHRidC10L3QuNC1INGBINGE0L7R

2024-01-30 08:13:13	1	CLIENT -> SERVER: gNC80Ysg0L7QsdGA0LDRgtC90L7QuSDRgdCy0Y/Qt9C4PC9mb250PgogICAgICAgICAgICAgIDwv

2024-01-30 08:13:13	1	CLIENT -> SERVER: dGQ+CiAgICAgICAgICAgIDwvdHI+CiAgICAgICAgICAgIDx0cj4KICAgICAgICAgICAgICA8dGQg

2024-01-30 08:13:13	1	CLIENT -> SERVER: aGVpZ2h0PSIyNSI+PC90ZD4KICAgICAgICAgICAgPC90cj4KICAgICAgICAgICAgPHRyPgogICAg

2024-01-30 08:13:13	1	CLIENT -> SERVER: ICAgICAgICAgIDx0ZCBiZ2NvbG9yPSIjZmZmIiBzdHlsZT0icGFkZGluZzogMTVweDsiPgogICAg

2024-01-30 08:13:13	1	CLIENT -> SERVER: ICAgICAgICAgICAg0J/QvtC70YzQt9C+0LLQsNGC0LXQu9GMIDxiPtCX0LDQstC40LTQuNC5INCc

2024-01-30 08:13:13	1	CLIENT -> SERVER: 0LDQutGB0LjQvCDQrtGA0YzQtdCy0LjRhzwvYj4g0L7RgdGC0LDQstC40Lsg0YHQu9C10LTRg9GO

2024-01-30 08:13:13	1	CLIENT -> SERVER: 0YnQtdC1INGB0L7QvtCx0YnQtdC90LjQtToKICAgICAgICAgICAgICAgIDxocj4KICAgICAgICAg

2024-01-30 08:13:13	1	CLIENT -> SERVER: ICAgICAgIAogICAgICAgICAgICAgICAgPGhyPgogICAgICAgICAgICAgICAgPGJyPgogICAgICAg

2024-01-30 08:13:13	1	CLIENT -> SERVER: ICAgICAgICAg0JzQtdGB0YHQtdC90LTQttC10YA6IDxiPjwvYj4KICAgICAgICAgICAgICAgIDxi

2024-01-30 08:13:13	1	CLIENT -> SERVER: cj4KICAgICAgICAgICAgICAgINCj0YHQu9GD0LPQsDogPGI+PC9iPgogICAgICAgICAgICAgICAg

2024-01-30 08:13:13	1	CLIENT -> SERVER: PGJyPgogICAgICAgICAgICAgICAg0JHRgNC10L3QtNCx0YPQuiDQuCDRhNC40YDQvNC10L3QvdGL

2024-01-30 08:13:13	1	CLIENT -> SERVER: 0Lkg0YHRgtC40LvRjDogPGI+PC9iPgogICAgICAgICAgICAgICAgPGJyPgogICAgICAgICAgICAg

2024-01-30 08:13:13	1	CLIENT -> SERVER: ICAg0KLQtdC70LXRhNC+0L06IDxiPjc2PC9iPgogICAgICAgICAgICAgICAgPGJyPgogICAgICAg

2024-01-30 08:13:13	1	CLIENT -> SERVER: ICAgICAgICAg0JTQsNGC0LAg0L7RgtC/0YDQsNCy0LrQuDogPGI+MzAuMDEuMjAyNCAxMToxMzwv

2024-01-30 08:13:13	1	CLIENT -> SERVER: Yj4KICAgICAgICAgICAgICAgIDxicj4KICAgICAgICAgICAgICAgIAogICAgICAgICAgICAgIDwv

2024-01-30 08:13:13	1	CLIENT -> SERVER: dGQ+CiAgICAgICAgICAgIDwvdHI+CiAgICAgICAgICAgIDx0cj4KICAgICAgICAgICAgICA8dGQg

2024-01-30 08:13:13	1	CLIENT -> SERVER: aGVpZ2h0PSIyNSI+PC90ZD4KICAgICAgICAgICAgPC90cj4KICAgICAgICAgICAgPHRyPgogICAg

2024-01-30 08:13:13	1	CLIENT -> SERVER: ICAgICAgICAgIDx0ZCBiZ2NvbG9yPSIjZmZmICIgc3R5bGU9InBhZGRpbmc6IDIwcHggMTVweDsg

2024-01-30 08:13:13	1	CLIENT -> SERVER: Y29sb3I6ICM3Nzc7IGZvbnQtc2l6ZTogMTRweDsiPgogICAgICAgICAgICAgICAgPHA+JmNvcHk7

2024-01-30 08:13:13	1	CLIENT -> SERVER: IDIwMjQga2FudC1kZXNpZ24uPC9wPgogICAgICAgICAgICAgIDwvdGQ+CiAgICAgICAgICAgIDwv

2024-01-30 08:13:13	1	CLIENT -> SERVER: dHI+CiAgICAgICAgICA8L3Rib2R5PgogICAgICAgIDwvdGFibGU+CiAgICAgIDwvdGQ+CiAgICA8

2024-01-30 08:13:13	1	CLIENT -> SERVER: L3RyPgogIDwvdGJvZHk+CjwvdGFibGU+Cg==

2024-01-30 08:13:13	1	CLIENT -> SERVER: 

2024-01-30 08:13:13	1	CLIENT -> SERVER: .

2024-01-30 08:13:13	2	SERVER -> CLIENT: 250 2.0.0 Ok: queued on mail-nwsmtp-smtp-production-main-31.sas.yp-c.yandex.net 1706602393-DDUAoc8xF8c0-HreevIwa

2024-01-30 08:13:13	1	CLIENT -> SERVER: QUIT

2024-01-30 08:13:13	2	SERVER -> CLIENT: 221 2.0.0 Closing connecton

2024-01-30 08:13:28	2	SERVER -> CLIENT: 220 mail-nwsmtp-smtp-production-main-59.iva.yp-c.yandex.net (Want to use Yandex.Mail for your domain? Visit http://pdd.yandex.ru) 1706602408-SDUpVcUOlGk0

2024-01-30 08:13:28	1	CLIENT -> SERVER: EHLO kant-design.ru

2024-01-30 08:13:28	2	SERVER -> CLIENT: 250-mail-nwsmtp-smtp-production-main-59.iva.yp-c.yandex.net
250-8BITMIME
250-PIPELINING
250-SIZE 53477376
250-STARTTLS
250-AUTH LOGIN PLAIN XOAUTH2
250-DSN
250 ENHANCEDSTATUSCODES

2024-01-30 08:13:28	1	CLIENT -> SERVER: AUTH LOGIN

2024-01-30 08:13:28	2	SERVER -> CLIENT: 334 VXNlcm5hbWU6

2024-01-30 08:13:28	1	CLIENT -> SERVER: [credentials hidden]
2024-01-30 08:13:28	2	SERVER -> CLIENT: 334 UGFzc3dvcmQ6

2024-01-30 08:13:28	1	CLIENT -> SERVER: [credentials hidden]
2024-01-30 08:13:28	2	SERVER -> CLIENT: 235 2.7.0 Authentication successful. 1706602408-SDUpVcUOlGk0

2024-01-30 08:13:28	1	CLIENT -> SERVER: MAIL FROM:<Sales@kantdesign.ru>

2024-01-30 08:13:28	2	SERVER -> CLIENT: 250 2.1.0 <Sales@kantdesign.ru> ok 1706602408-SDUpVcUOlGk0-J5UyNnsY

2024-01-30 08:13:28	1	CLIENT -> SERVER: RCPT TO:<Sales@kantdesign.ru>

2024-01-30 08:13:28	2	SERVER -> CLIENT: 250 2.1.5 <Sales@kantdesign.ru> recipient ok 1706602408-SDUpVcUOlGk0-J5UyNnsY

2024-01-30 08:13:28	1	CLIENT -> SERVER: DATA

2024-01-30 08:13:28	2	SERVER -> CLIENT: 354 Start mail input, end with <CRLF>.<CRLF>

2024-01-30 08:13:28	1	CLIENT -> SERVER: Date: Tue, 30 Jan 2024 11:13:28 +0300

2024-01-30 08:13:28	1	CLIENT -> SERVER: To: Sales@kantdesign.ru

2024-01-30 08:13:28	1	CLIENT -> SERVER: From: "kant-design.ru" <Sales@kantdesign.ru>

2024-01-30 08:13:28	1	CLIENT -> SERVER: Subject: =?UTF-8?B?0KHQvtC+0LHRidC10L3QuNC1INGBINGE0L7RgNC80Ysg0L7QsdGA0LDRgtC9?=

2024-01-30 08:13:28	1	CLIENT -> SERVER:  =?UTF-8?B?0L7QuSDRgdCy0Y/Qt9C4?=

2024-01-30 08:13:28	1	CLIENT -> SERVER: Message-ID: <4pXl8UllNopYCzaUlDpPKKEmgRs3SCRQ1URafomkk4@kant-design.ru>

2024-01-30 08:13:28	1	CLIENT -> SERVER: X-Mailer: PHPMailer 6.6.0 (https://github.com/PHPMailer/PHPMailer)

2024-01-30 08:13:28	1	CLIENT -> SERVER: MIME-Version: 1.0

2024-01-30 08:13:28	1	CLIENT -> SERVER: Content-Type: text/html; charset=UTF-8

2024-01-30 08:13:28	1	CLIENT -> SERVER: Content-Transfer-Encoding: base64

2024-01-30 08:13:28	1	CLIENT -> SERVER: 

2024-01-30 08:13:28	1	CLIENT -> SERVER: PHRhYmxlIHN0eWxlPSJiYWNrZ3JvdW5kLWNvbG9yOiNmMWYxZjE7IHdpZHRoOjEwMCU7IiBhbGln

2024-01-30 08:13:28	1	CLIENT -> SERVER: bj0iY2VudGVyIiB3aWR0aD0iMTAwJSIgYm9yZGVyPSIwIiBjZWxscGFkZGluZz0iMCIgY2VsbHNw

2024-01-30 08:13:28	1	CLIENT -> SERVER: YWNpbmc9IjAiPgogIDx0Ym9keT4KICAgIDx0cj4KICAgICAgPHRkIGFsaWduPSJjZW50ZXIiIHN0

2024-01-30 08:13:28	1	CLIENT -> SERVER: eWxlPSJ2ZXJ0aWNhbC1hbGlnbjp0b3A7IHBhZGRpbmc6MzBweCAwOyB0ZXh0LWFsaWduOmNlbnRl

2024-01-30 08:13:28	1	CLIENT -> SERVER: ciI+CiAgICAgICAgPHRhYmxlIHN0eWxlPSJ0ZXh0LWFsaWduOmxlZnQ7IHdpZHRoOjY4MHB4OyBt

2024-01-30 08:13:28	1	CLIENT -> SERVER: YXJnaW46MCBhdXRvOyBmb250LXNpemU6MTRweDsgYm9yZGVyLXNwYWNpbmc6MHB4Ij4KICAgICAg

2024-01-30 08:13:28	1	CLIENT -> SERVER: ICAgIDx0Ym9keT4KICAgICAgICAgICAgPHRyPgogICAgICAgICAgICAgIDx0ZCBiZ2NvbG9yPSIj

2024-01-30 08:13:28	1	CLIENT -> SERVER: ZmZmIiBzdHlsZT0icGFkZGluZzogMTVweDsiPgogICAgICAgICAgICAgICAgPGZvbnQgY29sb3I9

2024-01-30 08:13:28	1	CLIENT -> SERVER: IiM3NzciIHN0eWxlPSJmb250LXNpemU6MThweCI+0KHQvtC+0LHRidC10L3QuNC1INGBINGE0L7R

2024-01-30 08:13:28	1	CLIENT -> SERVER: gNC80Ysg0L7QsdGA0LDRgtC90L7QuSDRgdCy0Y/Qt9C4PC9mb250PgogICAgICAgICAgICAgIDwv

2024-01-30 08:13:28	1	CLIENT -> SERVER: dGQ+CiAgICAgICAgICAgIDwvdHI+CiAgICAgICAgICAgIDx0cj4KICAgICAgICAgICAgICA8dGQg

2024-01-30 08:13:28	1	CLIENT -> SERVER: aGVpZ2h0PSIyNSI+PC90ZD4KICAgICAgICAgICAgPC90cj4KICAgICAgICAgICAgPHRyPgogICAg

2024-01-30 08:13:28	1	CLIENT -> SERVER: ICAgICAgICAgIDx0ZCBiZ2NvbG9yPSIjZmZmIiBzdHlsZT0icGFkZGluZzogMTVweDsiPgogICAg

2024-01-30 08:13:28	1	CLIENT -> SERVER: ICAgICAgICAgICAg0J/QvtC70YzQt9C+0LLQsNGC0LXQu9GMIDxiPtCX0LDQstC40LTQuNC5INCc

2024-01-30 08:13:28	1	CLIENT -> SERVER: 0LDQutGB0LjQvCDQrtGA0YzQtdCy0LjRhzwvYj4g0L7RgdGC0LDQstC40Lsg0YHQu9C10LTRg9GO

2024-01-30 08:13:28	1	CLIENT -> SERVER: 0YnQtdC1INGB0L7QvtCx0YnQtdC90LjQtToKICAgICAgICAgICAgICAgIDxocj4KICAgICAgICAg

2024-01-30 08:13:28	1	CLIENT -> SERVER: ICAgICAgIAogICAgICAgICAgICAgICAgPGhyPgogICAgICAgICAgICAgICAgPGJyPgogICAgICAg

2024-01-30 08:13:28	1	CLIENT -> SERVER: ICAgICAgICAg0JzQtdGB0YHQtdC90LTQttC10YA6IDxiPjwvYj4KICAgICAgICAgICAgICAgIDxi

2024-01-30 08:13:28	1	CLIENT -> SERVER: cj4KICAgICAgICAgICAgICAgINCj0YHQu9GD0LPQsDogPGI+PC9iPgogICAgICAgICAgICAgICAg

2024-01-30 08:13:28	1	CLIENT -> SERVER: PGJyPgogICAgICAgICAgICAgICAg0JHRgNC10L3QtNCx0YPQuiDQuCDRhNC40YDQvNC10L3QvdGL

2024-01-30 08:13:28	1	CLIENT -> SERVER: 0Lkg0YHRgtC40LvRjDogPGI+PC9iPgogICAgICAgICAgICAgICAgPGJyPgogICAgICAgICAgICAg

2024-01-30 08:13:28	1	CLIENT -> SERVER: ICAg0KLQtdC70LXRhNC+0L06IDxiPjQyMzwvYj4KICAgICAgICAgICAgICAgIDxicj4KICAgICAg

2024-01-30 08:13:28	1	CLIENT -> SERVER: ICAgICAgICAgINCU0LDRgtCwINC+0YLQv9GA0LDQstC60Lg6IDxiPjMwLjAxLjIwMjQgMTE6MTM8

2024-01-30 08:13:28	1	CLIENT -> SERVER: L2I+CiAgICAgICAgICAgICAgICA8YnI+CiAgICAgICAgICAgICAgICAKICAgICAgICAgICAgICA8

2024-01-30 08:13:28	1	CLIENT -> SERVER: L3RkPgogICAgICAgICAgICA8L3RyPgogICAgICAgICAgICA8dHI+CiAgICAgICAgICAgICAgPHRk

2024-01-30 08:13:28	1	CLIENT -> SERVER: IGhlaWdodD0iMjUiPjwvdGQ+CiAgICAgICAgICAgIDwvdHI+CiAgICAgICAgICAgIDx0cj4KICAg

2024-01-30 08:13:28	1	CLIENT -> SERVER: ICAgICAgICAgICA8dGQgYmdjb2xvcj0iI2ZmZiAiIHN0eWxlPSJwYWRkaW5nOiAyMHB4IDE1cHg7

2024-01-30 08:13:28	1	CLIENT -> SERVER: IGNvbG9yOiAjNzc3OyBmb250LXNpemU6IDE0cHg7Ij4KICAgICAgICAgICAgICAgIDxwPiZjb3B5

2024-01-30 08:13:28	1	CLIENT -> SERVER: OyAyMDI0IGthbnQtZGVzaWduLjwvcD4KICAgICAgICAgICAgICA8L3RkPgogICAgICAgICAgICA8

2024-01-30 08:13:28	1	CLIENT -> SERVER: L3RyPgogICAgICAgICAgPC90Ym9keT4KICAgICAgICA8L3RhYmxlPgogICAgICA8L3RkPgogICAg

2024-01-30 08:13:28	1	CLIENT -> SERVER: PC90cj4KICA8L3Rib2R5Pgo8L3RhYmxlPgo=

2024-01-30 08:13:28	1	CLIENT -> SERVER: 

2024-01-30 08:13:28	1	CLIENT -> SERVER: .

2024-01-30 08:13:29	2	SERVER -> CLIENT: 250 2.0.0 Ok: queued on mail-nwsmtp-smtp-production-main-59.iva.yp-c.yandex.net 1706602409-SDUpVcUOlGk0-J5UyNnsY

2024-01-30 08:13:29	1	CLIENT -> SERVER: QUIT

2024-01-30 08:13:29	2	SERVER -> CLIENT: 221 2.0.0 Closing connecton

2024-01-30 08:13:54	2	SERVER -> CLIENT: 220 mail-nwsmtp-smtp-production-main-36.iva.yp-c.yandex.net (Want to use Yandex.Mail for your domain? Visit http://pdd.yandex.ru) 1706602434-sDUlPl7wPa60

2024-01-30 08:13:54	1	CLIENT -> SERVER: EHLO kant-design.ru

2024-01-30 08:13:54	2	SERVER -> CLIENT: 250-mail-nwsmtp-smtp-production-main-36.iva.yp-c.yandex.net
250-8BITMIME
250-PIPELINING
250-SIZE 53477376
250-STARTTLS
250-AUTH LOGIN PLAIN XOAUTH2
250-DSN
250 ENHANCEDSTATUSCODES

2024-01-30 08:13:54	1	CLIENT -> SERVER: AUTH LOGIN

2024-01-30 08:13:54	2	SERVER -> CLIENT: 334 VXNlcm5hbWU6

2024-01-30 08:13:54	1	CLIENT -> SERVER: [credentials hidden]
2024-01-30 08:13:54	2	SERVER -> CLIENT: 334 UGFzc3dvcmQ6

2024-01-30 08:13:54	1	CLIENT -> SERVER: [credentials hidden]
2024-01-30 08:13:54	2	SERVER -> CLIENT: 235 2.7.0 Authentication successful. 1706602434-sDUlPl7wPa60

2024-01-30 08:13:54	1	CLIENT -> SERVER: MAIL FROM:<Sales@kantdesign.ru>

2024-01-30 08:13:54	2	SERVER -> CLIENT: 250 2.1.0 <Sales@kantdesign.ru> ok 1706602434-sDUlPl7wPa60-mkiOYSsS

2024-01-30 08:13:54	1	CLIENT -> SERVER: RCPT TO:<Sales@kantdesign.ru>

2024-01-30 08:13:54	2	SERVER -> CLIENT: 250 2.1.5 <Sales@kantdesign.ru> recipient ok 1706602434-sDUlPl7wPa60-mkiOYSsS

2024-01-30 08:13:54	1	CLIENT -> SERVER: DATA

2024-01-30 08:13:54	2	SERVER -> CLIENT: 354 Start mail input, end with <CRLF>.<CRLF>

2024-01-30 08:13:54	1	CLIENT -> SERVER: Date: Tue, 30 Jan 2024 11:13:54 +0300

2024-01-30 08:13:54	1	CLIENT -> SERVER: To: Sales@kantdesign.ru

2024-01-30 08:13:54	1	CLIENT -> SERVER: From: "kant-design.ru" <Sales@kantdesign.ru>

2024-01-30 08:13:54	1	CLIENT -> SERVER: Subject: =?UTF-8?B?0KHQvtC+0LHRidC10L3QuNC1INGBINGE0L7RgNC80Ysg0L7QsdGA0LDRgtC9?=

2024-01-30 08:13:54	1	CLIENT -> SERVER:  =?UTF-8?B?0L7QuSDRgdCy0Y/Qt9C4?=

2024-01-30 08:13:54	1	CLIENT -> SERVER: Message-ID: <6cJVXvDl7nvQwhvStPehwU6KVUk6lIcm9xmRkJZmY@kant-design.ru>

2024-01-30 08:13:54	1	CLIENT -> SERVER: X-Mailer: PHPMailer 6.6.0 (https://github.com/PHPMailer/PHPMailer)

2024-01-30 08:13:54	1	CLIENT -> SERVER: MIME-Version: 1.0

2024-01-30 08:13:54	1	CLIENT -> SERVER: Content-Type: text/html; charset=UTF-8

2024-01-30 08:13:54	1	CLIENT -> SERVER: Content-Transfer-Encoding: base64

2024-01-30 08:13:54	1	CLIENT -> SERVER: 

2024-01-30 08:13:54	1	CLIENT -> SERVER: PHRhYmxlIHN0eWxlPSJiYWNrZ3JvdW5kLWNvbG9yOiNmMWYxZjE7IHdpZHRoOjEwMCU7IiBhbGln

2024-01-30 08:13:54	1	CLIENT -> SERVER: bj0iY2VudGVyIiB3aWR0aD0iMTAwJSIgYm9yZGVyPSIwIiBjZWxscGFkZGluZz0iMCIgY2VsbHNw

2024-01-30 08:13:54	1	CLIENT -> SERVER: YWNpbmc9IjAiPgogIDx0Ym9keT4KICAgIDx0cj4KICAgICAgPHRkIGFsaWduPSJjZW50ZXIiIHN0

2024-01-30 08:13:54	1	CLIENT -> SERVER: eWxlPSJ2ZXJ0aWNhbC1hbGlnbjp0b3A7IHBhZGRpbmc6MzBweCAwOyB0ZXh0LWFsaWduOmNlbnRl

2024-01-30 08:13:54	1	CLIENT -> SERVER: ciI+CiAgICAgICAgPHRhYmxlIHN0eWxlPSJ0ZXh0LWFsaWduOmxlZnQ7IHdpZHRoOjY4MHB4OyBt

2024-01-30 08:13:54	1	CLIENT -> SERVER: YXJnaW46MCBhdXRvOyBmb250LXNpemU6MTRweDsgYm9yZGVyLXNwYWNpbmc6MHB4Ij4KICAgICAg

2024-01-30 08:13:54	1	CLIENT -> SERVER: ICAgIDx0Ym9keT4KICAgICAgICAgICAgPHRyPgogICAgICAgICAgICAgIDx0ZCBiZ2NvbG9yPSIj

2024-01-30 08:13:54	1	CLIENT -> SERVER: ZmZmIiBzdHlsZT0icGFkZGluZzogMTVweDsiPgogICAgICAgICAgICAgICAgPGZvbnQgY29sb3I9

2024-01-30 08:13:54	1	CLIENT -> SERVER: IiM3NzciIHN0eWxlPSJmb250LXNpemU6MThweCI+0KHQvtC+0LHRidC10L3QuNC1INGBINGE0L7R

2024-01-30 08:13:54	1	CLIENT -> SERVER: gNC80Ysg0L7QsdGA0LDRgtC90L7QuSDRgdCy0Y/Qt9C4PC9mb250PgogICAgICAgICAgICAgIDwv

2024-01-30 08:13:54	1	CLIENT -> SERVER: dGQ+CiAgICAgICAgICAgIDwvdHI+CiAgICAgICAgICAgIDx0cj4KICAgICAgICAgICAgICA8dGQg

2024-01-30 08:13:54	1	CLIENT -> SERVER: aGVpZ2h0PSIyNSI+PC90ZD4KICAgICAgICAgICAgPC90cj4KICAgICAgICAgICAgPHRyPgogICAg

2024-01-30 08:13:54	1	CLIENT -> SERVER: ICAgICAgICAgIDx0ZCBiZ2NvbG9yPSIjZmZmIiBzdHlsZT0icGFkZGluZzogMTVweDsiPgogICAg

2024-01-30 08:13:54	1	CLIENT -> SERVER: ICAgICAgICAgICAg0J/QvtC70YzQt9C+0LLQsNGC0LXQu9GMIDxiPtCy0LDQvzwvYj4g0L7RgdGC

2024-01-30 08:13:54	1	CLIENT -> SERVER: 0LDQstC40Lsg0YHQu9C10LTRg9GO0YnQtdC1INGB0L7QvtCx0YnQtdC90LjQtToKICAgICAgICAg

2024-01-30 08:13:54	1	CLIENT -> SERVER: ICAgICAgIDxocj4KICAgICAgICAgICAgICAgIAogICAgICAgICAgICAgICAgPGhyPgogICAgICAg

2024-01-30 08:13:54	1	CLIENT -> SERVER: ICAgICAgICAgPGJyPgogICAgICAgICAgICAgICAg0JzQtdGB0YHQtdC90LTQttC10YA6IDxiPjwv

2024-01-30 08:13:54	1	CLIENT -> SERVER: Yj4KICAgICAgICAgICAgICAgIDxicj4KICAgICAgICAgICAgICAgINCj0YHQu9GD0LPQsDogPGI+

2024-01-30 08:13:54	1	CLIENT -> SERVER: PC9iPgogICAgICAgICAgICAgICAgPGJyPgogICAgICAgICAgICAgICAg0JHRgNC10L3QtNCx0YPQ

2024-01-30 08:13:54	1	CLIENT -> SERVER: uiDQuCDRhNC40YDQvNC10L3QvdGL0Lkg0YHRgtC40LvRjDogPGI+PC9iPgogICAgICAgICAgICAg

2024-01-30 08:13:54	1	CLIENT -> SERVER: ICAgPGJyPgogICAgICAgICAgICAgICAg0KLQtdC70LXRhNC+0L06IDxiPjg5NTIxMTcyMzE4PC9i

2024-01-30 08:13:54	1	CLIENT -> SERVER: PgogICAgICAgICAgICAgICAgPGJyPgogICAgICAgICAgICAgICAg0JTQsNGC0LAg0L7RgtC/0YDQ

2024-01-30 08:13:54	1	CLIENT -> SERVER: sNCy0LrQuDogPGI+MzAuMDEuMjAyNCAxMToxMzwvYj4KICAgICAgICAgICAgICAgIDxicj4KICAg

2024-01-30 08:13:54	1	CLIENT -> SERVER: ICAgICAgICAgICAgIAogICAgICAgICAgICAgIDwvdGQ+CiAgICAgICAgICAgIDwvdHI+CiAgICAg

2024-01-30 08:13:54	1	CLIENT -> SERVER: ICAgICAgIDx0cj4KICAgICAgICAgICAgICA8dGQgaGVpZ2h0PSIyNSI+PC90ZD4KICAgICAgICAg

2024-01-30 08:13:54	1	CLIENT -> SERVER: ICAgPC90cj4KICAgICAgICAgICAgPHRyPgogICAgICAgICAgICAgIDx0ZCBiZ2NvbG9yPSIjZmZm

2024-01-30 08:13:54	1	CLIENT -> SERVER: ICIgc3R5bGU9InBhZGRpbmc6IDIwcHggMTVweDsgY29sb3I6ICM3Nzc7IGZvbnQtc2l6ZTogMTRw

2024-01-30 08:13:54	1	CLIENT -> SERVER: eDsiPgogICAgICAgICAgICAgICAgPHA+JmNvcHk7IDIwMjQga2FudC1kZXNpZ24uPC9wPgogICAg

2024-01-30 08:13:54	1	CLIENT -> SERVER: ICAgICAgICAgIDwvdGQ+CiAgICAgICAgICAgIDwvdHI+CiAgICAgICAgICA8L3Rib2R5PgogICAg

2024-01-30 08:13:54	1	CLIENT -> SERVER: ICAgIDwvdGFibGU+CiAgICAgIDwvdGQ+CiAgICA8L3RyPgogIDwvdGJvZHk+CjwvdGFibGU+Cg==

2024-01-30 08:13:54	1	CLIENT -> SERVER: 

2024-01-30 08:13:54	1	CLIENT -> SERVER: .

2024-01-30 08:13:54	2	SERVER -> CLIENT: 250 2.0.0 Ok: queued on mail-nwsmtp-smtp-production-main-36.iva.yp-c.yandex.net 1706602434-sDUlPl7wPa60-mkiOYSsS

2024-01-30 08:13:54	1	CLIENT -> SERVER: QUIT

2024-01-30 08:13:54	2	SERVER -> CLIENT: 221 2.0.0 Closing connecton

2024-01-30 08:30:08	2	SERVER -> CLIENT: 220 mail-nwsmtp-smtp-production-main-31.vla.yp-c.yandex.net (Want to use Yandex.Mail for your domain? Visit http://pdd.yandex.ru) 1706603408-8UUQQC89bW20

2024-01-30 08:30:08	1	CLIENT -> SERVER: EHLO kant-design.ru

2024-01-30 08:30:08	2	SERVER -> CLIENT: 250-mail-nwsmtp-smtp-production-main-31.vla.yp-c.yandex.net
250-8BITMIME
250-PIPELINING
250-SIZE 53477376
250-STARTTLS
250-AUTH LOGIN PLAIN XOAUTH2
250-DSN
250 ENHANCEDSTATUSCODES

2024-01-30 08:30:08	1	CLIENT -> SERVER: AUTH LOGIN

2024-01-30 08:30:08	2	SERVER -> CLIENT: 334 VXNlcm5hbWU6

2024-01-30 08:30:08	1	CLIENT -> SERVER: [credentials hidden]
2024-01-30 08:30:08	2	SERVER -> CLIENT: 334 UGFzc3dvcmQ6

2024-01-30 08:30:08	1	CLIENT -> SERVER: [credentials hidden]
2024-01-30 08:30:08	2	SERVER -> CLIENT: 235 2.7.0 Authentication successful. 1706603408-8UUQQC89bW20

2024-01-30 08:30:08	1	CLIENT -> SERVER: MAIL FROM:<Sales@kantdesign.ru>

2024-01-30 08:30:08	2	SERVER -> CLIENT: 250 2.1.0 <Sales@kantdesign.ru> ok 1706603408-8UUQQC89bW20-i0AjYErP

2024-01-30 08:30:08	1	CLIENT -> SERVER: RCPT TO:<Sales@kantdesign.ru>

2024-01-30 08:30:08	2	SERVER -> CLIENT: 250 2.1.5 <Sales@kantdesign.ru> recipient ok 1706603408-8UUQQC89bW20-i0AjYErP

2024-01-30 08:30:08	1	CLIENT -> SERVER: DATA

2024-01-30 08:30:08	2	SERVER -> CLIENT: 354 Start mail input, end with <CRLF>.<CRLF>

2024-01-30 08:30:08	1	CLIENT -> SERVER: Date: Tue, 30 Jan 2024 11:30:08 +0300

2024-01-30 08:30:08	1	CLIENT -> SERVER: To: Sales@kantdesign.ru

2024-01-30 08:30:08	1	CLIENT -> SERVER: From: "kant-design.ru" <Sales@kantdesign.ru>

2024-01-30 08:30:08	1	CLIENT -> SERVER: Subject: =?UTF-8?B?0KHQvtC+0LHRidC10L3QuNC1INGBINGE0L7RgNC80Ysg0L7QsdGA0LDRgtC9?=

2024-01-30 08:30:08	1	CLIENT -> SERVER:  =?UTF-8?B?0L7QuSDRgdCy0Y/Qt9C4?=

2024-01-30 08:30:08	1	CLIENT -> SERVER: Message-ID: <VbRoXQswif06OPnOtIr0PfomDOqO0HYi7lgrrNooBE@kant-design.ru>

2024-01-30 08:30:08	1	CLIENT -> SERVER: X-Mailer: PHPMailer 6.6.0 (https://github.com/PHPMailer/PHPMailer)

2024-01-30 08:30:08	1	CLIENT -> SERVER: MIME-Version: 1.0

2024-01-30 08:30:08	1	CLIENT -> SERVER: Content-Type: text/html; charset=UTF-8

2024-01-30 08:30:08	1	CLIENT -> SERVER: Content-Transfer-Encoding: base64

2024-01-30 08:30:08	1	CLIENT -> SERVER: 

2024-01-30 08:30:08	1	CLIENT -> SERVER: PHRhYmxlIHN0eWxlPSJiYWNrZ3JvdW5kLWNvbG9yOiNmMWYxZjE7IHdpZHRoOjEwMCU7IiBhbGln

2024-01-30 08:30:08	1	CLIENT -> SERVER: bj0iY2VudGVyIiB3aWR0aD0iMTAwJSIgYm9yZGVyPSIwIiBjZWxscGFkZGluZz0iMCIgY2VsbHNw

2024-01-30 08:30:08	1	CLIENT -> SERVER: YWNpbmc9IjAiPgogIDx0Ym9keT4KICAgIDx0cj4KICAgICAgPHRkIGFsaWduPSJjZW50ZXIiIHN0

2024-01-30 08:30:08	1	CLIENT -> SERVER: eWxlPSJ2ZXJ0aWNhbC1hbGlnbjp0b3A7IHBhZGRpbmc6MzBweCAwOyB0ZXh0LWFsaWduOmNlbnRl

2024-01-30 08:30:08	1	CLIENT -> SERVER: ciI+CiAgICAgICAgPHRhYmxlIHN0eWxlPSJ0ZXh0LWFsaWduOmxlZnQ7IHdpZHRoOjY4MHB4OyBt

2024-01-30 08:30:08	1	CLIENT -> SERVER: YXJnaW46MCBhdXRvOyBmb250LXNpemU6MTRweDsgYm9yZGVyLXNwYWNpbmc6MHB4Ij4KICAgICAg

2024-01-30 08:30:08	1	CLIENT -> SERVER: ICAgIDx0Ym9keT4KICAgICAgICAgICAgPHRyPgogICAgICAgICAgICAgIDx0ZCBiZ2NvbG9yPSIj

2024-01-30 08:30:08	1	CLIENT -> SERVER: ZmZmIiBzdHlsZT0icGFkZGluZzogMTVweDsiPgogICAgICAgICAgICAgICAgPGZvbnQgY29sb3I9

2024-01-30 08:30:08	1	CLIENT -> SERVER: IiM3NzciIHN0eWxlPSJmb250LXNpemU6MThweCI+0KHQvtC+0LHRidC10L3QuNC1INGBINGE0L7R

2024-01-30 08:30:08	1	CLIENT -> SERVER: gNC80Ysg0L7QsdGA0LDRgtC90L7QuSDRgdCy0Y/Qt9C4PC9mb250PgogICAgICAgICAgICAgIDwv

2024-01-30 08:30:08	1	CLIENT -> SERVER: dGQ+CiAgICAgICAgICAgIDwvdHI+CiAgICAgICAgICAgIDx0cj4KICAgICAgICAgICAgICA8dGQg

2024-01-30 08:30:08	1	CLIENT -> SERVER: aGVpZ2h0PSIyNSI+PC90ZD4KICAgICAgICAgICAgPC90cj4KICAgICAgICAgICAgPHRyPgogICAg

2024-01-30 08:30:08	1	CLIENT -> SERVER: ICAgICAgICAgIDx0ZCBiZ2NvbG9yPSIjZmZmIiBzdHlsZT0icGFkZGluZzogMTVweDsiPgogICAg

2024-01-30 08:30:08	1	CLIENT -> SERVER: ICAgICAgICAgICAg0J/QvtC70YzQt9C+0LLQsNGC0LXQu9GMIDxiPtCc0LDQutGB0LjQvCDQl9Cw

2024-01-30 08:30:08	1	CLIENT -> SERVER: 0LLQuNC00LjQuTwvYj4g0L7RgdGC0LDQstC40Lsg0YHQu9C10LTRg9GO0YnQtdC1INGB0L7QvtCx

2024-01-30 08:30:08	1	CLIENT -> SERVER: 0YnQtdC90LjQtToKICAgICAgICAgICAgICAgIDxocj4KICAgICAgICAgICAgICAgINCf0YDQvtCy

2024-01-30 08:30:08	1	CLIENT -> SERVER: 0LXRgNC60LAg0YTQvtGA0LzRiwogICAgICAgICAgICAgICAgPGhyPgogICAgICAgICAgICAgICAg

2024-01-30 08:30:08	1	CLIENT -> SERVER: PGJyPgogICAgICAgICAgICAgICAg0JzQtdGB0YHQtdC90LTQttC10YA6IDxiPlRlbGVncmFtIDwv

2024-01-30 08:30:08	1	CLIENT -> SERVER: Yj4KICAgICAgICAgICAgICAgIDxicj4KICAgICAgICAgICAgICAgINCj0YHQu9GD0LPQsDogPGI+

2024-01-30 08:30:08	1	CLIENT -> SERVER: 0KTQuNGA0LzQtdC90L3Ri9C5INGB0YLQuNC70Yw8L2I+CiAgICAgICAgICAgICAgICA8YnI+CiAg

2024-01-30 08:30:08	1	CLIENT -> SERVER: ICAgICAgICAgICAgICDQkdGA0LXQvdC00LHRg9C6INC4INGE0LjRgNC80LXQvdC90YvQuSDRgdGC

2024-01-30 08:30:08	1	CLIENT -> SERVER: 0LjQu9GMOiA8Yj7QlNCwPC9iPgogICAgICAgICAgICAgICAgPGJyPgogICAgICAgICAgICAgICAg

2024-01-30 08:30:08	1	CLIENT -> SERVER: 0KLQtdC70LXRhNC+0L06IDxiPis3KDk1MikxMTctMjMtMTg8L2I+CiAgICAgICAgICAgICAgICA8

2024-01-30 08:30:08	1	CLIENT -> SERVER: YnI+CiAgICAgICAgICAgICAgICDQlNCw0YLQsCDQvtGC0L/RgNCw0LLQutC4OiA8Yj4zMC4wMS4y

2024-01-30 08:30:08	1	CLIENT -> SERVER: MDI0IDExOjMwPC9iPgogICAgICAgICAgICAgICAgPGJyPgogICAgICAgICAgICAgICAgCiAgICAg

2024-01-30 08:30:08	1	CLIENT -> SERVER: ICAgICAgICAgPC90ZD4KICAgICAgICAgICAgPC90cj4KICAgICAgICAgICAgPHRyPgogICAgICAg

2024-01-30 08:30:08	1	CLIENT -> SERVER: ICAgICAgIDx0ZCBoZWlnaHQ9IjI1Ij48L3RkPgogICAgICAgICAgICA8L3RyPgogICAgICAgICAg

2024-01-30 08:30:08	1	CLIENT -> SERVER: ICA8dHI+CiAgICAgICAgICAgICAgPHRkIGJnY29sb3I9IiNmZmYgIiBzdHlsZT0icGFkZGluZzog

2024-01-30 08:30:08	1	CLIENT -> SERVER: MjBweCAxNXB4OyBjb2xvcjogIzc3NzsgZm9udC1zaXplOiAxNHB4OyI+CiAgICAgICAgICAgICAg

2024-01-30 08:30:08	1	CLIENT -> SERVER: ICA8cD4mY29weTsgMjAyNCBrYW50LWRlc2lnbi48L3A+CiAgICAgICAgICAgICAgPC90ZD4KICAg

2024-01-30 08:30:08	1	CLIENT -> SERVER: ICAgICAgICAgPC90cj4KICAgICAgICAgIDwvdGJvZHk+CiAgICAgICAgPC90YWJsZT4KICAgICAg

2024-01-30 08:30:08	1	CLIENT -> SERVER: PC90ZD4KICAgIDwvdHI+CiAgPC90Ym9keT4KPC90YWJsZT4K

2024-01-30 08:30:08	1	CLIENT -> SERVER: 

2024-01-30 08:30:08	1	CLIENT -> SERVER: .

2024-01-30 08:30:08	2	SERVER -> CLIENT: 250 2.0.0 Ok: queued on mail-nwsmtp-smtp-production-main-31.vla.yp-c.yandex.net 1706603408-8UUQQC89bW20-i0AjYErP

2024-01-30 08:30:08	1	CLIENT -> SERVER: QUIT

2024-01-30 08:30:08	2	SERVER -> CLIENT: 221 2.0.0 Closing connecton

2024-01-30 08:30:40	2	SERVER -> CLIENT: 220 mail-nwsmtp-smtp-production-main-39.vla.yp-c.yandex.net (Want to use Yandex.Mail for your domain? Visit http://pdd.yandex.ru) 1706603440-eUUBPL8k8mI0

2024-01-30 08:30:40	1	CLIENT -> SERVER: EHLO kant-design.ru

2024-01-30 08:30:40	2	SERVER -> CLIENT: 250-mail-nwsmtp-smtp-production-main-39.vla.yp-c.yandex.net
250-8BITMIME
250-PIPELINING
250-SIZE 53477376
250-STARTTLS
250-AUTH LOGIN PLAIN XOAUTH2
250-DSN
250 ENHANCEDSTATUSCODES

2024-01-30 08:30:40	1	CLIENT -> SERVER: AUTH LOGIN

2024-01-30 08:30:40	2	SERVER -> CLIENT: 334 VXNlcm5hbWU6

2024-01-30 08:30:40	1	CLIENT -> SERVER: [credentials hidden]
2024-01-30 08:30:40	2	SERVER -> CLIENT: 334 UGFzc3dvcmQ6

2024-01-30 08:30:40	1	CLIENT -> SERVER: [credentials hidden]
2024-01-30 08:30:40	2	SERVER -> CLIENT: 235 2.7.0 Authentication successful. 1706603440-eUUBPL8k8mI0

2024-01-30 08:30:40	1	CLIENT -> SERVER: MAIL FROM:<Sales@kantdesign.ru>

2024-01-30 08:30:40	2	SERVER -> CLIENT: 250 2.1.0 <Sales@kantdesign.ru> ok 1706603440-eUUBPL8k8mI0-Bpm0xvIW

2024-01-30 08:30:40	1	CLIENT -> SERVER: RCPT TO:<Sales@kantdesign.ru>

2024-01-30 08:30:40	2	SERVER -> CLIENT: 250 2.1.5 <Sales@kantdesign.ru> recipient ok 1706603440-eUUBPL8k8mI0-Bpm0xvIW

2024-01-30 08:30:40	1	CLIENT -> SERVER: DATA

2024-01-30 08:30:40	2	SERVER -> CLIENT: 354 Start mail input, end with <CRLF>.<CRLF>

2024-01-30 08:30:40	1	CLIENT -> SERVER: Date: Tue, 30 Jan 2024 11:30:40 +0300

2024-01-30 08:30:40	1	CLIENT -> SERVER: To: Sales@kantdesign.ru

2024-01-30 08:30:40	1	CLIENT -> SERVER: From: "kant-design.ru" <Sales@kantdesign.ru>

2024-01-30 08:30:40	1	CLIENT -> SERVER: Subject: =?UTF-8?B?0KHQvtC+0LHRidC10L3QuNC1INGBINGE0L7RgNC80Ysg0L7QsdGA0LDRgtC9?=

2024-01-30 08:30:40	1	CLIENT -> SERVER:  =?UTF-8?B?0L7QuSDRgdCy0Y/Qt9C4?=

2024-01-30 08:30:40	1	CLIENT -> SERVER: Message-ID: <grMskWHF0vu3mviZup7EDjkMv2xTO8eP595OW3l18jA@kant-design.ru>

2024-01-30 08:30:40	1	CLIENT -> SERVER: X-Mailer: PHPMailer 6.6.0 (https://github.com/PHPMailer/PHPMailer)

2024-01-30 08:30:40	1	CLIENT -> SERVER: MIME-Version: 1.0

2024-01-30 08:30:40	1	CLIENT -> SERVER: Content-Type: text/html; charset=UTF-8

2024-01-30 08:30:40	1	CLIENT -> SERVER: Content-Transfer-Encoding: base64

2024-01-30 08:30:40	1	CLIENT -> SERVER: 

2024-01-30 08:30:40	1	CLIENT -> SERVER: PHRhYmxlIHN0eWxlPSJiYWNrZ3JvdW5kLWNvbG9yOiNmMWYxZjE7IHdpZHRoOjEwMCU7IiBhbGln

2024-01-30 08:30:40	1	CLIENT -> SERVER: bj0iY2VudGVyIiB3aWR0aD0iMTAwJSIgYm9yZGVyPSIwIiBjZWxscGFkZGluZz0iMCIgY2VsbHNw

2024-01-30 08:30:40	1	CLIENT -> SERVER: YWNpbmc9IjAiPgogIDx0Ym9keT4KICAgIDx0cj4KICAgICAgPHRkIGFsaWduPSJjZW50ZXIiIHN0

2024-01-30 08:30:40	1	CLIENT -> SERVER: eWxlPSJ2ZXJ0aWNhbC1hbGlnbjp0b3A7IHBhZGRpbmc6MzBweCAwOyB0ZXh0LWFsaWduOmNlbnRl

2024-01-30 08:30:40	1	CLIENT -> SERVER: ciI+CiAgICAgICAgPHRhYmxlIHN0eWxlPSJ0ZXh0LWFsaWduOmxlZnQ7IHdpZHRoOjY4MHB4OyBt

2024-01-30 08:30:40	1	CLIENT -> SERVER: YXJnaW46MCBhdXRvOyBmb250LXNpemU6MTRweDsgYm9yZGVyLXNwYWNpbmc6MHB4Ij4KICAgICAg

2024-01-30 08:30:40	1	CLIENT -> SERVER: ICAgIDx0Ym9keT4KICAgICAgICAgICAgPHRyPgogICAgICAgICAgICAgIDx0ZCBiZ2NvbG9yPSIj

2024-01-30 08:30:40	1	CLIENT -> SERVER: ZmZmIiBzdHlsZT0icGFkZGluZzogMTVweDsiPgogICAgICAgICAgICAgICAgPGZvbnQgY29sb3I9

2024-01-30 08:30:40	1	CLIENT -> SERVER: IiM3NzciIHN0eWxlPSJmb250LXNpemU6MThweCI+0KHQvtC+0LHRidC10L3QuNC1INGBINGE0L7R

2024-01-30 08:30:40	1	CLIENT -> SERVER: gNC80Ysg0L7QsdGA0LDRgtC90L7QuSDRgdCy0Y/Qt9C4PC9mb250PgogICAgICAgICAgICAgIDwv

2024-01-30 08:30:40	1	CLIENT -> SERVER: dGQ+CiAgICAgICAgICAgIDwvdHI+CiAgICAgICAgICAgIDx0cj4KICAgICAgICAgICAgICA8dGQg

2024-01-30 08:30:40	1	CLIENT -> SERVER: aGVpZ2h0PSIyNSI+PC90ZD4KICAgICAgICAgICAgPC90cj4KICAgICAgICAgICAgPHRyPgogICAg

2024-01-30 08:30:40	1	CLIENT -> SERVER: ICAgICAgICAgIDx0ZCBiZ2NvbG9yPSIjZmZmIiBzdHlsZT0icGFkZGluZzogMTVweDsiPgogICAg

2024-01-30 08:30:40	1	CLIENT -> SERVER: ICAgICAgICAgICAg0J/QvtC70YzQt9C+0LLQsNGC0LXQu9GMIDxiPtCc0LDQutGB0LjQvCDQl9Cw

2024-01-30 08:30:40	1	CLIENT -> SERVER: 0LLQuNC00LjQuTwvYj4g0L7RgdGC0LDQstC40Lsg0YHQu9C10LTRg9GO0YnQtdC1INGB0L7QvtCx

2024-01-30 08:30:40	1	CLIENT -> SERVER: 0YnQtdC90LjQtToKICAgICAgICAgICAgICAgIDxocj4KICAgICAgICAgICAgICAgIAogICAgICAg

2024-01-30 08:30:40	1	CLIENT -> SERVER: ICAgICAgICAgPGhyPgogICAgICAgICAgICAgICAgPGJyPgogICAgICAgICAgICAgICAg0JzQtdGB

2024-01-30 08:30:40	1	CLIENT -> SERVER: 0YHQtdC90LTQttC10YA6IDxiPjwvYj4KICAgICAgICAgICAgICAgIDxicj4KICAgICAgICAgICAg

2024-01-30 08:30:40	1	CLIENT -> SERVER: ICAgINCj0YHQu9GD0LPQsDogPGI+PC9iPgogICAgICAgICAgICAgICAgPGJyPgogICAgICAgICAg

2024-01-30 08:30:40	1	CLIENT -> SERVER: ICAgICAg0JHRgNC10L3QtNCx0YPQuiDQuCDRhNC40YDQvNC10L3QvdGL0Lkg0YHRgtC40LvRjDog

2024-01-30 08:30:40	1	CLIENT -> SERVER: PGI+PC9iPgogICAgICAgICAgICAgICAgPGJyPgogICAgICAgICAgICAgICAg0KLQtdC70LXRhNC+

2024-01-30 08:30:40	1	CLIENT -> SERVER: 0L06IDxiPis3KDk1MikxMTctMjMtMTg8L2I+CiAgICAgICAgICAgICAgICA8YnI+CiAgICAgICAg

2024-01-30 08:30:40	1	CLIENT -> SERVER: ICAgICAgICDQlNCw0YLQsCDQvtGC0L/RgNCw0LLQutC4OiA8Yj4zMC4wMS4yMDI0IDExOjMwPC9i

2024-01-30 08:30:40	1	CLIENT -> SERVER: PgogICAgICAgICAgICAgICAgPGJyPgogICAgICAgICAgICAgICAgCiAgICAgICAgICAgICAgPC90

2024-01-30 08:30:40	1	CLIENT -> SERVER: ZD4KICAgICAgICAgICAgPC90cj4KICAgICAgICAgICAgPHRyPgogICAgICAgICAgICAgIDx0ZCBo

2024-01-30 08:30:40	1	CLIENT -> SERVER: ZWlnaHQ9IjI1Ij48L3RkPgogICAgICAgICAgICA8L3RyPgogICAgICAgICAgICA8dHI+CiAgICAg

2024-01-30 08:30:40	1	CLIENT -> SERVER: ICAgICAgICAgPHRkIGJnY29sb3I9IiNmZmYgIiBzdHlsZT0icGFkZGluZzogMjBweCAxNXB4OyBj

2024-01-30 08:30:40	1	CLIENT -> SERVER: b2xvcjogIzc3NzsgZm9udC1zaXplOiAxNHB4OyI+CiAgICAgICAgICAgICAgICA8cD4mY29weTsg

2024-01-30 08:30:40	1	CLIENT -> SERVER: MjAyNCBrYW50LWRlc2lnbi48L3A+CiAgICAgICAgICAgICAgPC90ZD4KICAgICAgICAgICAgPC90

2024-01-30 08:30:40	1	CLIENT -> SERVER: cj4KICAgICAgICAgIDwvdGJvZHk+CiAgICAgICAgPC90YWJsZT4KICAgICAgPC90ZD4KICAgIDwv

2024-01-30 08:30:40	1	CLIENT -> SERVER: dHI+CiAgPC90Ym9keT4KPC90YWJsZT4K

2024-01-30 08:30:40	1	CLIENT -> SERVER: 

2024-01-30 08:30:40	1	CLIENT -> SERVER: .

2024-01-30 08:30:41	2	SERVER -> CLIENT: 250 2.0.0 Ok: queued on mail-nwsmtp-smtp-production-main-39.vla.yp-c.yandex.net 1706603441-eUUBPL8k8mI0-Bpm0xvIW

2024-01-30 08:30:41	1	CLIENT -> SERVER: QUIT

2024-01-30 08:30:41	2	SERVER -> CLIENT: 221 2.0.0 Closing connecton

2024-01-30 08:32:07	2	SERVER -> CLIENT: 220 mail-nwsmtp-smtp-production-main-31.vla.yp-c.yandex.net (Want to use Yandex.Mail for your domain? Visit http://pdd.yandex.ru) 1706603527-7WUW9E89XeA0

2024-01-30 08:32:07	1	CLIENT -> SERVER: EHLO kant-design.ru

2024-01-30 08:32:07	2	SERVER -> CLIENT: 250-mail-nwsmtp-smtp-production-main-31.vla.yp-c.yandex.net
250-8BITMIME
250-PIPELINING
250-SIZE 53477376
250-STARTTLS
250-AUTH LOGIN PLAIN XOAUTH2
250-DSN
250 ENHANCEDSTATUSCODES

2024-01-30 08:32:07	1	CLIENT -> SERVER: AUTH LOGIN

2024-01-30 08:32:07	2	SERVER -> CLIENT: 334 VXNlcm5hbWU6

2024-01-30 08:32:07	1	CLIENT -> SERVER: [credentials hidden]
2024-01-30 08:32:07	2	SERVER -> CLIENT: 334 UGFzc3dvcmQ6

2024-01-30 08:32:07	1	CLIENT -> SERVER: [credentials hidden]
2024-01-30 08:32:07	2	SERVER -> CLIENT: 235 2.7.0 Authentication successful. 1706603527-7WUW9E89XeA0

2024-01-30 08:32:07	1	CLIENT -> SERVER: MAIL FROM:<Sales@kantdesign.ru>

2024-01-30 08:32:07	2	SERVER -> CLIENT: 250 2.1.0 <Sales@kantdesign.ru> ok 1706603527-7WUW9E89XeA0-AI6x2iw7

2024-01-30 08:32:07	1	CLIENT -> SERVER: RCPT TO:<Sales@kantdesign.ru>

2024-01-30 08:32:07	2	SERVER -> CLIENT: 250 2.1.5 <Sales@kantdesign.ru> recipient ok 1706603527-7WUW9E89XeA0-AI6x2iw7

2024-01-30 08:32:07	1	CLIENT -> SERVER: DATA

2024-01-30 08:32:07	2	SERVER -> CLIENT: 354 Start mail input, end with <CRLF>.<CRLF>

2024-01-30 08:32:07	1	CLIENT -> SERVER: Date: Tue, 30 Jan 2024 11:32:07 +0300

2024-01-30 08:32:07	1	CLIENT -> SERVER: To: Sales@kantdesign.ru

2024-01-30 08:32:07	1	CLIENT -> SERVER: From: "kant-design.ru" <Sales@kantdesign.ru>

2024-01-30 08:32:07	1	CLIENT -> SERVER: Subject: =?UTF-8?B?0KHQvtC+0LHRidC10L3QuNC1INGBINGE0L7RgNC80Ysg0L7QsdGA0LDRgtC9?=

2024-01-30 08:32:07	1	CLIENT -> SERVER:  =?UTF-8?B?0L7QuSDRgdCy0Y/Qt9C4?=

2024-01-30 08:32:07	1	CLIENT -> SERVER: Message-ID: <mqzB0CiQdcgcWEbHa1ULf36r3T6dzFTWSDXNZ1ed6c@kant-design.ru>

2024-01-30 08:32:07	1	CLIENT -> SERVER: X-Mailer: PHPMailer 6.6.0 (https://github.com/PHPMailer/PHPMailer)

2024-01-30 08:32:07	1	CLIENT -> SERVER: MIME-Version: 1.0

2024-01-30 08:32:07	1	CLIENT -> SERVER: Content-Type: text/html; charset=UTF-8

2024-01-30 08:32:07	1	CLIENT -> SERVER: Content-Transfer-Encoding: base64

2024-01-30 08:32:07	1	CLIENT -> SERVER: 

2024-01-30 08:32:07	1	CLIENT -> SERVER: PHRhYmxlIHN0eWxlPSJiYWNrZ3JvdW5kLWNvbG9yOiNmMWYxZjE7IHdpZHRoOjEwMCU7IiBhbGln

2024-01-30 08:32:07	1	CLIENT -> SERVER: bj0iY2VudGVyIiB3aWR0aD0iMTAwJSIgYm9yZGVyPSIwIiBjZWxscGFkZGluZz0iMCIgY2VsbHNw

2024-01-30 08:32:07	1	CLIENT -> SERVER: YWNpbmc9IjAiPgogIDx0Ym9keT4KICAgIDx0cj4KICAgICAgPHRkIGFsaWduPSJjZW50ZXIiIHN0

2024-01-30 08:32:07	1	CLIENT -> SERVER: eWxlPSJ2ZXJ0aWNhbC1hbGlnbjp0b3A7IHBhZGRpbmc6MzBweCAwOyB0ZXh0LWFsaWduOmNlbnRl

2024-01-30 08:32:07	1	CLIENT -> SERVER: ciI+CiAgICAgICAgPHRhYmxlIHN0eWxlPSJ0ZXh0LWFsaWduOmxlZnQ7IHdpZHRoOjY4MHB4OyBt

2024-01-30 08:32:07	1	CLIENT -> SERVER: YXJnaW46MCBhdXRvOyBmb250LXNpemU6MTRweDsgYm9yZGVyLXNwYWNpbmc6MHB4Ij4KICAgICAg

2024-01-30 08:32:07	1	CLIENT -> SERVER: ICAgIDx0Ym9keT4KICAgICAgICAgICAgPHRyPgogICAgICAgICAgICAgIDx0ZCBiZ2NvbG9yPSIj

2024-01-30 08:32:07	1	CLIENT -> SERVER: ZmZmIiBzdHlsZT0icGFkZGluZzogMTVweDsiPgogICAgICAgICAgICAgICAgPGZvbnQgY29sb3I9

2024-01-30 08:32:07	1	CLIENT -> SERVER: IiM3NzciIHN0eWxlPSJmb250LXNpemU6MThweCI+0KHQvtC+0LHRidC10L3QuNC1INGBINGE0L7R

2024-01-30 08:32:07	1	CLIENT -> SERVER: gNC80Ysg0L7QsdGA0LDRgtC90L7QuSDRgdCy0Y/Qt9C4PC9mb250PgogICAgICAgICAgICAgIDwv

2024-01-30 08:32:07	1	CLIENT -> SERVER: dGQ+CiAgICAgICAgICAgIDwvdHI+CiAgICAgICAgICAgIDx0cj4KICAgICAgICAgICAgICA8dGQg

2024-01-30 08:32:07	1	CLIENT -> SERVER: aGVpZ2h0PSIyNSI+PC90ZD4KICAgICAgICAgICAgPC90cj4KICAgICAgICAgICAgPHRyPgogICAg

2024-01-30 08:32:07	1	CLIENT -> SERVER: ICAgICAgICAgIDx0ZCBiZ2NvbG9yPSIjZmZmIiBzdHlsZT0icGFkZGluZzogMTVweDsiPgogICAg

2024-01-30 08:32:07	1	CLIENT -> SERVER: ICAgICAgICAgICAg0J/QvtC70YzQt9C+0LLQsNGC0LXQu9GMIDxiPtCQ0LU8L2I+INC+0YHRgtCw

2024-01-30 08:32:07	1	CLIENT -> SERVER: 0LLQuNC7INGB0LvQtdC00YPRjtGJ0LXQtSDRgdC+0L7QsdGJ0LXQvdC40LU6CiAgICAgICAgICAg

2024-01-30 08:32:07	1	CLIENT -> SERVER: ICAgICA8aHI+CiAgICAgICAgICAgICAgICAKICAgICAgICAgICAgICAgIDxocj4KICAgICAgICAg

2024-01-30 08:32:07	1	CLIENT -> SERVER: ICAgICAgIDxicj4KICAgICAgICAgICAgICAgINCc0LXRgdGB0LXQvdC00LbQtdGAOiA8Yj5WaWJl

2024-01-30 08:32:07	1	CLIENT -> SERVER: ciA8L2I+CiAgICAgICAgICAgICAgICA8YnI+CiAgICAgICAgICAgICAgICDQo9GB0LvRg9Cz0LA6

2024-01-30 08:32:07	1	CLIENT -> SERVER: IDxiPtCh0L7Qt9C00LDQvdC40LUg0LvQvtCz0L7RgtC40L/QsDwvYj4KICAgICAgICAgICAgICAg

2024-01-30 08:32:07	1	CLIENT -> SERVER: IDxicj4KICAgICAgICAgICAgICAgINCR0YDQtdC90LTQsdGD0Log0Lgg0YTQuNGA0LzQtdC90L3R

2024-01-30 08:32:07	1	CLIENT -> SERVER: i9C5INGB0YLQuNC70Yw6IDxiPtCU0LA8L2I+CiAgICAgICAgICAgICAgICA8YnI+CiAgICAgICAg

2024-01-30 08:32:07	1	CLIENT -> SERVER: ICAgICAgICDQotC10LvQtdGE0L7QvTogPGI+KzcoOTk5KTI1NS04OS01MTwvYj4KICAgICAgICAg

2024-01-30 08:32:07	1	CLIENT -> SERVER: ICAgICAgIDxicj4KICAgICAgICAgICAgICAgINCU0LDRgtCwINC+0YLQv9GA0LDQstC60Lg6IDxi

2024-01-30 08:32:07	1	CLIENT -> SERVER: PjMwLjAxLjIwMjQgMTE6MzI8L2I+CiAgICAgICAgICAgICAgICA8YnI+CiAgICAgICAgICAgICAg

2024-01-30 08:32:07	1	CLIENT -> SERVER: ICAKICAgICAgICAgICAgICA8L3RkPgogICAgICAgICAgICA8L3RyPgogICAgICAgICAgICA8dHI+

2024-01-30 08:32:07	1	CLIENT -> SERVER: CiAgICAgICAgICAgICAgPHRkIGhlaWdodD0iMjUiPjwvdGQ+CiAgICAgICAgICAgIDwvdHI+CiAg

2024-01-30 08:32:07	1	CLIENT -> SERVER: ICAgICAgICAgIDx0cj4KICAgICAgICAgICAgICA8dGQgYmdjb2xvcj0iI2ZmZiAiIHN0eWxlPSJw

2024-01-30 08:32:07	1	CLIENT -> SERVER: YWRkaW5nOiAyMHB4IDE1cHg7IGNvbG9yOiAjNzc3OyBmb250LXNpemU6IDE0cHg7Ij4KICAgICAg

2024-01-30 08:32:07	1	CLIENT -> SERVER: ICAgICAgICAgIDxwPiZjb3B5OyAyMDI0IGthbnQtZGVzaWduLjwvcD4KICAgICAgICAgICAgICA8

2024-01-30 08:32:07	1	CLIENT -> SERVER: L3RkPgogICAgICAgICAgICA8L3RyPgogICAgICAgICAgPC90Ym9keT4KICAgICAgICA8L3RhYmxl

2024-01-30 08:32:07	1	CLIENT -> SERVER: PgogICAgICA8L3RkPgogICAgPC90cj4KICA8L3Rib2R5Pgo8L3RhYmxlPgo=

2024-01-30 08:32:07	1	CLIENT -> SERVER: 

2024-01-30 08:32:07	1	CLIENT -> SERVER: .

2024-01-30 08:32:08	2	SERVER -> CLIENT: 250 2.0.0 Ok: queued on mail-nwsmtp-smtp-production-main-31.vla.yp-c.yandex.net 1706603528-7WUW9E89XeA0-AI6x2iw7

2024-01-30 08:32:08	1	CLIENT -> SERVER: QUIT

2024-01-30 08:32:08	2	SERVER -> CLIENT: 221 2.0.0 Closing connecton

2024-01-30 08:47:15	2	SERVER -> CLIENT: 220 mail-nwsmtp-smtp-production-main-39.sas.yp-c.yandex.net (Want to use Yandex.Mail for your domain? Visit http://pdd.yandex.ru) 1706604435-FlUk3B9cuW20

2024-01-30 08:47:15	1	CLIENT -> SERVER: EHLO kant-design.ru

2024-01-30 08:47:15	2	SERVER -> CLIENT: 250-mail-nwsmtp-smtp-production-main-39.sas.yp-c.yandex.net
250-8BITMIME
250-PIPELINING
250-SIZE 53477376
250-STARTTLS
250-AUTH LOGIN PLAIN XOAUTH2
250-DSN
250 ENHANCEDSTATUSCODES

2024-01-30 08:47:15	1	CLIENT -> SERVER: AUTH LOGIN

2024-01-30 08:47:15	2	SERVER -> CLIENT: 334 VXNlcm5hbWU6

2024-01-30 08:47:15	1	CLIENT -> SERVER: [credentials hidden]
2024-01-30 08:47:15	2	SERVER -> CLIENT: 334 UGFzc3dvcmQ6

2024-01-30 08:47:15	1	CLIENT -> SERVER: [credentials hidden]
2024-01-30 08:47:15	2	SERVER -> CLIENT: 235 2.7.0 Authentication successful. 1706604435-FlUk3B9cuW20

2024-01-30 08:47:15	1	CLIENT -> SERVER: MAIL FROM:<Sales@kantdesign.ru>

2024-01-30 08:47:15	2	SERVER -> CLIENT: 250 2.1.0 <Sales@kantdesign.ru> ok 1706604435-FlUk3B9cuW20-V8iqFTjC

2024-01-30 08:47:15	1	CLIENT -> SERVER: RCPT TO:<Sales@kantdesign.ru>

2024-01-30 08:47:15	2	SERVER -> CLIENT: 250 2.1.5 <Sales@kantdesign.ru> recipient ok 1706604435-FlUk3B9cuW20-V8iqFTjC

2024-01-30 08:47:15	1	CLIENT -> SERVER: DATA

2024-01-30 08:47:15	2	SERVER -> CLIENT: 354 Start mail input, end with <CRLF>.<CRLF>

2024-01-30 08:47:15	1	CLIENT -> SERVER: Date: Tue, 30 Jan 2024 11:47:15 +0300

2024-01-30 08:47:15	1	CLIENT -> SERVER: To: Sales@kantdesign.ru

2024-01-30 08:47:15	1	CLIENT -> SERVER: From: "kant-design.ru" <Sales@kantdesign.ru>

2024-01-30 08:47:15	1	CLIENT -> SERVER: Subject: =?UTF-8?B?0KHQvtC+0LHRidC10L3QuNC1INGBINGE0L7RgNC80Ysg0L7QsdGA0LDRgtC9?=

2024-01-30 08:47:15	1	CLIENT -> SERVER:  =?UTF-8?B?0L7QuSDRgdCy0Y/Qt9C4?=

2024-01-30 08:47:15	1	CLIENT -> SERVER: Message-ID: <65umlfewOWBUPfZgVXrvPUFJaBFUASn9riVB0G8Z0@kant-design.ru>

2024-01-30 08:47:15	1	CLIENT -> SERVER: X-Mailer: PHPMailer 6.6.0 (https://github.com/PHPMailer/PHPMailer)

2024-01-30 08:47:15	1	CLIENT -> SERVER: MIME-Version: 1.0

2024-01-30 08:47:15	1	CLIENT -> SERVER: Content-Type: text/html; charset=UTF-8

2024-01-30 08:47:15	1	CLIENT -> SERVER: Content-Transfer-Encoding: base64

2024-01-30 08:47:15	1	CLIENT -> SERVER: 

2024-01-30 08:47:15	1	CLIENT -> SERVER: PHRhYmxlIHN0eWxlPSJiYWNrZ3JvdW5kLWNvbG9yOiNmMWYxZjE7IHdpZHRoOjEwMCU7IiBhbGln

2024-01-30 08:47:15	1	CLIENT -> SERVER: bj0iY2VudGVyIiB3aWR0aD0iMTAwJSIgYm9yZGVyPSIwIiBjZWxscGFkZGluZz0iMCIgY2VsbHNw

2024-01-30 08:47:15	1	CLIENT -> SERVER: YWNpbmc9IjAiPgogIDx0Ym9keT4KICAgIDx0cj4KICAgICAgPHRkIGFsaWduPSJjZW50ZXIiIHN0

2024-01-30 08:47:15	1	CLIENT -> SERVER: eWxlPSJ2ZXJ0aWNhbC1hbGlnbjp0b3A7IHBhZGRpbmc6MzBweCAwOyB0ZXh0LWFsaWduOmNlbnRl

2024-01-30 08:47:15	1	CLIENT -> SERVER: ciI+CiAgICAgICAgPHRhYmxlIHN0eWxlPSJ0ZXh0LWFsaWduOmxlZnQ7IHdpZHRoOjY4MHB4OyBt

2024-01-30 08:47:15	1	CLIENT -> SERVER: YXJnaW46MCBhdXRvOyBmb250LXNpemU6MTRweDsgYm9yZGVyLXNwYWNpbmc6MHB4Ij4KICAgICAg

2024-01-30 08:47:15	1	CLIENT -> SERVER: ICAgIDx0Ym9keT4KICAgICAgICAgICAgPHRyPgogICAgICAgICAgICAgIDx0ZCBiZ2NvbG9yPSIj

2024-01-30 08:47:15	1	CLIENT -> SERVER: ZmZmIiBzdHlsZT0icGFkZGluZzogMTVweDsiPgogICAgICAgICAgICAgICAgPGZvbnQgY29sb3I9

2024-01-30 08:47:15	1	CLIENT -> SERVER: IiM3NzciIHN0eWxlPSJmb250LXNpemU6MThweCI+0KHQvtC+0LHRidC10L3QuNC1INGBINGE0L7R

2024-01-30 08:47:15	1	CLIENT -> SERVER: gNC80Ysg0L7QsdGA0LDRgtC90L7QuSDRgdCy0Y/Qt9C4PC9mb250PgogICAgICAgICAgICAgIDwv

2024-01-30 08:47:15	1	CLIENT -> SERVER: dGQ+CiAgICAgICAgICAgIDwvdHI+CiAgICAgICAgICAgIDx0cj4KICAgICAgICAgICAgICA8dGQg

2024-01-30 08:47:15	1	CLIENT -> SERVER: aGVpZ2h0PSIyNSI+PC90ZD4KICAgICAgICAgICAgPC90cj4KICAgICAgICAgICAgPHRyPgogICAg

2024-01-30 08:47:15	1	CLIENT -> SERVER: ICAgICAgICAgIDx0ZCBiZ2NvbG9yPSIjZmZmIiBzdHlsZT0icGFkZGluZzogMTVweDsiPgogICAg

2024-01-30 08:47:15	1	CLIENT -> SERVER: ICAgICAgICAgICAg0J/QvtC70YzQt9C+0LLQsNGC0LXQu9GMIDxiPtCX0LDQstC40LTQuNC5INCc

2024-01-30 08:47:15	1	CLIENT -> SERVER: 0LDQutGB0LjQvCDQrtGA0YzQtdCy0LjRhzwvYj4g0L7RgdGC0LDQstC40Lsg0YHQu9C10LTRg9GO

2024-01-30 08:47:15	1	CLIENT -> SERVER: 0YnQtdC1INGB0L7QvtCx0YnQtdC90LjQtToKICAgICAgICAgICAgICAgIDxocj4KICAgICAgICAg

2024-01-30 08:47:15	1	CLIENT -> SERVER: ICAgICAgIAogICAgICAgICAgICAgICAgPGhyPgogICAgICAgICAgICAgICAgPGJyPgogICAgICAg

2024-01-30 08:47:15	1	CLIENT -> SERVER: ICAgICAgICAg0JzQtdGB0YHQtdC90LTQttC10YA6IDxiPjwvYj4KICAgICAgICAgICAgICAgIDxi

2024-01-30 08:47:15	1	CLIENT -> SERVER: cj4KICAgICAgICAgICAgICAgINCj0YHQu9GD0LPQsDogPGI+PC9iPgogICAgICAgICAgICAgICAg

2024-01-30 08:47:15	1	CLIENT -> SERVER: PGJyPgogICAgICAgICAgICAgICAg0JHRgNC10L3QtNCx0YPQuiDQuCDRhNC40YDQvNC10L3QvdGL

2024-01-30 08:47:15	1	CLIENT -> SERVER: 0Lkg0YHRgtC40LvRjDogPGI+0J3QtdGCPC9iPgogICAgICAgICAgICAgICAgPGJyPgogICAgICAg

2024-01-30 08:47:15	1	CLIENT -> SERVER: ICAgICAgICAg0KLQtdC70LXRhNC+0L06IDxiPis3KDk1MikxMTctMjMtMTg8L2I+CiAgICAgICAg

2024-01-30 08:47:15	1	CLIENT -> SERVER: ICAgICAgICA8YnI+CiAgICAgICAgICAgICAgICDQlNCw0YLQsCDQvtGC0L/RgNCw0LLQutC4OiA8

2024-01-30 08:47:15	1	CLIENT -> SERVER: Yj4zMC4wMS4yMDI0IDExOjQ3PC9iPgogICAgICAgICAgICAgICAgPGJyPgogICAgICAgICAgICAg

2024-01-30 08:47:15	1	CLIENT -> SERVER: ICAgCiAgICAgICAgICAgICAgPC90ZD4KICAgICAgICAgICAgPC90cj4KICAgICAgICAgICAgPHRy

2024-01-30 08:47:15	1	CLIENT -> SERVER: PgogICAgICAgICAgICAgIDx0ZCBoZWlnaHQ9IjI1Ij48L3RkPgogICAgICAgICAgICA8L3RyPgog

2024-01-30 08:47:15	1	CLIENT -> SERVER: ICAgICAgICAgICA8dHI+CiAgICAgICAgICAgICAgPHRkIGJnY29sb3I9IiNmZmYgIiBzdHlsZT0i

2024-01-30 08:47:15	1	CLIENT -> SERVER: cGFkZGluZzogMjBweCAxNXB4OyBjb2xvcjogIzc3NzsgZm9udC1zaXplOiAxNHB4OyI+CiAgICAg

2024-01-30 08:47:15	1	CLIENT -> SERVER: ICAgICAgICAgICA8cD4mY29weTsgMjAyNCBrYW50LWRlc2lnbi48L3A+CiAgICAgICAgICAgICAg

2024-01-30 08:47:15	1	CLIENT -> SERVER: PC90ZD4KICAgICAgICAgICAgPC90cj4KICAgICAgICAgIDwvdGJvZHk+CiAgICAgICAgPC90YWJs

2024-01-30 08:47:15	1	CLIENT -> SERVER: ZT4KICAgICAgPC90ZD4KICAgIDwvdHI+CiAgPC90Ym9keT4KPC90YWJsZT4K

2024-01-30 08:47:15	1	CLIENT -> SERVER: 

2024-01-30 08:47:15	1	CLIENT -> SERVER: .

2024-01-30 08:47:16	2	SERVER -> CLIENT: 250 2.0.0 Ok: queued on mail-nwsmtp-smtp-production-main-39.sas.yp-c.yandex.net 1706604436-FlUk3B9cuW20-V8iqFTjC

2024-01-30 08:47:16	1	CLIENT -> SERVER: QUIT

2024-01-30 08:47:16	2	SERVER -> CLIENT: 221 2.0.0 Closing connecton

2024-01-30 08:47:50	2	SERVER -> CLIENT: 220 mail-nwsmtp-smtp-production-main-33.iva.yp-c.yandex.net (Want to use Yandex.Mail for your domain? Visit http://pdd.yandex.ru) 1706604470-olUCXMCHXKo0

2024-01-30 08:47:50	1	CLIENT -> SERVER: EHLO kant-design.ru

2024-01-30 08:47:50	2	SERVER -> CLIENT: 250-mail-nwsmtp-smtp-production-main-33.iva.yp-c.yandex.net
250-8BITMIME
250-PIPELINING
250-SIZE 53477376
250-STARTTLS
250-AUTH LOGIN PLAIN XOAUTH2
250-DSN
250 ENHANCEDSTATUSCODES

2024-01-30 08:47:50	1	CLIENT -> SERVER: AUTH LOGIN

2024-01-30 08:47:50	2	SERVER -> CLIENT: 334 VXNlcm5hbWU6

2024-01-30 08:47:50	1	CLIENT -> SERVER: [credentials hidden]
2024-01-30 08:47:50	2	SERVER -> CLIENT: 334 UGFzc3dvcmQ6

2024-01-30 08:47:50	1	CLIENT -> SERVER: [credentials hidden]
2024-01-30 08:47:50	2	SERVER -> CLIENT: 235 2.7.0 Authentication successful. 1706604470-olUCXMCHXKo0

2024-01-30 08:47:50	1	CLIENT -> SERVER: MAIL FROM:<Sales@kantdesign.ru>

2024-01-30 08:47:50	2	SERVER -> CLIENT: 250 2.1.0 <Sales@kantdesign.ru> ok 1706604470-olUCXMCHXKo0-AfvEVDSt

2024-01-30 08:47:50	1	CLIENT -> SERVER: RCPT TO:<Sales@kantdesign.ru>

2024-01-30 08:47:50	2	SERVER -> CLIENT: 250 2.1.5 <Sales@kantdesign.ru> recipient ok 1706604470-olUCXMCHXKo0-AfvEVDSt

2024-01-30 08:47:50	1	CLIENT -> SERVER: DATA

2024-01-30 08:47:50	2	SERVER -> CLIENT: 354 Start mail input, end with <CRLF>.<CRLF>

2024-01-30 08:47:50	1	CLIENT -> SERVER: Date: Tue, 30 Jan 2024 11:47:50 +0300

2024-01-30 08:47:50	1	CLIENT -> SERVER: To: Sales@kantdesign.ru

2024-01-30 08:47:50	1	CLIENT -> SERVER: From: "kant-design.ru" <Sales@kantdesign.ru>

2024-01-30 08:47:50	1	CLIENT -> SERVER: Subject: =?UTF-8?B?0KHQvtC+0LHRidC10L3QuNC1INGBINGE0L7RgNC80Ysg0L7QsdGA0LDRgtC9?=

2024-01-30 08:47:50	1	CLIENT -> SERVER:  =?UTF-8?B?0L7QuSDRgdCy0Y/Qt9C4?=

2024-01-30 08:47:50	1	CLIENT -> SERVER: Message-ID: <ZGsdhJwkgPbAgWHmDdOIMgXlAwfepVyxapqXxItJu4@kant-design.ru>

2024-01-30 08:47:50	1	CLIENT -> SERVER: X-Mailer: PHPMailer 6.6.0 (https://github.com/PHPMailer/PHPMailer)

2024-01-30 08:47:50	1	CLIENT -> SERVER: MIME-Version: 1.0

2024-01-30 08:47:50	1	CLIENT -> SERVER: Content-Type: text/html; charset=UTF-8

2024-01-30 08:47:50	1	CLIENT -> SERVER: Content-Transfer-Encoding: base64

2024-01-30 08:47:50	1	CLIENT -> SERVER: 

2024-01-30 08:47:50	1	CLIENT -> SERVER: PHRhYmxlIHN0eWxlPSJiYWNrZ3JvdW5kLWNvbG9yOiNmMWYxZjE7IHdpZHRoOjEwMCU7IiBhbGln

2024-01-30 08:47:50	1	CLIENT -> SERVER: bj0iY2VudGVyIiB3aWR0aD0iMTAwJSIgYm9yZGVyPSIwIiBjZWxscGFkZGluZz0iMCIgY2VsbHNw

2024-01-30 08:47:50	1	CLIENT -> SERVER: YWNpbmc9IjAiPgogIDx0Ym9keT4KICAgIDx0cj4KICAgICAgPHRkIGFsaWduPSJjZW50ZXIiIHN0

2024-01-30 08:47:50	1	CLIENT -> SERVER: eWxlPSJ2ZXJ0aWNhbC1hbGlnbjp0b3A7IHBhZGRpbmc6MzBweCAwOyB0ZXh0LWFsaWduOmNlbnRl

2024-01-30 08:47:50	1	CLIENT -> SERVER: ciI+CiAgICAgICAgPHRhYmxlIHN0eWxlPSJ0ZXh0LWFsaWduOmxlZnQ7IHdpZHRoOjY4MHB4OyBt

2024-01-30 08:47:50	1	CLIENT -> SERVER: YXJnaW46MCBhdXRvOyBmb250LXNpemU6MTRweDsgYm9yZGVyLXNwYWNpbmc6MHB4Ij4KICAgICAg

2024-01-30 08:47:50	1	CLIENT -> SERVER: ICAgIDx0Ym9keT4KICAgICAgICAgICAgPHRyPgogICAgICAgICAgICAgIDx0ZCBiZ2NvbG9yPSIj

2024-01-30 08:47:50	1	CLIENT -> SERVER: ZmZmIiBzdHlsZT0icGFkZGluZzogMTVweDsiPgogICAgICAgICAgICAgICAgPGZvbnQgY29sb3I9

2024-01-30 08:47:50	1	CLIENT -> SERVER: IiM3NzciIHN0eWxlPSJmb250LXNpemU6MThweCI+0KHQvtC+0LHRidC10L3QuNC1INGBINGE0L7R

2024-01-30 08:47:50	1	CLIENT -> SERVER: gNC80Ysg0L7QsdGA0LDRgtC90L7QuSDRgdCy0Y/Qt9C4PC9mb250PgogICAgICAgICAgICAgIDwv

2024-01-30 08:47:50	1	CLIENT -> SERVER: dGQ+CiAgICAgICAgICAgIDwvdHI+CiAgICAgICAgICAgIDx0cj4KICAgICAgICAgICAgICA8dGQg

2024-01-30 08:47:50	1	CLIENT -> SERVER: aGVpZ2h0PSIyNSI+PC90ZD4KICAgICAgICAgICAgPC90cj4KICAgICAgICAgICAgPHRyPgogICAg

2024-01-30 08:47:50	1	CLIENT -> SERVER: ICAgICAgICAgIDx0ZCBiZ2NvbG9yPSIjZmZmIiBzdHlsZT0icGFkZGluZzogMTVweDsiPgogICAg

2024-01-30 08:47:50	1	CLIENT -> SERVER: ICAgICAgICAgICAg0J/QvtC70YzQt9C+0LLQsNGC0LXQu9GMIDxiPtCX0LDQstC40LTQuNC5INCc

2024-01-30 08:47:50	1	CLIENT -> SERVER: 0LDQutGB0LjQvCDQrtGA0YzQtdCy0LjRhzwvYj4g0L7RgdGC0LDQstC40Lsg0YHQu9C10LTRg9GO

2024-01-30 08:47:50	1	CLIENT -> SERVER: 0YnQtdC1INGB0L7QvtCx0YnQtdC90LjQtToKICAgICAgICAgICAgICAgIDxocj4KICAgICAgICAg

2024-01-30 08:47:50	1	CLIENT -> SERVER: ICAgICAgIGpnaAogICAgICAgICAgICAgICAgPGhyPgogICAgICAgICAgICAgICAgPGJyPgogICAg

2024-01-30 08:47:50	1	CLIENT -> SERVER: ICAgICAgICAgICAg0JzQtdGB0YHQtdC90LTQttC10YA6IDxiPjwvYj4KICAgICAgICAgICAgICAg

2024-01-30 08:47:50	1	CLIENT -> SERVER: IDxicj4KICAgICAgICAgICAgICAgINCj0YHQu9GD0LPQsDogPGI+PC9iPgogICAgICAgICAgICAg

2024-01-30 08:47:50	1	CLIENT -> SERVER: ICAgPGJyPgogICAgICAgICAgICAgICAg0JHRgNC10L3QtNCx0YPQuiDQuCDRhNC40YDQvNC10L3Q

2024-01-30 08:47:50	1	CLIENT -> SERVER: vdGL0Lkg0YHRgtC40LvRjDogPGI+PC9iPgogICAgICAgICAgICAgICAgPGJyPgogICAgICAgICAg

2024-01-30 08:47:50	1	CLIENT -> SERVER: ICAgICAg0KLQtdC70LXRhNC+0L06IDxiPis3KDk1MikxMTctMjMtMTg8L2I+CiAgICAgICAgICAg

2024-01-30 08:47:50	1	CLIENT -> SERVER: ICAgICA8YnI+CiAgICAgICAgICAgICAgICDQlNCw0YLQsCDQvtGC0L/RgNCw0LLQutC4OiA8Yj4z

2024-01-30 08:47:50	1	CLIENT -> SERVER: MC4wMS4yMDI0IDExOjQ3PC9iPgogICAgICAgICAgICAgICAgPGJyPgogICAgICAgICAgICAgICAg

2024-01-30 08:47:50	1	CLIENT -> SERVER: CiAgICAgICAgICAgICAgPC90ZD4KICAgICAgICAgICAgPC90cj4KICAgICAgICAgICAgPHRyPgog

2024-01-30 08:47:50	1	CLIENT -> SERVER: ICAgICAgICAgICAgIDx0ZCBoZWlnaHQ9IjI1Ij48L3RkPgogICAgICAgICAgICA8L3RyPgogICAg

2024-01-30 08:47:50	1	CLIENT -> SERVER: ICAgICAgICA8dHI+CiAgICAgICAgICAgICAgPHRkIGJnY29sb3I9IiNmZmYgIiBzdHlsZT0icGFk

2024-01-30 08:47:50	1	CLIENT -> SERVER: ZGluZzogMjBweCAxNXB4OyBjb2xvcjogIzc3NzsgZm9udC1zaXplOiAxNHB4OyI+CiAgICAgICAg

2024-01-30 08:47:50	1	CLIENT -> SERVER: ICAgICAgICA8cD4mY29weTsgMjAyNCBrYW50LWRlc2lnbi48L3A+CiAgICAgICAgICAgICAgPC90

2024-01-30 08:47:50	1	CLIENT -> SERVER: ZD4KICAgICAgICAgICAgPC90cj4KICAgICAgICAgIDwvdGJvZHk+CiAgICAgICAgPC90YWJsZT4K

2024-01-30 08:47:50	1	CLIENT -> SERVER: ICAgICAgPC90ZD4KICAgIDwvdHI+CiAgPC90Ym9keT4KPC90YWJsZT4K

2024-01-30 08:47:50	1	CLIENT -> SERVER: 

2024-01-30 08:47:50	1	CLIENT -> SERVER: .

2024-01-30 08:47:51	2	SERVER -> CLIENT: 250 2.0.0 Ok: queued on mail-nwsmtp-smtp-production-main-33.iva.yp-c.yandex.net 1706604471-olUCXMCHXKo0-AfvEVDSt

2024-01-30 08:47:51	1	CLIENT -> SERVER: QUIT

2024-01-30 08:47:51	2	SERVER -> CLIENT: 221 2.0.0 Closing connecton

2024-01-30 08:56:45	2	SERVER -> CLIENT: 220 mail-nwsmtp-smtp-production-main-69.iva.yp-c.yandex.net (Want to use Yandex.Mail for your domain? Visit http://pdd.yandex.ru) 1706605005-juUINmEZ3Gk0

2024-01-30 08:56:45	1	CLIENT -> SERVER: EHLO kant-design.ru

2024-01-30 08:56:45	2	SERVER -> CLIENT: 250-mail-nwsmtp-smtp-production-main-69.iva.yp-c.yandex.net
250-8BITMIME
250-PIPELINING
250-SIZE 53477376
250-STARTTLS
250-AUTH LOGIN PLAIN XOAUTH2
250-DSN
250 ENHANCEDSTATUSCODES

2024-01-30 08:56:45	1	CLIENT -> SERVER: AUTH LOGIN

2024-01-30 08:56:45	2	SERVER -> CLIENT: 334 VXNlcm5hbWU6

2024-01-30 08:56:45	1	CLIENT -> SERVER: [credentials hidden]
2024-01-30 08:56:45	2	SERVER -> CLIENT: 334 UGFzc3dvcmQ6

2024-01-30 08:56:45	1	CLIENT -> SERVER: [credentials hidden]
2024-01-30 08:56:45	2	SERVER -> CLIENT: 235 2.7.0 Authentication successful. 1706605005-juUINmEZ3Gk0

2024-01-30 08:56:45	1	CLIENT -> SERVER: MAIL FROM:<Sales@kantdesign.ru>

2024-01-30 08:56:45	2	SERVER -> CLIENT: 250 2.1.0 <Sales@kantdesign.ru> ok 1706605005-juUINmEZ3Gk0-DXiIdkLs

2024-01-30 08:56:45	1	CLIENT -> SERVER: RCPT TO:<Sales@kantdesign.ru>

2024-01-30 08:56:45	2	SERVER -> CLIENT: 250 2.1.5 <Sales@kantdesign.ru> recipient ok 1706605005-juUINmEZ3Gk0-DXiIdkLs

2024-01-30 08:56:45	1	CLIENT -> SERVER: DATA

2024-01-30 08:56:45	2	SERVER -> CLIENT: 354 Start mail input, end with <CRLF>.<CRLF>

2024-01-30 08:56:45	1	CLIENT -> SERVER: Date: Tue, 30 Jan 2024 11:56:45 +0300

2024-01-30 08:56:45	1	CLIENT -> SERVER: To: Sales@kantdesign.ru

2024-01-30 08:56:45	1	CLIENT -> SERVER: From: "kant-design.ru" <Sales@kantdesign.ru>

2024-01-30 08:56:45	1	CLIENT -> SERVER: Subject: =?UTF-8?B?0KHQvtC+0LHRidC10L3QuNC1INGBINGE0L7RgNC80Ysg0L7QsdGA0LDRgtC9?=

2024-01-30 08:56:45	1	CLIENT -> SERVER:  =?UTF-8?B?0L7QuSDRgdCy0Y/Qt9C4?=

2024-01-30 08:56:45	1	CLIENT -> SERVER: Message-ID: <xQwUFu0xG8lt4XqE6uyxnXz3kXia0EEDuhtqxzFAlIs@kant-design.ru>

2024-01-30 08:56:45	1	CLIENT -> SERVER: X-Mailer: PHPMailer 6.6.0 (https://github.com/PHPMailer/PHPMailer)

2024-01-30 08:56:45	1	CLIENT -> SERVER: MIME-Version: 1.0

2024-01-30 08:56:45	1	CLIENT -> SERVER: Content-Type: text/html; charset=UTF-8

2024-01-30 08:56:45	1	CLIENT -> SERVER: Content-Transfer-Encoding: base64

2024-01-30 08:56:45	1	CLIENT -> SERVER: 

2024-01-30 08:56:45	1	CLIENT -> SERVER: PHRhYmxlIHN0eWxlPSJiYWNrZ3JvdW5kLWNvbG9yOiNmMWYxZjE7IHdpZHRoOjEwMCU7IiBhbGln

2024-01-30 08:56:45	1	CLIENT -> SERVER: bj0iY2VudGVyIiB3aWR0aD0iMTAwJSIgYm9yZGVyPSIwIiBjZWxscGFkZGluZz0iMCIgY2VsbHNw

2024-01-30 08:56:45	1	CLIENT -> SERVER: YWNpbmc9IjAiPgogIDx0Ym9keT4KICAgIDx0cj4KICAgICAgPHRkIGFsaWduPSJjZW50ZXIiIHN0

2024-01-30 08:56:45	1	CLIENT -> SERVER: eWxlPSJ2ZXJ0aWNhbC1hbGlnbjp0b3A7IHBhZGRpbmc6MzBweCAwOyB0ZXh0LWFsaWduOmNlbnRl

2024-01-30 08:56:45	1	CLIENT -> SERVER: ciI+CiAgICAgICAgPHRhYmxlIHN0eWxlPSJ0ZXh0LWFsaWduOmxlZnQ7IHdpZHRoOjY4MHB4OyBt

2024-01-30 08:56:45	1	CLIENT -> SERVER: YXJnaW46MCBhdXRvOyBmb250LXNpemU6MTRweDsgYm9yZGVyLXNwYWNpbmc6MHB4Ij4KICAgICAg

2024-01-30 08:56:45	1	CLIENT -> SERVER: ICAgIDx0Ym9keT4KICAgICAgICAgICAgPHRyPgogICAgICAgICAgICAgIDx0ZCBiZ2NvbG9yPSIj

2024-01-30 08:56:45	1	CLIENT -> SERVER: ZmZmIiBzdHlsZT0icGFkZGluZzogMTVweDsiPgogICAgICAgICAgICAgICAgPGZvbnQgY29sb3I9

2024-01-30 08:56:45	1	CLIENT -> SERVER: IiM3NzciIHN0eWxlPSJmb250LXNpemU6MThweCI+0KHQvtC+0LHRidC10L3QuNC1INGBINGE0L7R

2024-01-30 08:56:45	1	CLIENT -> SERVER: gNC80Ysg0L7QsdGA0LDRgtC90L7QuSDRgdCy0Y/Qt9C4PC9mb250PgogICAgICAgICAgICAgIDwv

2024-01-30 08:56:45	1	CLIENT -> SERVER: dGQ+CiAgICAgICAgICAgIDwvdHI+CiAgICAgICAgICAgIDx0cj4KICAgICAgICAgICAgICA8dGQg

2024-01-30 08:56:45	1	CLIENT -> SERVER: aGVpZ2h0PSIyNSI+PC90ZD4KICAgICAgICAgICAgPC90cj4KICAgICAgICAgICAgPHRyPgogICAg

2024-01-30 08:56:45	1	CLIENT -> SERVER: ICAgICAgICAgIDx0ZCBiZ2NvbG9yPSIjZmZmIiBzdHlsZT0icGFkZGluZzogMTVweDsiPgogICAg

2024-01-30 08:56:45	1	CLIENT -> SERVER: ICAgICAgICAgICAg0J/QvtC70YzQt9C+0LLQsNGC0LXQu9GMIDxiPllhbjwvYj4g0L7RgdGC0LDQ

2024-01-30 08:56:45	1	CLIENT -> SERVER: stC40Lsg0YHQu9C10LTRg9GO0YnQtdC1INGB0L7QvtCx0YnQtdC90LjQtToKICAgICAgICAgICAg

2024-01-30 08:56:45	1	CLIENT -> SERVER: ICAgIDxocj4KICAgICAgICAgICAgICAgIAogICAgICAgICAgICAgICAgPGhyPgogICAgICAgICAg

2024-01-30 08:56:45	1	CLIENT -> SERVER: ICAgICAgPGJyPgogICAgICAgICAgICAgICAg0JzQtdGB0YHQtdC90LTQttC10YA6IDxiPldoYXRT

2024-01-30 08:56:45	1	CLIENT -> SERVER: YXBwIFdoYXRTYXBwIFdoYXRTYXBwIFZpYmVyIFZpYmVyIFdoYXRTYXBwIFdoYXRTYXBwIFZpYmVy

2024-01-30 08:56:45	1	CLIENT -> SERVER: IFRlbGVncmFtIFdoYXRTYXBwIFdoYXRTYXBwIFdoYXRTYXBwIFdoYXRTYXBwIFZpYmVyIFZpYmVy

2024-01-30 08:56:45	1	CLIENT -> SERVER: IFRlbGVncmFtIFZpYmVyIFZpYmVyIFdoYXRTYXBwIFZpYmVyIFdoYXRTYXBwIFdoYXRTYXBwIFdo

2024-01-30 08:56:45	1	CLIENT -> SERVER: YXRTYXBwIFdoYXRTYXBwIFdoYXRTYXBwIFdoYXRTYXBwIDwvYj4KICAgICAgICAgICAgICAgIDxi

2024-01-30 08:56:45	1	CLIENT -> SERVER: cj4KICAgICAgICAgICAgICAgINCj0YHQu9GD0LPQsDogPGI+0J3QvtGB0LjRgtC10LvQuCAo0LLQ

2024-01-30 08:56:45	1	CLIENT -> SERVER: uNC30LjRgtC60LgpPC9iPgogICAgICAgICAgICAgICAgPGJyPgogICAgICAgICAgICAgICAg0JHR

2024-01-30 08:56:45	1	CLIENT -> SERVER: gNC10L3QtNCx0YPQuiDQuCDRhNC40YDQvNC10L3QvdGL0Lkg0YHRgtC40LvRjDogPGI+0JTQsDwv

2024-01-30 08:56:45	1	CLIENT -> SERVER: Yj4KICAgICAgICAgICAgICAgIDxicj4KICAgICAgICAgICAgICAgINCi0LXQu9C10YTQvtC9OiA8

2024-01-30 08:56:45	1	CLIENT -> SERVER: Yj4rNyg5OTkpMTI1LTM2LTY2PC9iPgogICAgICAgICAgICAgICAgPGJyPgogICAgICAgICAgICAg

2024-01-30 08:56:45	1	CLIENT -> SERVER: ICAg0JTQsNGC0LAg0L7RgtC/0YDQsNCy0LrQuDogPGI+MzAuMDEuMjAyNCAxMTo1NjwvYj4KICAg

2024-01-30 08:56:45	1	CLIENT -> SERVER: ICAgICAgICAgICAgIDxicj4KICAgICAgICAgICAgICAgIAogICAgICAgICAgICAgIDwvdGQ+CiAg

2024-01-30 08:56:45	1	CLIENT -> SERVER: ICAgICAgICAgIDwvdHI+CiAgICAgICAgICAgIDx0cj4KICAgICAgICAgICAgICA8dGQgaGVpZ2h0

2024-01-30 08:56:45	1	CLIENT -> SERVER: PSIyNSI+PC90ZD4KICAgICAgICAgICAgPC90cj4KICAgICAgICAgICAgPHRyPgogICAgICAgICAg

2024-01-30 08:56:45	1	CLIENT -> SERVER: ICAgIDx0ZCBiZ2NvbG9yPSIjZmZmICIgc3R5bGU9InBhZGRpbmc6IDIwcHggMTVweDsgY29sb3I6

2024-01-30 08:56:45	1	CLIENT -> SERVER: ICM3Nzc7IGZvbnQtc2l6ZTogMTRweDsiPgogICAgICAgICAgICAgICAgPHA+JmNvcHk7IDIwMjQg

2024-01-30 08:56:45	1	CLIENT -> SERVER: a2FudC1kZXNpZ24uPC9wPgogICAgICAgICAgICAgIDwvdGQ+CiAgICAgICAgICAgIDwvdHI+CiAg

2024-01-30 08:56:45	1	CLIENT -> SERVER: ICAgICAgICA8L3Rib2R5PgogICAgICAgIDwvdGFibGU+CiAgICAgIDwvdGQ+CiAgICA8L3RyPgog

2024-01-30 08:56:45	1	CLIENT -> SERVER: IDwvdGJvZHk+CjwvdGFibGU+Cg==

2024-01-30 08:56:45	1	CLIENT -> SERVER: 

2024-01-30 08:56:45	1	CLIENT -> SERVER: .

2024-01-30 08:56:46	2	SERVER -> CLIENT: 250 2.0.0 Ok: queued on mail-nwsmtp-smtp-production-main-69.iva.yp-c.yandex.net 1706605006-juUINmEZ3Gk0-DXiIdkLs

2024-01-30 08:56:46	1	CLIENT -> SERVER: QUIT

2024-01-30 08:56:46	2	SERVER -> CLIENT: 221 2.0.0 Closing connecton

2024-01-30 12:00:58	2	SERVER -> CLIENT: 220 mail-nwsmtp-smtp-production-main-25.sas.yp-c.yandex.net (Want to use Yandex.Mail for your domain? Visit http://pdd.yandex.ru) 1706616058-w0YtY41oCmI0

2024-01-30 12:00:58	1	CLIENT -> SERVER: EHLO kant-design.ru

2024-01-30 12:00:58	2	SERVER -> CLIENT: 250-mail-nwsmtp-smtp-production-main-25.sas.yp-c.yandex.net
250-8BITMIME
250-PIPELINING
250-SIZE 53477376
250-STARTTLS
250-AUTH LOGIN PLAIN XOAUTH2
250-DSN
250 ENHANCEDSTATUSCODES

2024-01-30 12:00:58	1	CLIENT -> SERVER: AUTH LOGIN

2024-01-30 12:00:58	2	SERVER -> CLIENT: 334 VXNlcm5hbWU6

2024-01-30 12:00:58	1	CLIENT -> SERVER: [credentials hidden]
2024-01-30 12:00:58	2	SERVER -> CLIENT: 334 UGFzc3dvcmQ6

2024-01-30 12:00:58	1	CLIENT -> SERVER: [credentials hidden]
2024-01-30 12:00:58	2	SERVER -> CLIENT: 235 2.7.0 Authentication successful. 1706616058-w0YtY41oCmI0

2024-01-30 12:00:58	1	CLIENT -> SERVER: MAIL FROM:<Sales@kantdesign.ru>

2024-01-30 12:00:58	2	SERVER -> CLIENT: 250 2.1.0 <Sales@kantdesign.ru> ok 1706616058-w0YtY41oCmI0-Dud44kKB

2024-01-30 12:00:58	1	CLIENT -> SERVER: RCPT TO:<Sales@kantdesign.ru>

2024-01-30 12:00:58	2	SERVER -> CLIENT: 250 2.1.5 <Sales@kantdesign.ru> recipient ok 1706616058-w0YtY41oCmI0-Dud44kKB

2024-01-30 12:00:58	1	CLIENT -> SERVER: DATA

2024-01-30 12:00:58	2	SERVER -> CLIENT: 354 Start mail input, end with <CRLF>.<CRLF>

2024-01-30 12:00:58	1	CLIENT -> SERVER: Date: Tue, 30 Jan 2024 15:00:58 +0300

2024-01-30 12:00:58	1	CLIENT -> SERVER: To: Sales@kantdesign.ru

2024-01-30 12:00:58	1	CLIENT -> SERVER: From: "kant-design.ru" <Sales@kantdesign.ru>

2024-01-30 12:00:58	1	CLIENT -> SERVER: Subject: =?UTF-8?B?0KHQvtC+0LHRidC10L3QuNC1INGBINGE0L7RgNC80Ysg0L7QsdGA0LDRgtC9?=

2024-01-30 12:00:58	1	CLIENT -> SERVER:  =?UTF-8?B?0L7QuSDRgdCy0Y/Qt9C4?=

2024-01-30 12:00:58	1	CLIENT -> SERVER: Message-ID: <cS75NM3ZNMTn8vHiA8UCBBpOypRDIWO0mUOSbq502o@kant-design.ru>

2024-01-30 12:00:58	1	CLIENT -> SERVER: X-Mailer: PHPMailer 6.6.0 (https://github.com/PHPMailer/PHPMailer)

2024-01-30 12:00:58	1	CLIENT -> SERVER: MIME-Version: 1.0

2024-01-30 12:00:58	1	CLIENT -> SERVER: Content-Type: text/html; charset=UTF-8

2024-01-30 12:00:58	1	CLIENT -> SERVER: Content-Transfer-Encoding: base64

2024-01-30 12:00:58	1	CLIENT -> SERVER: 

2024-01-30 12:00:58	1	CLIENT -> SERVER: PHRhYmxlIHN0eWxlPSJiYWNrZ3JvdW5kLWNvbG9yOiNmMWYxZjE7IHdpZHRoOjEwMCU7IiBhbGln

2024-01-30 12:00:58	1	CLIENT -> SERVER: bj0iY2VudGVyIiB3aWR0aD0iMTAwJSIgYm9yZGVyPSIwIiBjZWxscGFkZGluZz0iMCIgY2VsbHNw

2024-01-30 12:00:58	1	CLIENT -> SERVER: YWNpbmc9IjAiPgogIDx0Ym9keT4KICAgIDx0cj4KICAgICAgPHRkIGFsaWduPSJjZW50ZXIiIHN0

2024-01-30 12:00:58	1	CLIENT -> SERVER: eWxlPSJ2ZXJ0aWNhbC1hbGlnbjp0b3A7IHBhZGRpbmc6MzBweCAwOyB0ZXh0LWFsaWduOmNlbnRl

2024-01-30 12:00:58	1	CLIENT -> SERVER: ciI+CiAgICAgICAgPHRhYmxlIHN0eWxlPSJ0ZXh0LWFsaWduOmxlZnQ7IHdpZHRoOjY4MHB4OyBt

2024-01-30 12:00:58	1	CLIENT -> SERVER: YXJnaW46MCBhdXRvOyBmb250LXNpemU6MTRweDsgYm9yZGVyLXNwYWNpbmc6MHB4Ij4KICAgICAg

2024-01-30 12:00:58	1	CLIENT -> SERVER: ICAgIDx0Ym9keT4KICAgICAgICAgICAgPHRyPgogICAgICAgICAgICAgIDx0ZCBiZ2NvbG9yPSIj

2024-01-30 12:00:58	1	CLIENT -> SERVER: ZmZmIiBzdHlsZT0icGFkZGluZzogMTVweDsiPgogICAgICAgICAgICAgICAgPGZvbnQgY29sb3I9

2024-01-30 12:00:58	1	CLIENT -> SERVER: IiM3NzciIHN0eWxlPSJmb250LXNpemU6MThweCI+0KHQvtC+0LHRidC10L3QuNC1INGBINGE0L7R

2024-01-30 12:00:58	1	CLIENT -> SERVER: gNC80Ysg0L7QsdGA0LDRgtC90L7QuSDRgdCy0Y/Qt9C4PC9mb250PgogICAgICAgICAgICAgIDwv

2024-01-30 12:00:58	1	CLIENT -> SERVER: dGQ+CiAgICAgICAgICAgIDwvdHI+CiAgICAgICAgICAgIDx0cj4KICAgICAgICAgICAgICA8dGQg

2024-01-30 12:00:58	1	CLIENT -> SERVER: aGVpZ2h0PSIyNSI+PC90ZD4KICAgICAgICAgICAgPC90cj4KICAgICAgICAgICAgPHRyPgogICAg

2024-01-30 12:00:58	1	CLIENT -> SERVER: ICAgICAgICAgIDx0ZCBiZ2NvbG9yPSIjZmZmIiBzdHlsZT0icGFkZGluZzogMTVweDsiPgogICAg

2024-01-30 12:00:58	1	CLIENT -> SERVER: ICAgICAgICAgICAg0J/QvtC70YzQt9C+0LLQsNGC0LXQu9GMIDxiPkZoPC9iPiDQvtGB0YLQsNCy

2024-01-30 12:00:58	1	CLIENT -> SERVER: 0LjQuyDRgdC70LXQtNGD0Y7RidC10LUg0YHQvtC+0LHRidC10L3QuNC1OgogICAgICAgICAgICAg

2024-01-30 12:00:58	1	CLIENT -> SERVER: ICAgPGhyPgogICAgICAgICAgICAgICAgZWZmZQogICAgICAgICAgICAgICAgPGhyPgogICAgICAg

2024-01-30 12:00:58	1	CLIENT -> SERVER: ICAgICAgICAgPGJyPgogICAgICAgICAgICAgICAg0JzQtdGB0YHQtdC90LTQttC10YA6IDxiPlZp

2024-01-30 12:00:58	1	CLIENT -> SERVER: YmVyIDwvYj4KICAgICAgICAgICAgICAgIDxicj4KICAgICAgICAgICAgICAgINCj0YHQu9GD0LPQ

2024-01-30 12:00:58	1	CLIENT -> SERVER: sDogPGI+0JTRgNGD0LPQvtC1PC9iPgogICAgICAgICAgICAgICAgPGJyPgogICAgICAgICAgICAg

2024-01-30 12:00:58	1	CLIENT -> SERVER: ICAg0JHRgNC10L3QtNCx0YPQuiDQuCDRhNC40YDQvNC10L3QvdGL0Lkg0YHRgtC40LvRjDogPGI+

2024-01-30 12:00:58	1	CLIENT -> SERVER: 0J3QtdGCPC9iPgogICAgICAgICAgICAgICAgPGJyPgogICAgICAgICAgICAgICAg0KLQtdC70LXR

2024-01-30 12:00:58	1	CLIENT -> SERVER: hNC+0L06IDxiPis3KDk5MSk0ODQtOTUtODU8L2I+CiAgICAgICAgICAgICAgICA8YnI+CiAgICAg

2024-01-30 12:00:58	1	CLIENT -> SERVER: ICAgICAgICAgICDQlNCw0YLQsCDQvtGC0L/RgNCw0LLQutC4OiA8Yj4zMC4wMS4yMDI0IDE1OjAw

2024-01-30 12:00:58	1	CLIENT -> SERVER: PC9iPgogICAgICAgICAgICAgICAgPGJyPgogICAgICAgICAgICAgICAgCiAgICAgICAgICAgICAg

2024-01-30 12:00:58	1	CLIENT -> SERVER: PC90ZD4KICAgICAgICAgICAgPC90cj4KICAgICAgICAgICAgPHRyPgogICAgICAgICAgICAgIDx0

2024-01-30 12:00:58	1	CLIENT -> SERVER: ZCBoZWlnaHQ9IjI1Ij48L3RkPgogICAgICAgICAgICA8L3RyPgogICAgICAgICAgICA8dHI+CiAg

2024-01-30 12:00:58	1	CLIENT -> SERVER: ICAgICAgICAgICAgPHRkIGJnY29sb3I9IiNmZmYgIiBzdHlsZT0icGFkZGluZzogMjBweCAxNXB4

2024-01-30 12:00:58	1	CLIENT -> SERVER: OyBjb2xvcjogIzc3NzsgZm9udC1zaXplOiAxNHB4OyI+CiAgICAgICAgICAgICAgICA8cD4mY29w

2024-01-30 12:00:58	1	CLIENT -> SERVER: eTsgMjAyNCBrYW50LWRlc2lnbi48L3A+CiAgICAgICAgICAgICAgPC90ZD4KICAgICAgICAgICAg

2024-01-30 12:00:58	1	CLIENT -> SERVER: PC90cj4KICAgICAgICAgIDwvdGJvZHk+CiAgICAgICAgPC90YWJsZT4KICAgICAgPC90ZD4KICAg

2024-01-30 12:00:58	1	CLIENT -> SERVER: IDwvdHI+CiAgPC90Ym9keT4KPC90YWJsZT4K

2024-01-30 12:00:58	1	CLIENT -> SERVER: 

2024-01-30 12:00:58	1	CLIENT -> SERVER: .

2024-01-30 12:00:59	2	SERVER -> CLIENT: 250 2.0.0 Ok: queued on mail-nwsmtp-smtp-production-main-25.sas.yp-c.yandex.net 1706616059-w0YtY41oCmI0-Dud44kKB

2024-01-30 12:00:59	1	CLIENT -> SERVER: QUIT

2024-01-30 12:00:59	2	SERVER -> CLIENT: 221 2.0.0 Closing connecton

