2023-11-15 23:48:34	2	SERVER -> CLIENT: 220 mail-nwsmtp-smtp-production-main-57.myt.yp-c.yandex.net (Want to use Yandex.Mail for your domain? Visit http://pdd.yandex.ru) 1700092114-Ymu2iLVBUSw0

2023-11-15 23:48:34	1	CLIENT -> SERVER: EHLO webdevmax.ru

2023-11-15 23:48:34	2	SERVER -> CLIENT: 250-mail-nwsmtp-smtp-production-main-57.myt.yp-c.yandex.net
250-8BITMIME
250-PIPELINING
250-SIZE 53477376
250-STARTTLS
250-AUTH LOGIN PLAIN XOAUTH2
250-DSN
250 ENHANCEDSTATUSCODES

2023-11-15 23:48:34	1	CLIENT -> SERVER: AUTH LOGIN

2023-11-15 23:48:34	2	SERVER -> CLIENT: 334 VXNlcm5hbWU6

2023-11-15 23:48:34	1	CLIENT -> SERVER: [credentials hidden]
2023-11-15 23:48:34	2	SERVER -> CLIENT: 334 UGFzc3dvcmQ6

2023-11-15 23:48:34	1	CLIENT -> SERVER: [credentials hidden]
2023-11-15 23:48:34	2	SERVER -> CLIENT: 235 2.7.0 Authentication successful. 1700092114-Ymu2iLVBUSw0

2023-11-15 23:48:34	1	CLIENT -> SERVER: MAIL FROM:<maximzavidy@yandex.ru>

2023-11-15 23:48:34	2	SERVER -> CLIENT: 250 2.1.0 <maximzavidy@yandex.ru> ok 1700092114-Ymu2iLVBUSw0-60PRwJZE

2023-11-15 23:48:34	1	CLIENT -> SERVER: RCPT TO:<maximzavidy@yandex.ru>

2023-11-15 23:48:34	2	SERVER -> CLIENT: 250 2.1.5 <maximzavidy@yandex.ru> recipient ok 1700092114-Ymu2iLVBUSw0-60PRwJZE

2023-11-15 23:48:34	1	CLIENT -> SERVER: DATA

2023-11-15 23:48:34	2	SERVER -> CLIENT: 354 Start mail input, end with <CRLF>.<CRLF>

2023-11-15 23:48:34	1	CLIENT -> SERVER: Date: Thu, 16 Nov 2023 02:48:34 +0300

2023-11-15 23:48:34	1	CLIENT -> SERVER: To: maximzavidy@yandex.ru

2023-11-15 23:48:34	1	CLIENT -> SERVER: From: "webdevmax.ru" <maximzavidy@yandex.ru>

2023-11-15 23:48:34	1	CLIENT -> SERVER: Subject: =?UTF-8?B?0KHQvtC+0LHRidC10L3QuNC1INGBINGE0L7RgNC80Ysg0L7QsdGA0LDRgtC9?=

2023-11-15 23:48:34	1	CLIENT -> SERVER:  =?UTF-8?B?0L7QuSDRgdCy0Y/Qt9C4?=

2023-11-15 23:48:34	1	CLIENT -> SERVER: Message-ID: <RNQEAv59m1puN5jEelQS0qi2QjFRrv9tTqkhs6Njo@webdevmax.ru>

2023-11-15 23:48:34	1	CLIENT -> SERVER: X-Mailer: PHPMailer 6.6.0 (https://github.com/PHPMailer/PHPMailer)

2023-11-15 23:48:34	1	CLIENT -> SERVER: MIME-Version: 1.0

2023-11-15 23:48:34	1	CLIENT -> SERVER: Content-Type: text/html; charset=UTF-8

2023-11-15 23:48:34	1	CLIENT -> SERVER: Content-Transfer-Encoding: base64

2023-11-15 23:48:34	1	CLIENT -> SERVER: 

2023-11-15 23:48:34	1	CLIENT -> SERVER: PHRhYmxlIHN0eWxlPSJiYWNrZ3JvdW5kLWNvbG9yOiNmMWYxZjE7IHdpZHRoOjEwMCU7IiBhbGln

2023-11-15 23:48:34	1	CLIENT -> SERVER: bj0iY2VudGVyIiB3aWR0aD0iMTAwJSIgYm9yZGVyPSIwIiBjZWxscGFkZGluZz0iMCIgY2VsbHNw

2023-11-15 23:48:34	1	CLIENT -> SERVER: YWNpbmc9IjAiPgogIDx0Ym9keT4KICAgIDx0cj4KICAgICAgPHRkIGFsaWduPSJjZW50ZXIiIHN0

2023-11-15 23:48:34	1	CLIENT -> SERVER: eWxlPSJ2ZXJ0aWNhbC1hbGlnbjp0b3A7IHBhZGRpbmc6MzBweCAwOyB0ZXh0LWFsaWduOmNlbnRl

2023-11-15 23:48:34	1	CLIENT -> SERVER: ciI+CiAgICAgICAgPHRhYmxlIHN0eWxlPSJ0ZXh0LWFsaWduOmxlZnQ7IHdpZHRoOjY4MHB4OyBt

2023-11-15 23:48:34	1	CLIENT -> SERVER: YXJnaW46MCBhdXRvOyBmb250LXNpemU6MTRweDsgYm9yZGVyLXNwYWNpbmc6MHB4Ij4KICAgICAg

2023-11-15 23:48:34	1	CLIENT -> SERVER: ICAgIDx0Ym9keT4KICAgICAgICAgICAgPHRyPgogICAgICAgICAgICAgIDx0ZCBiZ2NvbG9yPSIj

2023-11-15 23:48:34	1	CLIENT -> SERVER: ZmZmIiBzdHlsZT0icGFkZGluZzogMTVweDsiPgogICAgICAgICAgICAgICAgPGZvbnQgY29sb3I9

2023-11-15 23:48:34	1	CLIENT -> SERVER: IiM3NzciIHN0eWxlPSJmb250LXNpemU6MThweCI+0KHQvtC+0LHRidC10L3QuNC1INGBINGE0L7R

2023-11-15 23:48:34	1	CLIENT -> SERVER: gNC80Ysg0L7QsdGA0LDRgtC90L7QuSDRgdCy0Y/Qt9C4PC9mb250PgogICAgICAgICAgICAgIDwv

2023-11-15 23:48:34	1	CLIENT -> SERVER: dGQ+CiAgICAgICAgICAgIDwvdHI+CiAgICAgICAgICAgIDx0cj4KICAgICAgICAgICAgICA8dGQg

2023-11-15 23:48:34	1	CLIENT -> SERVER: aGVpZ2h0PSIyNSI+PC90ZD4KICAgICAgICAgICAgPC90cj4KICAgICAgICAgICAgPHRyPgogICAg

2023-11-15 23:48:34	1	CLIENT -> SERVER: ICAgICAgICAgIDx0ZCBiZ2NvbG9yPSIjZmZmIiBzdHlsZT0icGFkZGluZzogMTVweDsiPgogICAg

2023-11-15 23:48:34	1	CLIENT -> SERVER: ICAgICAgICAgICAg0J/QvtC70YzQt9C+0LLQsNGC0LXQu9GMIDxiPk1heDwvYj4g0L7RgdGC0LDQ

2023-11-15 23:48:34	1	CLIENT -> SERVER: stC40Lsg0YHQu9C10LTRg9GO0YnQtdC1INGB0L7QvtCx0YnQtdC90LjQtToKICAgICAgICAgICAg

2023-11-15 23:48:34	1	CLIENT -> SERVER: ICAgIDxocj4KICAgICAgICAgICAgICAgIEpkamRqc2pzanNqeGt4amNqZmpkanNqc3NrCiAgICAg

2023-11-15 23:48:34	1	CLIENT -> SERVER: ICAgICAgICAgICA8aHI+CiAgICAgICAgICAgICAgICBFbWFpbCDQv9C+0LvRjNC30L7QstCw0YLQ

2023-11-15 23:48:34	1	CLIENT -> SERVER: tdC70Y86IDxiPnphdmlkaXkxOTk4QG1haWwucnU8L2I+CiAgICAgICAgICAgICAgICA8YnI+CiAg

2023-11-15 23:48:34	1	CLIENT -> SERVER: ICAgICAgICAgICAgICDQlNCw0YLQsCDQvtGC0L/RgNCw0LLQutC4OiA8Yj4xNi4xMS4yMDIzIDAy

2023-11-15 23:48:34	1	CLIENT -> SERVER: OjQ4PC9iPgogICAgICAgICAgICAgICAgPGJyPgogICAgICAgICAgICAgICAgCiAgICAgICAgICAg

2023-11-15 23:48:34	1	CLIENT -> SERVER: ICAgPC90ZD4KICAgICAgICAgICAgPC90cj4KICAgICAgICAgICAgPHRyPgogICAgICAgICAgICAg

2023-11-15 23:48:34	1	CLIENT -> SERVER: IDx0ZCBoZWlnaHQ9IjI1Ij48L3RkPgogICAgICAgICAgICA8L3RyPgogICAgICAgICAgICA8dHI+

2023-11-15 23:48:34	1	CLIENT -> SERVER: CiAgICAgICAgICAgICAgPHRkIGJnY29sb3I9IiNmZmYgIiBzdHlsZT0icGFkZGluZzogMjBweCAx

2023-11-15 23:48:34	1	CLIENT -> SERVER: NXB4OyBjb2xvcjogIzc3NzsgZm9udC1zaXplOiAxNHB4OyI+CiAgICAgICAgICAgICAgICA8cD4m

2023-11-15 23:48:34	1	CLIENT -> SERVER: Y29weTsgMjAyMyBXZWJEZXYgTWF4LjwvcD4KICAgICAgICAgICAgICA8L3RkPgogICAgICAgICAg

2023-11-15 23:48:34	1	CLIENT -> SERVER: ICA8L3RyPgogICAgICAgICAgPC90Ym9keT4KICAgICAgICA8L3RhYmxlPgogICAgICA8L3RkPgog

2023-11-15 23:48:34	1	CLIENT -> SERVER: ICAgPC90cj4KICA8L3Rib2R5Pgo8L3RhYmxlPgo=

2023-11-15 23:48:34	1	CLIENT -> SERVER: 

2023-11-15 23:48:34	1	CLIENT -> SERVER: .

2023-11-15 23:48:35	2	SERVER -> CLIENT: 250 2.0.0 Ok: queued on mail-nwsmtp-smtp-production-main-57.myt.yp-c.yandex.net 1700092115-Ymu2iLVBUSw0-60PRwJZE

2023-11-15 23:48:35	1	CLIENT -> SERVER: QUIT

2023-11-15 23:48:35	2	SERVER -> CLIENT: 221 2.0.0 Closing connecton

2023-11-15 23:48:37	2	SERVER -> CLIENT: 220 mail-nwsmtp-smtp-production-main-91.sas.yp-c.yandex.net (Want to use Yandex.Mail for your domain? Visit http://pdd.yandex.ru) 1700092117-bmu3lVeBV4Y0

2023-11-15 23:48:37	1	CLIENT -> SERVER: EHLO webdevmax.ru

2023-11-15 23:48:37	2	SERVER -> CLIENT: 250-mail-nwsmtp-smtp-production-main-91.sas.yp-c.yandex.net
250-8BITMIME
250-PIPELINING
250-SIZE 53477376
250-STARTTLS
250-AUTH LOGIN PLAIN XOAUTH2
250-DSN
250 ENHANCEDSTATUSCODES

2023-11-15 23:48:37	1	CLIENT -> SERVER: AUTH LOGIN

2023-11-15 23:48:37	2	SERVER -> CLIENT: 334 VXNlcm5hbWU6

2023-11-15 23:48:37	1	CLIENT -> SERVER: [credentials hidden]
2023-11-15 23:48:37	2	SERVER -> CLIENT: 334 UGFzc3dvcmQ6

2023-11-15 23:48:37	1	CLIENT -> SERVER: [credentials hidden]
2023-11-15 23:48:37	2	SERVER -> CLIENT: 235 2.7.0 Authentication successful. 1700092117-bmu3lVeBV4Y0

2023-11-15 23:48:37	1	CLIENT -> SERVER: MAIL FROM:<maximzavidy@yandex.ru>

2023-11-15 23:48:37	2	SERVER -> CLIENT: 250 2.1.0 <maximzavidy@yandex.ru> ok 1700092117-bmu3lVeBV4Y0-fzJVklDp

2023-11-15 23:48:37	1	CLIENT -> SERVER: RCPT TO:<maximzavidy@yandex.ru>

2023-11-15 23:48:37	2	SERVER -> CLIENT: 250 2.1.5 <maximzavidy@yandex.ru> recipient ok 1700092117-bmu3lVeBV4Y0-fzJVklDp

2023-11-15 23:48:37	1	CLIENT -> SERVER: DATA

2023-11-15 23:48:37	2	SERVER -> CLIENT: 354 Start mail input, end with <CRLF>.<CRLF>

2023-11-15 23:48:37	1	CLIENT -> SERVER: Date: Thu, 16 Nov 2023 02:48:37 +0300

2023-11-15 23:48:37	1	CLIENT -> SERVER: To: maximzavidy@yandex.ru

2023-11-15 23:48:37	1	CLIENT -> SERVER: From: "webdevmax.ru" <maximzavidy@yandex.ru>

2023-11-15 23:48:37	1	CLIENT -> SERVER: Subject: =?UTF-8?B?0KHQvtC+0LHRidC10L3QuNC1INGBINGE0L7RgNC80Ysg0L7QsdGA0LDRgtC9?=

2023-11-15 23:48:37	1	CLIENT -> SERVER:  =?UTF-8?B?0L7QuSDRgdCy0Y/Qt9C4?=

2023-11-15 23:48:37	1	CLIENT -> SERVER: Message-ID: <2c5Pmqtywx7R49GvlvqnehYHDCKMISwOSOh1iAo3Rw@webdevmax.ru>

2023-11-15 23:48:37	1	CLIENT -> SERVER: X-Mailer: PHPMailer 6.6.0 (https://github.com/PHPMailer/PHPMailer)

2023-11-15 23:48:37	1	CLIENT -> SERVER: MIME-Version: 1.0

2023-11-15 23:48:37	1	CLIENT -> SERVER: Content-Type: text/html; charset=UTF-8

2023-11-15 23:48:37	1	CLIENT -> SERVER: Content-Transfer-Encoding: base64

2023-11-15 23:48:37	1	CLIENT -> SERVER: 

2023-11-15 23:48:37	1	CLIENT -> SERVER: PHRhYmxlIHN0eWxlPSJiYWNrZ3JvdW5kLWNvbG9yOiNmMWYxZjE7IHdpZHRoOjEwMCU7IiBhbGln

2023-11-15 23:48:37	1	CLIENT -> SERVER: bj0iY2VudGVyIiB3aWR0aD0iMTAwJSIgYm9yZGVyPSIwIiBjZWxscGFkZGluZz0iMCIgY2VsbHNw

2023-11-15 23:48:37	1	CLIENT -> SERVER: YWNpbmc9IjAiPgogIDx0Ym9keT4KICAgIDx0cj4KICAgICAgPHRkIGFsaWduPSJjZW50ZXIiIHN0

2023-11-15 23:48:37	1	CLIENT -> SERVER: eWxlPSJ2ZXJ0aWNhbC1hbGlnbjp0b3A7IHBhZGRpbmc6MzBweCAwOyB0ZXh0LWFsaWduOmNlbnRl

2023-11-15 23:48:37	1	CLIENT -> SERVER: ciI+CiAgICAgICAgPHRhYmxlIHN0eWxlPSJ0ZXh0LWFsaWduOmxlZnQ7IHdpZHRoOjY4MHB4OyBt

2023-11-15 23:48:37	1	CLIENT -> SERVER: YXJnaW46MCBhdXRvOyBmb250LXNpemU6MTRweDsgYm9yZGVyLXNwYWNpbmc6MHB4Ij4KICAgICAg

2023-11-15 23:48:37	1	CLIENT -> SERVER: ICAgIDx0Ym9keT4KICAgICAgICAgICAgPHRyPgogICAgICAgICAgICAgIDx0ZCBiZ2NvbG9yPSIj

2023-11-15 23:48:37	1	CLIENT -> SERVER: ZmZmIiBzdHlsZT0icGFkZGluZzogMTVweDsiPgogICAgICAgICAgICAgICAgPGZvbnQgY29sb3I9

2023-11-15 23:48:37	1	CLIENT -> SERVER: IiM3NzciIHN0eWxlPSJmb250LXNpemU6MThweCI+0KHQvtC+0LHRidC10L3QuNC1INGBINGE0L7R

2023-11-15 23:48:37	1	CLIENT -> SERVER: gNC80Ysg0L7QsdGA0LDRgtC90L7QuSDRgdCy0Y/Qt9C4PC9mb250PgogICAgICAgICAgICAgIDwv

2023-11-15 23:48:37	1	CLIENT -> SERVER: dGQ+CiAgICAgICAgICAgIDwvdHI+CiAgICAgICAgICAgIDx0cj4KICAgICAgICAgICAgICA8dGQg

2023-11-15 23:48:37	1	CLIENT -> SERVER: aGVpZ2h0PSIyNSI+PC90ZD4KICAgICAgICAgICAgPC90cj4KICAgICAgICAgICAgPHRyPgogICAg

2023-11-15 23:48:37	1	CLIENT -> SERVER: ICAgICAgICAgIDx0ZCBiZ2NvbG9yPSIjZmZmIiBzdHlsZT0icGFkZGluZzogMTVweDsiPgogICAg

2023-11-15 23:48:37	1	CLIENT -> SERVER: ICAgICAgICAgICAg0J/QvtC70YzQt9C+0LLQsNGC0LXQu9GMIDxiPk1heDwvYj4g0L7RgdGC0LDQ

2023-11-15 23:48:37	1	CLIENT -> SERVER: stC40Lsg0YHQu9C10LTRg9GO0YnQtdC1INGB0L7QvtCx0YnQtdC90LjQtToKICAgICAgICAgICAg

2023-11-15 23:48:37	1	CLIENT -> SERVER: ICAgIDxocj4KICAgICAgICAgICAgICAgIEpkamRqc2pzanNqeGt4amNqZmpkanNqc3NrCiAgICAg

2023-11-15 23:48:37	1	CLIENT -> SERVER: ICAgICAgICAgICA8aHI+CiAgICAgICAgICAgICAgICBFbWFpbCDQv9C+0LvRjNC30L7QstCw0YLQ

2023-11-15 23:48:37	1	CLIENT -> SERVER: tdC70Y86IDxiPnphdmlkaXkxOTk4QG1haWwucnU8L2I+CiAgICAgICAgICAgICAgICA8YnI+CiAg

2023-11-15 23:48:37	1	CLIENT -> SERVER: ICAgICAgICAgICAgICDQlNCw0YLQsCDQvtGC0L/RgNCw0LLQutC4OiA8Yj4xNi4xMS4yMDIzIDAy

2023-11-15 23:48:37	1	CLIENT -> SERVER: OjQ4PC9iPgogICAgICAgICAgICAgICAgPGJyPgogICAgICAgICAgICAgICAgCiAgICAgICAgICAg

2023-11-15 23:48:37	1	CLIENT -> SERVER: ICAgPC90ZD4KICAgICAgICAgICAgPC90cj4KICAgICAgICAgICAgPHRyPgogICAgICAgICAgICAg

2023-11-15 23:48:37	1	CLIENT -> SERVER: IDx0ZCBoZWlnaHQ9IjI1Ij48L3RkPgogICAgICAgICAgICA8L3RyPgogICAgICAgICAgICA8dHI+

2023-11-15 23:48:37	1	CLIENT -> SERVER: CiAgICAgICAgICAgICAgPHRkIGJnY29sb3I9IiNmZmYgIiBzdHlsZT0icGFkZGluZzogMjBweCAx

2023-11-15 23:48:37	1	CLIENT -> SERVER: NXB4OyBjb2xvcjogIzc3NzsgZm9udC1zaXplOiAxNHB4OyI+CiAgICAgICAgICAgICAgICA8cD4m

2023-11-15 23:48:37	1	CLIENT -> SERVER: Y29weTsgMjAyMyBXZWJEZXYgTWF4LjwvcD4KICAgICAgICAgICAgICA8L3RkPgogICAgICAgICAg

2023-11-15 23:48:37	1	CLIENT -> SERVER: ICA8L3RyPgogICAgICAgICAgPC90Ym9keT4KICAgICAgICA8L3RhYmxlPgogICAgICA8L3RkPgog

2023-11-15 23:48:37	1	CLIENT -> SERVER: ICAgPC90cj4KICA8L3Rib2R5Pgo8L3RhYmxlPgo=

2023-11-15 23:48:37	1	CLIENT -> SERVER: 

2023-11-15 23:48:37	1	CLIENT -> SERVER: .

2023-11-15 23:48:37	2	SERVER -> CLIENT: 250 2.0.0 Ok: queued on mail-nwsmtp-smtp-production-main-91.sas.yp-c.yandex.net 1700092117-bmu3lVeBV4Y0-fzJVklDp

2023-11-15 23:48:37	1	CLIENT -> SERVER: QUIT

2023-11-15 23:48:37	2	SERVER -> CLIENT: 221 2.0.0 Closing connecton

2023-11-16 10:25:55	2	SERVER -> CLIENT: 220 mail-nwsmtp-smtp-production-main-37.myt.yp-c.yandex.net (Want to use Yandex.Mail for your domain? Visit http://pdd.yandex.ru) 1700130355-tPi2Th2OeOs0

2023-11-16 10:25:55	1	CLIENT -> SERVER: EHLO webdevmax.ru

2023-11-16 10:25:55	2	SERVER -> CLIENT: 250-mail-nwsmtp-smtp-production-main-37.myt.yp-c.yandex.net
250-8BITMIME
250-PIPELINING
250-SIZE 53477376
250-STARTTLS
250-AUTH LOGIN PLAIN XOAUTH2
250-DSN
250 ENHANCEDSTATUSCODES

2023-11-16 10:25:55	1	CLIENT -> SERVER: AUTH LOGIN

2023-11-16 10:25:55	2	SERVER -> CLIENT: 334 VXNlcm5hbWU6

2023-11-16 10:25:55	1	CLIENT -> SERVER: [credentials hidden]
2023-11-16 10:25:55	2	SERVER -> CLIENT: 334 UGFzc3dvcmQ6

2023-11-16 10:25:55	1	CLIENT -> SERVER: [credentials hidden]
2023-11-16 10:25:55	2	SERVER -> CLIENT: 235 2.7.0 Authentication successful. 1700130355-tPi2Th2OeOs0

2023-11-16 10:25:55	1	CLIENT -> SERVER: MAIL FROM:<maximzavidy@yandex.ru>

2023-11-16 10:25:55	2	SERVER -> CLIENT: 250 2.1.0 <maximzavidy@yandex.ru> ok 1700130355-tPi2Th2OeOs0-lanu45GW

2023-11-16 10:25:55	1	CLIENT -> SERVER: RCPT TO:<maximzavidy@yandex.ru>

2023-11-16 10:25:55	2	SERVER -> CLIENT: 250 2.1.5 <maximzavidy@yandex.ru> recipient ok 1700130355-tPi2Th2OeOs0-lanu45GW

2023-11-16 10:25:55	1	CLIENT -> SERVER: DATA

2023-11-16 10:25:55	2	SERVER -> CLIENT: 354 Start mail input, end with <CRLF>.<CRLF>

2023-11-16 10:25:55	1	CLIENT -> SERVER: Date: Thu, 16 Nov 2023 13:25:55 +0300

2023-11-16 10:25:55	1	CLIENT -> SERVER: To: maximzavidy@yandex.ru

2023-11-16 10:25:55	1	CLIENT -> SERVER: From: "webdevmax.ru" <maximzavidy@yandex.ru>

2023-11-16 10:25:55	1	CLIENT -> SERVER: Subject: =?UTF-8?B?0KHQvtC+0LHRidC10L3QuNC1INGBINGE0L7RgNC80Ysg0L7QsdGA0LDRgtC9?=

2023-11-16 10:25:55	1	CLIENT -> SERVER:  =?UTF-8?B?0L7QuSDRgdCy0Y/Qt9C4?=

2023-11-16 10:25:55	1	CLIENT -> SERVER: Message-ID: <R6kZBFfcAdtLSJ1hHk4zDTgiZH9lDVvHfGwX8V2zM@webdevmax.ru>

2023-11-16 10:25:55	1	CLIENT -> SERVER: X-Mailer: PHPMailer 6.6.0 (https://github.com/PHPMailer/PHPMailer)

2023-11-16 10:25:55	1	CLIENT -> SERVER: MIME-Version: 1.0

2023-11-16 10:25:55	1	CLIENT -> SERVER: Content-Type: text/html; charset=UTF-8

2023-11-16 10:25:55	1	CLIENT -> SERVER: Content-Transfer-Encoding: base64

2023-11-16 10:25:55	1	CLIENT -> SERVER: 

2023-11-16 10:25:55	1	CLIENT -> SERVER: PHRhYmxlIHN0eWxlPSJiYWNrZ3JvdW5kLWNvbG9yOiNmMWYxZjE7IHdpZHRoOjEwMCU7IiBhbGln

2023-11-16 10:25:55	1	CLIENT -> SERVER: bj0iY2VudGVyIiB3aWR0aD0iMTAwJSIgYm9yZGVyPSIwIiBjZWxscGFkZGluZz0iMCIgY2VsbHNw

2023-11-16 10:25:55	1	CLIENT -> SERVER: YWNpbmc9IjAiPgogIDx0Ym9keT4KICAgIDx0cj4KICAgICAgPHRkIGFsaWduPSJjZW50ZXIiIHN0

2023-11-16 10:25:55	1	CLIENT -> SERVER: eWxlPSJ2ZXJ0aWNhbC1hbGlnbjp0b3A7IHBhZGRpbmc6MzBweCAwOyB0ZXh0LWFsaWduOmNlbnRl

2023-11-16 10:25:55	1	CLIENT -> SERVER: ciI+CiAgICAgICAgPHRhYmxlIHN0eWxlPSJ0ZXh0LWFsaWduOmxlZnQ7IHdpZHRoOjY4MHB4OyBt

2023-11-16 10:25:55	1	CLIENT -> SERVER: YXJnaW46MCBhdXRvOyBmb250LXNpemU6MTRweDsgYm9yZGVyLXNwYWNpbmc6MHB4Ij4KICAgICAg

2023-11-16 10:25:55	1	CLIENT -> SERVER: ICAgIDx0Ym9keT4KICAgICAgICAgICAgPHRyPgogICAgICAgICAgICAgIDx0ZCBiZ2NvbG9yPSIj

2023-11-16 10:25:55	1	CLIENT -> SERVER: ZmZmIiBzdHlsZT0icGFkZGluZzogMTVweDsiPgogICAgICAgICAgICAgICAgPGZvbnQgY29sb3I9

2023-11-16 10:25:55	1	CLIENT -> SERVER: IiM3NzciIHN0eWxlPSJmb250LXNpemU6MThweCI+0KHQvtC+0LHRidC10L3QuNC1INGBINGE0L7R

2023-11-16 10:25:55	1	CLIENT -> SERVER: gNC80Ysg0L7QsdGA0LDRgtC90L7QuSDRgdCy0Y/Qt9C4PC9mb250PgogICAgICAgICAgICAgIDwv

2023-11-16 10:25:55	1	CLIENT -> SERVER: dGQ+CiAgICAgICAgICAgIDwvdHI+CiAgICAgICAgICAgIDx0cj4KICAgICAgICAgICAgICA8dGQg

2023-11-16 10:25:55	1	CLIENT -> SERVER: aGVpZ2h0PSIyNSI+PC90ZD4KICAgICAgICAgICAgPC90cj4KICAgICAgICAgICAgPHRyPgogICAg

2023-11-16 10:25:55	1	CLIENT -> SERVER: ICAgICAgICAgIDx0ZCBiZ2NvbG9yPSIjZmZmIiBzdHlsZT0icGFkZGluZzogMTVweDsiPgogICAg

2023-11-16 10:25:55	1	CLIENT -> SERVER: ICAgICAgICAgICAg0J/QvtC70YzQt9C+0LLQsNGC0LXQu9GMIDxiPk1heDwvYj4g0L7RgdGC0LDQ

2023-11-16 10:25:55	1	CLIENT -> SERVER: stC40Lsg0YHQu9C10LTRg9GO0YnQtdC1INGB0L7QvtCx0YnQtdC90LjQtToKICAgICAgICAgICAg

2023-11-16 10:25:55	1	CLIENT -> SERVER: ICAgIDxocj4KICAgICAgICAgICAgICAgIGZkZ2RkZmdkZmdkZmdhc2Rhc2Rhc2Rhc2QKICAgICAg

2023-11-16 10:25:55	1	CLIENT -> SERVER: ICAgICAgICAgIDxocj4KICAgICAgICAgICAgICAgIEVtYWlsINC/0L7Qu9GM0LfQvtCy0LDRgtC1

2023-11-16 10:25:55	1	CLIENT -> SERVER: 0LvRjzogPGI+emF2aWRpeTE5OThAbWFpbC5ydTwvYj4KICAgICAgICAgICAgICAgIDxicj4KICAg

2023-11-16 10:25:55	1	CLIENT -> SERVER: ICAgICAgICAgICAgINCU0LDRgtCwINC+0YLQv9GA0LDQstC60Lg6IDxiPjE2LjExLjIwMjMgMTM6

2023-11-16 10:25:55	1	CLIENT -> SERVER: MjU8L2I+CiAgICAgICAgICAgICAgICA8YnI+CiAgICAgICAgICAgICAgICAKICAgICAgICAgICAg

2023-11-16 10:25:55	1	CLIENT -> SERVER: ICA8L3RkPgogICAgICAgICAgICA8L3RyPgogICAgICAgICAgICA8dHI+CiAgICAgICAgICAgICAg

2023-11-16 10:25:55	1	CLIENT -> SERVER: PHRkIGhlaWdodD0iMjUiPjwvdGQ+CiAgICAgICAgICAgIDwvdHI+CiAgICAgICAgICAgIDx0cj4K

2023-11-16 10:25:55	1	CLIENT -> SERVER: ICAgICAgICAgICAgICA8dGQgYmdjb2xvcj0iI2ZmZiAiIHN0eWxlPSJwYWRkaW5nOiAyMHB4IDE1

2023-11-16 10:25:55	1	CLIENT -> SERVER: cHg7IGNvbG9yOiAjNzc3OyBmb250LXNpemU6IDE0cHg7Ij4KICAgICAgICAgICAgICAgIDxwPiZj

2023-11-16 10:25:55	1	CLIENT -> SERVER: b3B5OyAyMDIzIFdlYkRldiBNYXguPC9wPgogICAgICAgICAgICAgIDwvdGQ+CiAgICAgICAgICAg

2023-11-16 10:25:55	1	CLIENT -> SERVER: IDwvdHI+CiAgICAgICAgICA8L3Rib2R5PgogICAgICAgIDwvdGFibGU+CiAgICAgIDwvdGQ+CiAg

2023-11-16 10:25:55	1	CLIENT -> SERVER: ICA8L3RyPgogIDwvdGJvZHk+CjwvdGFibGU+Cg==

2023-11-16 10:25:55	1	CLIENT -> SERVER: 

2023-11-16 10:25:55	1	CLIENT -> SERVER: .

2023-11-16 10:25:56	2	SERVER -> CLIENT: 250 2.0.0 Ok: queued on mail-nwsmtp-smtp-production-main-37.myt.yp-c.yandex.net 1700130355-tPi2Th2OeOs0-lanu45GW

2023-11-16 10:25:56	1	CLIENT -> SERVER: QUIT

2023-11-16 10:25:56	2	SERVER -> CLIENT: 221 2.0.0 Closing connecton

2023-11-16 10:25:57	2	SERVER -> CLIENT: 220 mail-nwsmtp-smtp-production-main-73.iva.yp-c.yandex.net (Want to use Yandex.Mail for your domain? Visit http://pdd.yandex.ru) 1700130357-vPiAKk2OkGk0

2023-11-16 10:25:57	1	CLIENT -> SERVER: EHLO webdevmax.ru

2023-11-16 10:25:57	2	SERVER -> CLIENT: 250-mail-nwsmtp-smtp-production-main-73.iva.yp-c.yandex.net
250-8BITMIME
250-PIPELINING
250-SIZE 53477376
250-STARTTLS
250-AUTH LOGIN PLAIN XOAUTH2
250-DSN
250 ENHANCEDSTATUSCODES

2023-11-16 10:25:57	1	CLIENT -> SERVER: AUTH LOGIN

2023-11-16 10:25:57	2	SERVER -> CLIENT: 334 VXNlcm5hbWU6

2023-11-16 10:25:57	1	CLIENT -> SERVER: [credentials hidden]
2023-11-16 10:25:57	2	SERVER -> CLIENT: 334 UGFzc3dvcmQ6

2023-11-16 10:25:57	1	CLIENT -> SERVER: [credentials hidden]
2023-11-16 10:25:57	2	SERVER -> CLIENT: 235 2.7.0 Authentication successful. 1700130357-vPiAKk2OkGk0

2023-11-16 10:25:57	1	CLIENT -> SERVER: MAIL FROM:<maximzavidy@yandex.ru>

2023-11-16 10:25:57	2	SERVER -> CLIENT: 250 2.1.0 <maximzavidy@yandex.ru> ok 1700130357-vPiAKk2OkGk0-fD1rHQO7

2023-11-16 10:25:57	1	CLIENT -> SERVER: RCPT TO:<maximzavidy@yandex.ru>

2023-11-16 10:25:57	2	SERVER -> CLIENT: 250 2.1.5 <maximzavidy@yandex.ru> recipient ok 1700130357-vPiAKk2OkGk0-fD1rHQO7

2023-11-16 10:25:57	1	CLIENT -> SERVER: DATA

2023-11-16 10:25:57	2	SERVER -> CLIENT: 354 Start mail input, end with <CRLF>.<CRLF>

2023-11-16 10:25:57	1	CLIENT -> SERVER: Date: Thu, 16 Nov 2023 13:25:57 +0300

2023-11-16 10:25:57	1	CLIENT -> SERVER: To: maximzavidy@yandex.ru

2023-11-16 10:25:57	1	CLIENT -> SERVER: From: "webdevmax.ru" <maximzavidy@yandex.ru>

2023-11-16 10:25:57	1	CLIENT -> SERVER: Subject: =?UTF-8?B?0KHQvtC+0LHRidC10L3QuNC1INGBINGE0L7RgNC80Ysg0L7QsdGA0LDRgtC9?=

2023-11-16 10:25:57	1	CLIENT -> SERVER:  =?UTF-8?B?0L7QuSDRgdCy0Y/Qt9C4?=

2023-11-16 10:25:57	1	CLIENT -> SERVER: Message-ID: <s9afp6OqkNa1LpbycghVIkn5uB2UxLpk5uoyG5QvvI@webdevmax.ru>

2023-11-16 10:25:57	1	CLIENT -> SERVER: X-Mailer: PHPMailer 6.6.0 (https://github.com/PHPMailer/PHPMailer)

2023-11-16 10:25:57	1	CLIENT -> SERVER: MIME-Version: 1.0

2023-11-16 10:25:57	1	CLIENT -> SERVER: Content-Type: text/html; charset=UTF-8

2023-11-16 10:25:57	1	CLIENT -> SERVER: Content-Transfer-Encoding: base64

2023-11-16 10:25:57	1	CLIENT -> SERVER: 

2023-11-16 10:25:57	1	CLIENT -> SERVER: PHRhYmxlIHN0eWxlPSJiYWNrZ3JvdW5kLWNvbG9yOiNmMWYxZjE7IHdpZHRoOjEwMCU7IiBhbGln

2023-11-16 10:25:57	1	CLIENT -> SERVER: bj0iY2VudGVyIiB3aWR0aD0iMTAwJSIgYm9yZGVyPSIwIiBjZWxscGFkZGluZz0iMCIgY2VsbHNw

2023-11-16 10:25:57	1	CLIENT -> SERVER: YWNpbmc9IjAiPgogIDx0Ym9keT4KICAgIDx0cj4KICAgICAgPHRkIGFsaWduPSJjZW50ZXIiIHN0

2023-11-16 10:25:57	1	CLIENT -> SERVER: eWxlPSJ2ZXJ0aWNhbC1hbGlnbjp0b3A7IHBhZGRpbmc6MzBweCAwOyB0ZXh0LWFsaWduOmNlbnRl

2023-11-16 10:25:57	1	CLIENT -> SERVER: ciI+CiAgICAgICAgPHRhYmxlIHN0eWxlPSJ0ZXh0LWFsaWduOmxlZnQ7IHdpZHRoOjY4MHB4OyBt

2023-11-16 10:25:57	1	CLIENT -> SERVER: YXJnaW46MCBhdXRvOyBmb250LXNpemU6MTRweDsgYm9yZGVyLXNwYWNpbmc6MHB4Ij4KICAgICAg

2023-11-16 10:25:57	1	CLIENT -> SERVER: ICAgIDx0Ym9keT4KICAgICAgICAgICAgPHRyPgogICAgICAgICAgICAgIDx0ZCBiZ2NvbG9yPSIj

2023-11-16 10:25:57	1	CLIENT -> SERVER: ZmZmIiBzdHlsZT0icGFkZGluZzogMTVweDsiPgogICAgICAgICAgICAgICAgPGZvbnQgY29sb3I9

2023-11-16 10:25:57	1	CLIENT -> SERVER: IiM3NzciIHN0eWxlPSJmb250LXNpemU6MThweCI+0KHQvtC+0LHRidC10L3QuNC1INGBINGE0L7R

2023-11-16 10:25:57	1	CLIENT -> SERVER: gNC80Ysg0L7QsdGA0LDRgtC90L7QuSDRgdCy0Y/Qt9C4PC9mb250PgogICAgICAgICAgICAgIDwv

2023-11-16 10:25:57	1	CLIENT -> SERVER: dGQ+CiAgICAgICAgICAgIDwvdHI+CiAgICAgICAgICAgIDx0cj4KICAgICAgICAgICAgICA8dGQg

2023-11-16 10:25:57	1	CLIENT -> SERVER: aGVpZ2h0PSIyNSI+PC90ZD4KICAgICAgICAgICAgPC90cj4KICAgICAgICAgICAgPHRyPgogICAg

2023-11-16 10:25:57	1	CLIENT -> SERVER: ICAgICAgICAgIDx0ZCBiZ2NvbG9yPSIjZmZmIiBzdHlsZT0icGFkZGluZzogMTVweDsiPgogICAg

2023-11-16 10:25:57	1	CLIENT -> SERVER: ICAgICAgICAgICAg0J/QvtC70YzQt9C+0LLQsNGC0LXQu9GMIDxiPk1heDwvYj4g0L7RgdGC0LDQ

2023-11-16 10:25:57	1	CLIENT -> SERVER: stC40Lsg0YHQu9C10LTRg9GO0YnQtdC1INGB0L7QvtCx0YnQtdC90LjQtToKICAgICAgICAgICAg

2023-11-16 10:25:57	1	CLIENT -> SERVER: ICAgIDxocj4KICAgICAgICAgICAgICAgIGZkZ2RkZmdkZmdkZmdhc2Rhc2Rhc2Rhc2QKICAgICAg

2023-11-16 10:25:57	1	CLIENT -> SERVER: ICAgICAgICAgIDxocj4KICAgICAgICAgICAgICAgIEVtYWlsINC/0L7Qu9GM0LfQvtCy0LDRgtC1

2023-11-16 10:25:57	1	CLIENT -> SERVER: 0LvRjzogPGI+emF2aWRpeTE5OThAbWFpbC5ydTwvYj4KICAgICAgICAgICAgICAgIDxicj4KICAg

2023-11-16 10:25:57	1	CLIENT -> SERVER: ICAgICAgICAgICAgINCU0LDRgtCwINC+0YLQv9GA0LDQstC60Lg6IDxiPjE2LjExLjIwMjMgMTM6

2023-11-16 10:25:57	1	CLIENT -> SERVER: MjU8L2I+CiAgICAgICAgICAgICAgICA8YnI+CiAgICAgICAgICAgICAgICAKICAgICAgICAgICAg

2023-11-16 10:25:57	1	CLIENT -> SERVER: ICA8L3RkPgogICAgICAgICAgICA8L3RyPgogICAgICAgICAgICA8dHI+CiAgICAgICAgICAgICAg

2023-11-16 10:25:57	1	CLIENT -> SERVER: PHRkIGhlaWdodD0iMjUiPjwvdGQ+CiAgICAgICAgICAgIDwvdHI+CiAgICAgICAgICAgIDx0cj4K

2023-11-16 10:25:57	1	CLIENT -> SERVER: ICAgICAgICAgICAgICA8dGQgYmdjb2xvcj0iI2ZmZiAiIHN0eWxlPSJwYWRkaW5nOiAyMHB4IDE1

2023-11-16 10:25:57	1	CLIENT -> SERVER: cHg7IGNvbG9yOiAjNzc3OyBmb250LXNpemU6IDE0cHg7Ij4KICAgICAgICAgICAgICAgIDxwPiZj

2023-11-16 10:25:57	1	CLIENT -> SERVER: b3B5OyAyMDIzIFdlYkRldiBNYXguPC9wPgogICAgICAgICAgICAgIDwvdGQ+CiAgICAgICAgICAg

2023-11-16 10:25:57	1	CLIENT -> SERVER: IDwvdHI+CiAgICAgICAgICA8L3Rib2R5PgogICAgICAgIDwvdGFibGU+CiAgICAgIDwvdGQ+CiAg

2023-11-16 10:25:57	1	CLIENT -> SERVER: ICA8L3RyPgogIDwvdGJvZHk+CjwvdGFibGU+Cg==

2023-11-16 10:25:57	1	CLIENT -> SERVER: 

2023-11-16 10:25:57	1	CLIENT -> SERVER: .

2023-11-16 10:25:57	2	SERVER -> CLIENT: 250 2.0.0 Ok: queued on mail-nwsmtp-smtp-production-main-73.iva.yp-c.yandex.net 1700130357-vPiAKk2OkGk0-fD1rHQO7

2023-11-16 10:25:57	1	CLIENT -> SERVER: QUIT

2023-11-16 10:25:57	2	SERVER -> CLIENT: 221 2.0.0 Closing connecton

2023-11-16 11:01:55	2	SERVER -> CLIENT: 220 mail-nwsmtp-smtp-production-main-81.myt.yp-c.yandex.net (Want to use Yandex.Mail for your domain? Visit http://pdd.yandex.ru) 1700132515-t1jMU73Of8c0

2023-11-16 11:01:55	1	CLIENT -> SERVER: EHLO webdevmax.ru

2023-11-16 11:01:55	2	SERVER -> CLIENT: 250-mail-nwsmtp-smtp-production-main-81.myt.yp-c.yandex.net
250-8BITMIME
250-PIPELINING
250-SIZE 53477376
250-STARTTLS
250-AUTH LOGIN PLAIN XOAUTH2
250-DSN
250 ENHANCEDSTATUSCODES

2023-11-16 11:01:55	1	CLIENT -> SERVER: AUTH LOGIN

2023-11-16 11:01:55	2	SERVER -> CLIENT: 334 VXNlcm5hbWU6

2023-11-16 11:01:55	1	CLIENT -> SERVER: [credentials hidden]
2023-11-16 11:01:55	2	SERVER -> CLIENT: 334 UGFzc3dvcmQ6

2023-11-16 11:01:55	1	CLIENT -> SERVER: [credentials hidden]
2023-11-16 11:01:55	2	SERVER -> CLIENT: 235 2.7.0 Authentication successful. 1700132515-t1jMU73Of8c0

2023-11-16 11:01:55	1	CLIENT -> SERVER: MAIL FROM:<maximzavidy@yandex.ru>

2023-11-16 11:01:55	2	SERVER -> CLIENT: 250 2.1.0 <maximzavidy@yandex.ru> ok 1700132515-t1jMU73Of8c0-TFKtJbZ5

2023-11-16 11:01:55	1	CLIENT -> SERVER: RCPT TO:<maximzavidy@yandex.ru>

2023-11-16 11:01:55	2	SERVER -> CLIENT: 250 2.1.5 <maximzavidy@yandex.ru> recipient ok 1700132515-t1jMU73Of8c0-TFKtJbZ5

2023-11-16 11:01:55	1	CLIENT -> SERVER: DATA

2023-11-16 11:01:55	2	SERVER -> CLIENT: 354 Start mail input, end with <CRLF>.<CRLF>

2023-11-16 11:01:55	1	CLIENT -> SERVER: Date: Thu, 16 Nov 2023 14:01:55 +0300

2023-11-16 11:01:55	1	CLIENT -> SERVER: To: maximzavidy@yandex.ru

2023-11-16 11:01:55	1	CLIENT -> SERVER: From: "webdevmax.ru" <maximzavidy@yandex.ru>

2023-11-16 11:01:55	1	CLIENT -> SERVER: Subject: =?UTF-8?B?0KHQvtC+0LHRidC10L3QuNC1INGBINGE0L7RgNC80Ysg0L7QsdGA0LDRgtC9?=

2023-11-16 11:01:55	1	CLIENT -> SERVER:  =?UTF-8?B?0L7QuSDRgdCy0Y/Qt9C4?=

2023-11-16 11:01:55	1	CLIENT -> SERVER: Message-ID: <zpSQzQOYU1yY2INU00sMwWylx9QzomCWsYpsyggqp8@webdevmax.ru>

2023-11-16 11:01:55	1	CLIENT -> SERVER: X-Mailer: PHPMailer 6.6.0 (https://github.com/PHPMailer/PHPMailer)

2023-11-16 11:01:55	1	CLIENT -> SERVER: MIME-Version: 1.0

2023-11-16 11:01:55	1	CLIENT -> SERVER: Content-Type: text/html; charset=UTF-8

2023-11-16 11:01:55	1	CLIENT -> SERVER: Content-Transfer-Encoding: base64

2023-11-16 11:01:55	1	CLIENT -> SERVER: 

2023-11-16 11:01:55	1	CLIENT -> SERVER: PHRhYmxlIHN0eWxlPSJiYWNrZ3JvdW5kLWNvbG9yOiNmMWYxZjE7IHdpZHRoOjEwMCU7IiBhbGln

2023-11-16 11:01:55	1	CLIENT -> SERVER: bj0iY2VudGVyIiB3aWR0aD0iMTAwJSIgYm9yZGVyPSIwIiBjZWxscGFkZGluZz0iMCIgY2VsbHNw

2023-11-16 11:01:55	1	CLIENT -> SERVER: YWNpbmc9IjAiPgogIDx0Ym9keT4KICAgIDx0cj4KICAgICAgPHRkIGFsaWduPSJjZW50ZXIiIHN0

2023-11-16 11:01:55	1	CLIENT -> SERVER: eWxlPSJ2ZXJ0aWNhbC1hbGlnbjp0b3A7IHBhZGRpbmc6MzBweCAwOyB0ZXh0LWFsaWduOmNlbnRl

2023-11-16 11:01:55	1	CLIENT -> SERVER: ciI+CiAgICAgICAgPHRhYmxlIHN0eWxlPSJ0ZXh0LWFsaWduOmxlZnQ7IHdpZHRoOjY4MHB4OyBt

2023-11-16 11:01:55	1	CLIENT -> SERVER: YXJnaW46MCBhdXRvOyBmb250LXNpemU6MTRweDsgYm9yZGVyLXNwYWNpbmc6MHB4Ij4KICAgICAg

2023-11-16 11:01:55	1	CLIENT -> SERVER: ICAgIDx0Ym9keT4KICAgICAgICAgICAgPHRyPgogICAgICAgICAgICAgIDx0ZCBiZ2NvbG9yPSIj

2023-11-16 11:01:55	1	CLIENT -> SERVER: ZmZmIiBzdHlsZT0icGFkZGluZzogMTVweDsiPgogICAgICAgICAgICAgICAgPGZvbnQgY29sb3I9

2023-11-16 11:01:55	1	CLIENT -> SERVER: IiM3NzciIHN0eWxlPSJmb250LXNpemU6MThweCI+0KHQvtC+0LHRidC10L3QuNC1INGBINGE0L7R

2023-11-16 11:01:55	1	CLIENT -> SERVER: gNC80Ysg0L7QsdGA0LDRgtC90L7QuSDRgdCy0Y/Qt9C4PC9mb250PgogICAgICAgICAgICAgIDwv

2023-11-16 11:01:55	1	CLIENT -> SERVER: dGQ+CiAgICAgICAgICAgIDwvdHI+CiAgICAgICAgICAgIDx0cj4KICAgICAgICAgICAgICA8dGQg

2023-11-16 11:01:55	1	CLIENT -> SERVER: aGVpZ2h0PSIyNSI+PC90ZD4KICAgICAgICAgICAgPC90cj4KICAgICAgICAgICAgPHRyPgogICAg

2023-11-16 11:01:55	1	CLIENT -> SERVER: ICAgICAgICAgIDx0ZCBiZ2NvbG9yPSIjZmZmIiBzdHlsZT0icGFkZGluZzogMTVweDsiPgogICAg

2023-11-16 11:01:55	1	CLIENT -> SERVER: ICAgICAgICAgICAg0J/QvtC70YzQt9C+0LLQsNGC0LXQu9GMIDxiPmZmZGRkZGZkZmZkZjwvYj4g

2023-11-16 11:01:55	1	CLIENT -> SERVER: 0L7RgdGC0LDQstC40Lsg0YHQu9C10LTRg9GO0YnQtdC1INGB0L7QvtCx0YnQtdC90LjQtToKICAg

2023-11-16 11:01:55	1	CLIENT -> SERVER: ICAgICAgICAgICAgIDxocj4KICAgICAgICAgICAgICAgIGRmc2RzZmRmc2Rmc2Rmc2Rmc2Rmc2Rm

2023-11-16 11:01:55	1	CLIENT -> SERVER: c2RmcwogICAgICAgICAgICAgICAgPGhyPgogICAgICAgICAgICAgICAgRW1haWwg0L/QvtC70YzQ

2023-11-16 11:01:55	1	CLIENT -> SERVER: t9C+0LLQsNGC0LXQu9GPOiA8Yj56YXZpZGl5MTk5OEBtYWlsLnJ1PC9iPgogICAgICAgICAgICAg

2023-11-16 11:01:55	1	CLIENT -> SERVER: ICAgPGJyPgogICAgICAgICAgICAgICAg0JTQsNGC0LAg0L7RgtC/0YDQsNCy0LrQuDogPGI+MTYu

2023-11-16 11:01:55	1	CLIENT -> SERVER: MTEuMjAyMyAxNDowMTwvYj4KICAgICAgICAgICAgICAgIDxicj4KICAgICAgICAgICAgICAgIAog

2023-11-16 11:01:55	1	CLIENT -> SERVER: ICAgICAgICAgICAgIDwvdGQ+CiAgICAgICAgICAgIDwvdHI+CiAgICAgICAgICAgIDx0cj4KICAg

2023-11-16 11:01:55	1	CLIENT -> SERVER: ICAgICAgICAgICA8dGQgaGVpZ2h0PSIyNSI+PC90ZD4KICAgICAgICAgICAgPC90cj4KICAgICAg

2023-11-16 11:01:55	1	CLIENT -> SERVER: ICAgICAgPHRyPgogICAgICAgICAgICAgIDx0ZCBiZ2NvbG9yPSIjZmZmICIgc3R5bGU9InBhZGRp

2023-11-16 11:01:55	1	CLIENT -> SERVER: bmc6IDIwcHggMTVweDsgY29sb3I6ICM3Nzc7IGZvbnQtc2l6ZTogMTRweDsiPgogICAgICAgICAg

2023-11-16 11:01:55	1	CLIENT -> SERVER: ICAgICAgPHA+JmNvcHk7IDIwMjMgV2ViRGV2IE1heC48L3A+CiAgICAgICAgICAgICAgPC90ZD4K

2023-11-16 11:01:55	1	CLIENT -> SERVER: ICAgICAgICAgICAgPC90cj4KICAgICAgICAgIDwvdGJvZHk+CiAgICAgICAgPC90YWJsZT4KICAg

2023-11-16 11:01:55	1	CLIENT -> SERVER: ICAgPC90ZD4KICAgIDwvdHI+CiAgPC90Ym9keT4KPC90YWJsZT4K

2023-11-16 11:01:55	1	CLIENT -> SERVER: 

2023-11-16 11:01:55	1	CLIENT -> SERVER: .

2023-11-16 11:01:56	2	SERVER -> CLIENT: 250 2.0.0 Ok: queued on mail-nwsmtp-smtp-production-main-81.myt.yp-c.yandex.net 1700132516-t1jMU73Of8c0-TFKtJbZ5

2023-11-16 11:01:56	1	CLIENT -> SERVER: QUIT

2023-11-16 11:01:56	2	SERVER -> CLIENT: 221 2.0.0 Closing connecton

2023-11-16 11:17:00	2	SERVER -> CLIENT: 220 mail-nwsmtp-smtp-production-main-46.sas.yp-c.yandex.net (Want to use Yandex.Mail for your domain? Visit http://pdd.yandex.ru) 1700133420-0Hj9PL1Oqa60

2023-11-16 11:17:00	1	CLIENT -> SERVER: EHLO webdevmax.ru

2023-11-16 11:17:00	2	SERVER -> CLIENT: 250-mail-nwsmtp-smtp-production-main-46.sas.yp-c.yandex.net
250-8BITMIME
250-PIPELINING
250-SIZE 53477376
250-STARTTLS
250-AUTH LOGIN PLAIN XOAUTH2
250-DSN
250 ENHANCEDSTATUSCODES

2023-11-16 11:17:00	1	CLIENT -> SERVER: AUTH LOGIN

2023-11-16 11:17:00	2	SERVER -> CLIENT: 334 VXNlcm5hbWU6

2023-11-16 11:17:00	1	CLIENT -> SERVER: [credentials hidden]
2023-11-16 11:17:00	2	SERVER -> CLIENT: 334 UGFzc3dvcmQ6

2023-11-16 11:17:00	1	CLIENT -> SERVER: [credentials hidden]
2023-11-16 11:17:00	2	SERVER -> CLIENT: 235 2.7.0 Authentication successful. 1700133420-0Hj9PL1Oqa60

2023-11-16 11:17:00	1	CLIENT -> SERVER: MAIL FROM:<maximzavidy@yandex.ru>

2023-11-16 11:17:00	2	SERVER -> CLIENT: 250 2.1.0 <maximzavidy@yandex.ru> ok 1700133420-0Hj9PL1Oqa60-5lxduK9A

2023-11-16 11:17:00	1	CLIENT -> SERVER: RCPT TO:<maximzavidy@yandex.ru>

2023-11-16 11:17:00	2	SERVER -> CLIENT: 250 2.1.5 <maximzavidy@yandex.ru> recipient ok 1700133420-0Hj9PL1Oqa60-5lxduK9A

2023-11-16 11:17:00	1	CLIENT -> SERVER: DATA

2023-11-16 11:17:00	2	SERVER -> CLIENT: 354 Start mail input, end with <CRLF>.<CRLF>

2023-11-16 11:17:00	1	CLIENT -> SERVER: Date: Thu, 16 Nov 2023 14:17:00 +0300

2023-11-16 11:17:00	1	CLIENT -> SERVER: To: maximzavidy@yandex.ru

2023-11-16 11:17:00	1	CLIENT -> SERVER: From: "webdevmax.ru" <maximzavidy@yandex.ru>

2023-11-16 11:17:00	1	CLIENT -> SERVER: Subject: =?UTF-8?B?0KHQvtC+0LHRidC10L3QuNC1INGBINGE0L7RgNC80Ysg0L7QsdGA0LDRgtC9?=

2023-11-16 11:17:00	1	CLIENT -> SERVER:  =?UTF-8?B?0L7QuSDRgdCy0Y/Qt9C4?=

2023-11-16 11:17:00	1	CLIENT -> SERVER: Message-ID: <K2XJaYFccGytDmN42TU5CghWPnsFnZAfonKersY0vg@webdevmax.ru>

2023-11-16 11:17:00	1	CLIENT -> SERVER: X-Mailer: PHPMailer 6.6.0 (https://github.com/PHPMailer/PHPMailer)

2023-11-16 11:17:00	1	CLIENT -> SERVER: MIME-Version: 1.0

2023-11-16 11:17:00	1	CLIENT -> SERVER: Content-Type: text/html; charset=UTF-8

2023-11-16 11:17:00	1	CLIENT -> SERVER: Content-Transfer-Encoding: base64

2023-11-16 11:17:00	1	CLIENT -> SERVER: 

2023-11-16 11:17:00	1	CLIENT -> SERVER: PHRhYmxlIHN0eWxlPSJiYWNrZ3JvdW5kLWNvbG9yOiNmMWYxZjE7IHdpZHRoOjEwMCU7IiBhbGln

2023-11-16 11:17:00	1	CLIENT -> SERVER: bj0iY2VudGVyIiB3aWR0aD0iMTAwJSIgYm9yZGVyPSIwIiBjZWxscGFkZGluZz0iMCIgY2VsbHNw

2023-11-16 11:17:00	1	CLIENT -> SERVER: YWNpbmc9IjAiPgogIDx0Ym9keT4KICAgIDx0cj4KICAgICAgPHRkIGFsaWduPSJjZW50ZXIiIHN0

2023-11-16 11:17:00	1	CLIENT -> SERVER: eWxlPSJ2ZXJ0aWNhbC1hbGlnbjp0b3A7IHBhZGRpbmc6MzBweCAwOyB0ZXh0LWFsaWduOmNlbnRl

2023-11-16 11:17:00	1	CLIENT -> SERVER: ciI+CiAgICAgICAgPHRhYmxlIHN0eWxlPSJ0ZXh0LWFsaWduOmxlZnQ7IHdpZHRoOjY4MHB4OyBt

2023-11-16 11:17:00	1	CLIENT -> SERVER: YXJnaW46MCBhdXRvOyBmb250LXNpemU6MTRweDsgYm9yZGVyLXNwYWNpbmc6MHB4Ij4KICAgICAg

2023-11-16 11:17:00	1	CLIENT -> SERVER: ICAgIDx0Ym9keT4KICAgICAgICAgICAgPHRyPgogICAgICAgICAgICAgIDx0ZCBiZ2NvbG9yPSIj

2023-11-16 11:17:00	1	CLIENT -> SERVER: ZmZmIiBzdHlsZT0icGFkZGluZzogMTVweDsiPgogICAgICAgICAgICAgICAgPGZvbnQgY29sb3I9

2023-11-16 11:17:00	1	CLIENT -> SERVER: IiM3NzciIHN0eWxlPSJmb250LXNpemU6MThweCI+0KHQvtC+0LHRidC10L3QuNC1INGBINGE0L7R

2023-11-16 11:17:00	1	CLIENT -> SERVER: gNC80Ysg0L7QsdGA0LDRgtC90L7QuSDRgdCy0Y/Qt9C4PC9mb250PgogICAgICAgICAgICAgIDwv

2023-11-16 11:17:00	1	CLIENT -> SERVER: dGQ+CiAgICAgICAgICAgIDwvdHI+CiAgICAgICAgICAgIDx0cj4KICAgICAgICAgICAgICA8dGQg

2023-11-16 11:17:00	1	CLIENT -> SERVER: aGVpZ2h0PSIyNSI+PC90ZD4KICAgICAgICAgICAgPC90cj4KICAgICAgICAgICAgPHRyPgogICAg

2023-11-16 11:17:00	1	CLIENT -> SERVER: ICAgICAgICAgIDx0ZCBiZ2NvbG9yPSIjZmZmIiBzdHlsZT0icGFkZGluZzogMTVweDsiPgogICAg

2023-11-16 11:17:00	1	CLIENT -> SERVER: ICAgICAgICAgICAg0J/QvtC70YzQt9C+0LLQsNGC0LXQu9GMIDxiPmdmZGdkZmc8L2I+INC+0YHR

2023-11-16 11:17:00	1	CLIENT -> SERVER: gtCw0LLQuNC7INGB0LvQtdC00YPRjtGJ0LXQtSDRgdC+0L7QsdGJ0LXQvdC40LU6CiAgICAgICAg

2023-11-16 11:17:00	1	CLIENT -> SERVER: ICAgICAgICA8aHI+CiAgICAgICAgICAgICAgICBkZmdkZGZnZGZnZGZnZGZnZGZnZGZnZGYKICAg

2023-11-16 11:17:00	1	CLIENT -> SERVER: ICAgICAgICAgICAgIDxocj4KICAgICAgICAgICAgICAgIEVtYWlsINC/0L7Qu9GM0LfQvtCy0LDR

2023-11-16 11:17:00	1	CLIENT -> SERVER: gtC10LvRjzogPGI+emF2aWRpeTE5OThAbWFpbC5ydTwvYj4KICAgICAgICAgICAgICAgIDxicj4K

2023-11-16 11:17:00	1	CLIENT -> SERVER: ICAgICAgICAgICAgICAgINCU0LDRgtCwINC+0YLQv9GA0LDQstC60Lg6IDxiPjE2LjExLjIwMjMg

2023-11-16 11:17:00	1	CLIENT -> SERVER: MTQ6MTc8L2I+CiAgICAgICAgICAgICAgICA8YnI+CiAgICAgICAgICAgICAgICAKICAgICAgICAg

2023-11-16 11:17:00	1	CLIENT -> SERVER: ICAgICA8L3RkPgogICAgICAgICAgICA8L3RyPgogICAgICAgICAgICA8dHI+CiAgICAgICAgICAg

2023-11-16 11:17:00	1	CLIENT -> SERVER: ICAgPHRkIGhlaWdodD0iMjUiPjwvdGQ+CiAgICAgICAgICAgIDwvdHI+CiAgICAgICAgICAgIDx0

2023-11-16 11:17:00	1	CLIENT -> SERVER: cj4KICAgICAgICAgICAgICA8dGQgYmdjb2xvcj0iI2ZmZiAiIHN0eWxlPSJwYWRkaW5nOiAyMHB4

2023-11-16 11:17:00	1	CLIENT -> SERVER: IDE1cHg7IGNvbG9yOiAjNzc3OyBmb250LXNpemU6IDE0cHg7Ij4KICAgICAgICAgICAgICAgIDxw

2023-11-16 11:17:00	1	CLIENT -> SERVER: PiZjb3B5OyAyMDIzIFdlYkRldiBNYXguPC9wPgogICAgICAgICAgICAgIDwvdGQ+CiAgICAgICAg

2023-11-16 11:17:00	1	CLIENT -> SERVER: ICAgIDwvdHI+CiAgICAgICAgICA8L3Rib2R5PgogICAgICAgIDwvdGFibGU+CiAgICAgIDwvdGQ+

2023-11-16 11:17:00	1	CLIENT -> SERVER: CiAgICA8L3RyPgogIDwvdGJvZHk+CjwvdGFibGU+Cg==

2023-11-16 11:17:00	1	CLIENT -> SERVER: 

2023-11-16 11:17:00	1	CLIENT -> SERVER: .

2023-11-16 11:17:00	2	SERVER -> CLIENT: 250 2.0.0 Ok: queued on mail-nwsmtp-smtp-production-main-46.sas.yp-c.yandex.net 1700133420-0Hj9PL1Oqa60-5lxduK9A

2023-11-16 11:17:00	1	CLIENT -> SERVER: QUIT

2023-11-16 11:17:00	2	SERVER -> CLIENT: 221 2.0.0 Closing connecton

2023-11-16 11:17:49	2	SERVER -> CLIENT: 220 mail-nwsmtp-smtp-production-main-24.iva.yp-c.yandex.net (Want to use Yandex.Mail for your domain? Visit http://pdd.yandex.ru) 1700133469-nHjlvS3Ona60

2023-11-16 11:17:49	1	CLIENT -> SERVER: EHLO webdevmax.ru

2023-11-16 11:17:49	2	SERVER -> CLIENT: 250-mail-nwsmtp-smtp-production-main-24.iva.yp-c.yandex.net
250-8BITMIME
250-PIPELINING
250-SIZE 53477376
250-STARTTLS
250-AUTH LOGIN PLAIN XOAUTH2
250-DSN
250 ENHANCEDSTATUSCODES

2023-11-16 11:17:49	1	CLIENT -> SERVER: AUTH LOGIN

2023-11-16 11:17:49	2	SERVER -> CLIENT: 334 VXNlcm5hbWU6

2023-11-16 11:17:49	1	CLIENT -> SERVER: [credentials hidden]
2023-11-16 11:17:49	2	SERVER -> CLIENT: 334 UGFzc3dvcmQ6

2023-11-16 11:17:49	1	CLIENT -> SERVER: [credentials hidden]
2023-11-16 11:17:49	2	SERVER -> CLIENT: 235 2.7.0 Authentication successful. 1700133469-nHjlvS3Ona60

2023-11-16 11:17:49	1	CLIENT -> SERVER: MAIL FROM:<maximzavidy@yandex.ru>

2023-11-16 11:17:49	2	SERVER -> CLIENT: 250 2.1.0 <maximzavidy@yandex.ru> ok 1700133469-nHjlvS3Ona60-g1jVOhm8

2023-11-16 11:17:49	1	CLIENT -> SERVER: RCPT TO:<maximzavidy@yandex.ru>

2023-11-16 11:17:49	2	SERVER -> CLIENT: 250 2.1.5 <maximzavidy@yandex.ru> recipient ok 1700133469-nHjlvS3Ona60-g1jVOhm8

2023-11-16 11:17:49	1	CLIENT -> SERVER: DATA

2023-11-16 11:17:49	2	SERVER -> CLIENT: 354 Start mail input, end with <CRLF>.<CRLF>

2023-11-16 11:17:49	1	CLIENT -> SERVER: Date: Thu, 16 Nov 2023 14:17:49 +0300

2023-11-16 11:17:49	1	CLIENT -> SERVER: To: maximzavidy@yandex.ru

2023-11-16 11:17:49	1	CLIENT -> SERVER: From: "webdevmax.ru" <maximzavidy@yandex.ru>

2023-11-16 11:17:49	1	CLIENT -> SERVER: Subject: =?UTF-8?B?0KHQvtC+0LHRidC10L3QuNC1INGBINGE0L7RgNC80Ysg0L7QsdGA0LDRgtC9?=

2023-11-16 11:17:49	1	CLIENT -> SERVER:  =?UTF-8?B?0L7QuSDRgdCy0Y/Qt9C4?=

2023-11-16 11:17:49	1	CLIENT -> SERVER: Message-ID: <WwsG1nwqcWxIEL2bkMGRJtsp7AXofgxuCkFixXwF9p8@webdevmax.ru>

2023-11-16 11:17:49	1	CLIENT -> SERVER: X-Mailer: PHPMailer 6.6.0 (https://github.com/PHPMailer/PHPMailer)

2023-11-16 11:17:49	1	CLIENT -> SERVER: MIME-Version: 1.0

2023-11-16 11:17:49	1	CLIENT -> SERVER: Content-Type: text/html; charset=UTF-8

2023-11-16 11:17:49	1	CLIENT -> SERVER: Content-Transfer-Encoding: base64

2023-11-16 11:17:49	1	CLIENT -> SERVER: 

2023-11-16 11:17:49	1	CLIENT -> SERVER: PHRhYmxlIHN0eWxlPSJiYWNrZ3JvdW5kLWNvbG9yOiNmMWYxZjE7IHdpZHRoOjEwMCU7IiBhbGln

2023-11-16 11:17:49	1	CLIENT -> SERVER: bj0iY2VudGVyIiB3aWR0aD0iMTAwJSIgYm9yZGVyPSIwIiBjZWxscGFkZGluZz0iMCIgY2VsbHNw

2023-11-16 11:17:49	1	CLIENT -> SERVER: YWNpbmc9IjAiPgogIDx0Ym9keT4KICAgIDx0cj4KICAgICAgPHRkIGFsaWduPSJjZW50ZXIiIHN0

2023-11-16 11:17:49	1	CLIENT -> SERVER: eWxlPSJ2ZXJ0aWNhbC1hbGlnbjp0b3A7IHBhZGRpbmc6MzBweCAwOyB0ZXh0LWFsaWduOmNlbnRl

2023-11-16 11:17:49	1	CLIENT -> SERVER: ciI+CiAgICAgICAgPHRhYmxlIHN0eWxlPSJ0ZXh0LWFsaWduOmxlZnQ7IHdpZHRoOjY4MHB4OyBt

2023-11-16 11:17:49	1	CLIENT -> SERVER: YXJnaW46MCBhdXRvOyBmb250LXNpemU6MTRweDsgYm9yZGVyLXNwYWNpbmc6MHB4Ij4KICAgICAg

2023-11-16 11:17:49	1	CLIENT -> SERVER: ICAgIDx0Ym9keT4KICAgICAgICAgICAgPHRyPgogICAgICAgICAgICAgIDx0ZCBiZ2NvbG9yPSIj

2023-11-16 11:17:49	1	CLIENT -> SERVER: ZmZmIiBzdHlsZT0icGFkZGluZzogMTVweDsiPgogICAgICAgICAgICAgICAgPGZvbnQgY29sb3I9

2023-11-16 11:17:49	1	CLIENT -> SERVER: IiM3NzciIHN0eWxlPSJmb250LXNpemU6MThweCI+0KHQvtC+0LHRidC10L3QuNC1INGBINGE0L7R

2023-11-16 11:17:49	1	CLIENT -> SERVER: gNC80Ysg0L7QsdGA0LDRgtC90L7QuSDRgdCy0Y/Qt9C4PC9mb250PgogICAgICAgICAgICAgIDwv

2023-11-16 11:17:49	1	CLIENT -> SERVER: dGQ+CiAgICAgICAgICAgIDwvdHI+CiAgICAgICAgICAgIDx0cj4KICAgICAgICAgICAgICA8dGQg

2023-11-16 11:17:49	1	CLIENT -> SERVER: aGVpZ2h0PSIyNSI+PC90ZD4KICAgICAgICAgICAgPC90cj4KICAgICAgICAgICAgPHRyPgogICAg

2023-11-16 11:17:49	1	CLIENT -> SERVER: ICAgICAgICAgIDx0ZCBiZ2NvbG9yPSIjZmZmIiBzdHlsZT0icGFkZGluZzogMTVweDsiPgogICAg

2023-11-16 11:17:49	1	CLIENT -> SERVER: ICAgICAgICAgICAg0J/QvtC70YzQt9C+0LLQsNGC0LXQu9GMIDxiPnNhZGFzPC9iPiDQvtGB0YLQ

2023-11-16 11:17:49	1	CLIENT -> SERVER: sNCy0LjQuyDRgdC70LXQtNGD0Y7RidC10LUg0YHQvtC+0LHRidC10L3QuNC1OgogICAgICAgICAg

2023-11-16 11:17:49	1	CLIENT -> SERVER: ICAgICAgPGhyPgogICAgICAgICAgICAgICAgZmZmZmZmZmZmZmFzZGFzZCAgIGRzYWFzZAogICAg

2023-11-16 11:17:49	1	CLIENT -> SERVER: ICAgICAgICAgICAgPGhyPgogICAgICAgICAgICAgICAgRW1haWwg0L/QvtC70YzQt9C+0LLQsNGC

2023-11-16 11:17:49	1	CLIENT -> SERVER: 0LXQu9GPOiA8Yj56YXZpZGl5MTk5OEBtYWlsLnJ1PC9iPgogICAgICAgICAgICAgICAgPGJyPgog

2023-11-16 11:17:49	1	CLIENT -> SERVER: ICAgICAgICAgICAgICAg0JTQsNGC0LAg0L7RgtC/0YDQsNCy0LrQuDogPGI+MTYuMTEuMjAyMyAx

2023-11-16 11:17:49	1	CLIENT -> SERVER: NDoxNzwvYj4KICAgICAgICAgICAgICAgIDxicj4KICAgICAgICAgICAgICAgIAogICAgICAgICAg

2023-11-16 11:17:49	1	CLIENT -> SERVER: ICAgIDwvdGQ+CiAgICAgICAgICAgIDwvdHI+CiAgICAgICAgICAgIDx0cj4KICAgICAgICAgICAg

2023-11-16 11:17:49	1	CLIENT -> SERVER: ICA8dGQgaGVpZ2h0PSIyNSI+PC90ZD4KICAgICAgICAgICAgPC90cj4KICAgICAgICAgICAgPHRy

2023-11-16 11:17:49	1	CLIENT -> SERVER: PgogICAgICAgICAgICAgIDx0ZCBiZ2NvbG9yPSIjZmZmICIgc3R5bGU9InBhZGRpbmc6IDIwcHgg

2023-11-16 11:17:49	1	CLIENT -> SERVER: MTVweDsgY29sb3I6ICM3Nzc7IGZvbnQtc2l6ZTogMTRweDsiPgogICAgICAgICAgICAgICAgPHA+

2023-11-16 11:17:49	1	CLIENT -> SERVER: JmNvcHk7IDIwMjMgV2ViRGV2IE1heC48L3A+CiAgICAgICAgICAgICAgPC90ZD4KICAgICAgICAg

2023-11-16 11:17:49	1	CLIENT -> SERVER: ICAgPC90cj4KICAgICAgICAgIDwvdGJvZHk+CiAgICAgICAgPC90YWJsZT4KICAgICAgPC90ZD4K

2023-11-16 11:17:49	1	CLIENT -> SERVER: ICAgIDwvdHI+CiAgPC90Ym9keT4KPC90YWJsZT4K

2023-11-16 11:17:49	1	CLIENT -> SERVER: 

2023-11-16 11:17:49	1	CLIENT -> SERVER: .

2023-11-16 11:17:49	2	SERVER -> CLIENT: 250 2.0.0 Ok: queued on mail-nwsmtp-smtp-production-main-24.iva.yp-c.yandex.net 1700133469-nHjlvS3Ona60-g1jVOhm8

2023-11-16 11:17:49	1	CLIENT -> SERVER: QUIT

2023-11-16 11:17:49	2	SERVER -> CLIENT: 221 2.0.0 Closing connecton

2023-11-16 11:20:26	2	SERVER -> CLIENT: 220 mail-nwsmtp-smtp-production-main-39.myt.yp-c.yandex.net (Want to use Yandex.Mail for your domain? Visit http://pdd.yandex.ru) 1700133626-QKjxiP3Ok0U0

2023-11-16 11:20:26	1	CLIENT -> SERVER: EHLO webdevmax.ru

2023-11-16 11:20:26	2	SERVER -> CLIENT: 250-mail-nwsmtp-smtp-production-main-39.myt.yp-c.yandex.net
250-8BITMIME
250-PIPELINING
250-SIZE 53477376
250-STARTTLS
250-AUTH LOGIN PLAIN XOAUTH2
250-DSN
250 ENHANCEDSTATUSCODES

2023-11-16 11:20:26	1	CLIENT -> SERVER: AUTH LOGIN

2023-11-16 11:20:26	2	SERVER -> CLIENT: 334 VXNlcm5hbWU6

2023-11-16 11:20:26	1	CLIENT -> SERVER: [credentials hidden]
2023-11-16 11:20:26	2	SERVER -> CLIENT: 334 UGFzc3dvcmQ6

2023-11-16 11:20:26	1	CLIENT -> SERVER: [credentials hidden]
2023-11-16 11:20:26	2	SERVER -> CLIENT: 235 2.7.0 Authentication successful. 1700133626-QKjxiP3Ok0U0

2023-11-16 11:20:26	1	CLIENT -> SERVER: MAIL FROM:<maximzavidy@yandex.ru>

2023-11-16 11:20:26	2	SERVER -> CLIENT: 250 2.1.0 <maximzavidy@yandex.ru> ok 1700133626-QKjxiP3Ok0U0-Kc8FfOvn

2023-11-16 11:20:26	1	CLIENT -> SERVER: RCPT TO:<maximzavidy@yandex.ru>

2023-11-16 11:20:26	2	SERVER -> CLIENT: 250 2.1.5 <maximzavidy@yandex.ru> recipient ok 1700133626-QKjxiP3Ok0U0-Kc8FfOvn

2023-11-16 11:20:26	1	CLIENT -> SERVER: DATA

2023-11-16 11:20:26	2	SERVER -> CLIENT: 354 Start mail input, end with <CRLF>.<CRLF>

2023-11-16 11:20:26	1	CLIENT -> SERVER: Date: Thu, 16 Nov 2023 14:20:26 +0300

2023-11-16 11:20:26	1	CLIENT -> SERVER: To: maximzavidy@yandex.ru

2023-11-16 11:20:26	1	CLIENT -> SERVER: From: "webdevmax.ru" <maximzavidy@yandex.ru>

2023-11-16 11:20:26	1	CLIENT -> SERVER: Subject: =?UTF-8?B?0KHQvtC+0LHRidC10L3QuNC1INGBINGE0L7RgNC80Ysg0L7QsdGA0LDRgtC9?=

2023-11-16 11:20:26	1	CLIENT -> SERVER:  =?UTF-8?B?0L7QuSDRgdCy0Y/Qt9C4?=

2023-11-16 11:20:26	1	CLIENT -> SERVER: Message-ID: <JcZDAZ0kvp5qrO1dFPniDlVEfuP22zyRDyVqV5Yl2w@webdevmax.ru>

2023-11-16 11:20:26	1	CLIENT -> SERVER: X-Mailer: PHPMailer 6.6.0 (https://github.com/PHPMailer/PHPMailer)

2023-11-16 11:20:26	1	CLIENT -> SERVER: MIME-Version: 1.0

2023-11-16 11:20:26	1	CLIENT -> SERVER: Content-Type: text/html; charset=UTF-8

2023-11-16 11:20:26	1	CLIENT -> SERVER: Content-Transfer-Encoding: base64

2023-11-16 11:20:26	1	CLIENT -> SERVER: 

2023-11-16 11:20:26	1	CLIENT -> SERVER: PHRhYmxlIHN0eWxlPSJiYWNrZ3JvdW5kLWNvbG9yOiNmMWYxZjE7IHdpZHRoOjEwMCU7IiBhbGln

2023-11-16 11:20:26	1	CLIENT -> SERVER: bj0iY2VudGVyIiB3aWR0aD0iMTAwJSIgYm9yZGVyPSIwIiBjZWxscGFkZGluZz0iMCIgY2VsbHNw

2023-11-16 11:20:26	1	CLIENT -> SERVER: YWNpbmc9IjAiPgogIDx0Ym9keT4KICAgIDx0cj4KICAgICAgPHRkIGFsaWduPSJjZW50ZXIiIHN0

2023-11-16 11:20:26	1	CLIENT -> SERVER: eWxlPSJ2ZXJ0aWNhbC1hbGlnbjp0b3A7IHBhZGRpbmc6MzBweCAwOyB0ZXh0LWFsaWduOmNlbnRl

2023-11-16 11:20:26	1	CLIENT -> SERVER: ciI+CiAgICAgICAgPHRhYmxlIHN0eWxlPSJ0ZXh0LWFsaWduOmxlZnQ7IHdpZHRoOjY4MHB4OyBt

2023-11-16 11:20:26	1	CLIENT -> SERVER: YXJnaW46MCBhdXRvOyBmb250LXNpemU6MTRweDsgYm9yZGVyLXNwYWNpbmc6MHB4Ij4KICAgICAg

2023-11-16 11:20:26	1	CLIENT -> SERVER: ICAgIDx0Ym9keT4KICAgICAgICAgICAgPHRyPgogICAgICAgICAgICAgIDx0ZCBiZ2NvbG9yPSIj

2023-11-16 11:20:26	1	CLIENT -> SERVER: ZmZmIiBzdHlsZT0icGFkZGluZzogMTVweDsiPgogICAgICAgICAgICAgICAgPGZvbnQgY29sb3I9

2023-11-16 11:20:26	1	CLIENT -> SERVER: IiM3NzciIHN0eWxlPSJmb250LXNpemU6MThweCI+0KHQvtC+0LHRidC10L3QuNC1INGBINGE0L7R

2023-11-16 11:20:26	1	CLIENT -> SERVER: gNC80Ysg0L7QsdGA0LDRgtC90L7QuSDRgdCy0Y/Qt9C4PC9mb250PgogICAgICAgICAgICAgIDwv

2023-11-16 11:20:26	1	CLIENT -> SERVER: dGQ+CiAgICAgICAgICAgIDwvdHI+CiAgICAgICAgICAgIDx0cj4KICAgICAgICAgICAgICA8dGQg

2023-11-16 11:20:26	1	CLIENT -> SERVER: aGVpZ2h0PSIyNSI+PC90ZD4KICAgICAgICAgICAgPC90cj4KICAgICAgICAgICAgPHRyPgogICAg

2023-11-16 11:20:26	1	CLIENT -> SERVER: ICAgICAgICAgIDx0ZCBiZ2NvbG9yPSIjZmZmIiBzdHlsZT0icGFkZGluZzogMTVweDsiPgogICAg

2023-11-16 11:20:26	1	CLIENT -> SERVER: ICAgICAgICAgICAg0J/QvtC70YzQt9C+0LLQsNGC0LXQu9GMIDxiPtCc0LDQutGB0LjQvDwvYj4g

2023-11-16 11:20:26	1	CLIENT -> SERVER: 0L7RgdGC0LDQstC40Lsg0YHQu9C10LTRg9GO0YnQtdC1INGB0L7QvtCx0YnQtdC90LjQtToKICAg

2023-11-16 11:20:26	1	CLIENT -> SERVER: ICAgICAgICAgICAgIDxocj4KICAgICAgICAgICAgICAgINCX0LTRgNCw0LLRgdGC0LLRg9C50YLQ

2023-11-16 11:20:26	1	CLIENT -> SERVER: tSwg0LjQvdGC0LXRgNC10YHRg9C10YIg0YHQvtC30LTQsNC90LjQtSDRgdCw0LnRgtCwCiAgICAg

2023-11-16 11:20:26	1	CLIENT -> SERVER: ICAgICAgICAgICA8aHI+CiAgICAgICAgICAgICAgICBFbWFpbCDQv9C+0LvRjNC30L7QstCw0YLQ

2023-11-16 11:20:26	1	CLIENT -> SERVER: tdC70Y86IDxiPmtpYmlyZXZhLmxlcmFAbWFpbC5ydTwvYj4KICAgICAgICAgICAgICAgIDxicj4K

2023-11-16 11:20:26	1	CLIENT -> SERVER: ICAgICAgICAgICAgICAgINCU0LDRgtCwINC+0YLQv9GA0LDQstC60Lg6IDxiPjE2LjExLjIwMjMg

2023-11-16 11:20:26	1	CLIENT -> SERVER: MTQ6MjA8L2I+CiAgICAgICAgICAgICAgICA8YnI+CiAgICAgICAgICAgICAgICAKICAgICAgICAg

2023-11-16 11:20:26	1	CLIENT -> SERVER: ICAgICA8L3RkPgogICAgICAgICAgICA8L3RyPgogICAgICAgICAgICA8dHI+CiAgICAgICAgICAg

2023-11-16 11:20:26	1	CLIENT -> SERVER: ICAgPHRkIGhlaWdodD0iMjUiPjwvdGQ+CiAgICAgICAgICAgIDwvdHI+CiAgICAgICAgICAgIDx0

2023-11-16 11:20:26	1	CLIENT -> SERVER: cj4KICAgICAgICAgICAgICA8dGQgYmdjb2xvcj0iI2ZmZiAiIHN0eWxlPSJwYWRkaW5nOiAyMHB4

2023-11-16 11:20:26	1	CLIENT -> SERVER: IDE1cHg7IGNvbG9yOiAjNzc3OyBmb250LXNpemU6IDE0cHg7Ij4KICAgICAgICAgICAgICAgIDxw

2023-11-16 11:20:26	1	CLIENT -> SERVER: PiZjb3B5OyAyMDIzIFdlYkRldiBNYXguPC9wPgogICAgICAgICAgICAgIDwvdGQ+CiAgICAgICAg

2023-11-16 11:20:26	1	CLIENT -> SERVER: ICAgIDwvdHI+CiAgICAgICAgICA8L3Rib2R5PgogICAgICAgIDwvdGFibGU+CiAgICAgIDwvdGQ+

2023-11-16 11:20:26	1	CLIENT -> SERVER: CiAgICA8L3RyPgogIDwvdGJvZHk+CjwvdGFibGU+Cg==

2023-11-16 11:20:26	1	CLIENT -> SERVER: 

2023-11-16 11:20:26	1	CLIENT -> SERVER: .

2023-11-16 11:20:27	2	SERVER -> CLIENT: 250 2.0.0 Ok: queued on mail-nwsmtp-smtp-production-main-39.myt.yp-c.yandex.net 1700133627-QKjxiP3Ok0U0-Kc8FfOvn

2023-11-16 11:20:27	1	CLIENT -> SERVER: QUIT

2023-11-16 11:20:27	2	SERVER -> CLIENT: 221 2.0.0 Closing connecton

2023-11-16 11:21:46	2	SERVER -> CLIENT: 220 mail-nwsmtp-smtp-production-main-46.myt.yp-c.yandex.net (Want to use Yandex.Mail for your domain? Visit http://pdd.yandex.ru) 1700133706-kLjL2O3OfiE0

2023-11-16 11:21:46	1	CLIENT -> SERVER: EHLO webdevmax.ru

2023-11-16 11:21:46	2	SERVER -> CLIENT: 250-mail-nwsmtp-smtp-production-main-46.myt.yp-c.yandex.net
250-8BITMIME
250-PIPELINING
250-SIZE 53477376
250-STARTTLS
250-AUTH LOGIN PLAIN XOAUTH2
250-DSN
250 ENHANCEDSTATUSCODES

2023-11-16 11:21:46	1	CLIENT -> SERVER: AUTH LOGIN

2023-11-16 11:21:46	2	SERVER -> CLIENT: 334 VXNlcm5hbWU6

2023-11-16 11:21:46	1	CLIENT -> SERVER: [credentials hidden]
2023-11-16 11:21:46	2	SERVER -> CLIENT: 334 UGFzc3dvcmQ6

2023-11-16 11:21:46	1	CLIENT -> SERVER: [credentials hidden]
2023-11-16 11:21:46	2	SERVER -> CLIENT: 235 2.7.0 Authentication successful. 1700133706-kLjL2O3OfiE0

2023-11-16 11:21:46	1	CLIENT -> SERVER: MAIL FROM:<maximzavidy@yandex.ru>

2023-11-16 11:21:46	2	SERVER -> CLIENT: 250 2.1.0 <maximzavidy@yandex.ru> ok 1700133706-kLjL2O3OfiE0-ll4RzDDv

2023-11-16 11:21:46	1	CLIENT -> SERVER: RCPT TO:<maximzavidy@yandex.ru>

2023-11-16 11:21:46	2	SERVER -> CLIENT: 250 2.1.5 <maximzavidy@yandex.ru> recipient ok 1700133706-kLjL2O3OfiE0-ll4RzDDv

2023-11-16 11:21:46	1	CLIENT -> SERVER: DATA

2023-11-16 11:21:46	2	SERVER -> CLIENT: 354 Start mail input, end with <CRLF>.<CRLF>

2023-11-16 11:21:46	1	CLIENT -> SERVER: Date: Thu, 16 Nov 2023 14:21:46 +0300

2023-11-16 11:21:46	1	CLIENT -> SERVER: To: maximzavidy@yandex.ru

2023-11-16 11:21:46	1	CLIENT -> SERVER: From: "webdevmax.ru" <maximzavidy@yandex.ru>

2023-11-16 11:21:46	1	CLIENT -> SERVER: Subject: =?UTF-8?B?0KHQvtC+0LHRidC10L3QuNC1INGBINGE0L7RgNC80Ysg0L7QsdGA0LDRgtC9?=

2023-11-16 11:21:46	1	CLIENT -> SERVER:  =?UTF-8?B?0L7QuSDRgdCy0Y/Qt9C4?=

2023-11-16 11:21:46	1	CLIENT -> SERVER: Message-ID: <ucqRbNLKdLDh6oyBrEubbEOOLD0cg4VDNda85uC0Ek@webdevmax.ru>

2023-11-16 11:21:46	1	CLIENT -> SERVER: X-Mailer: PHPMailer 6.6.0 (https://github.com/PHPMailer/PHPMailer)

2023-11-16 11:21:46	1	CLIENT -> SERVER: MIME-Version: 1.0

2023-11-16 11:21:46	1	CLIENT -> SERVER: Content-Type: text/html; charset=UTF-8

2023-11-16 11:21:46	1	CLIENT -> SERVER: Content-Transfer-Encoding: base64

2023-11-16 11:21:46	1	CLIENT -> SERVER: 

2023-11-16 11:21:46	1	CLIENT -> SERVER: PHRhYmxlIHN0eWxlPSJiYWNrZ3JvdW5kLWNvbG9yOiNmMWYxZjE7IHdpZHRoOjEwMCU7IiBhbGln

2023-11-16 11:21:46	1	CLIENT -> SERVER: bj0iY2VudGVyIiB3aWR0aD0iMTAwJSIgYm9yZGVyPSIwIiBjZWxscGFkZGluZz0iMCIgY2VsbHNw

2023-11-16 11:21:46	1	CLIENT -> SERVER: YWNpbmc9IjAiPgogIDx0Ym9keT4KICAgIDx0cj4KICAgICAgPHRkIGFsaWduPSJjZW50ZXIiIHN0

2023-11-16 11:21:46	1	CLIENT -> SERVER: eWxlPSJ2ZXJ0aWNhbC1hbGlnbjp0b3A7IHBhZGRpbmc6MzBweCAwOyB0ZXh0LWFsaWduOmNlbnRl

2023-11-16 11:21:46	1	CLIENT -> SERVER: ciI+CiAgICAgICAgPHRhYmxlIHN0eWxlPSJ0ZXh0LWFsaWduOmxlZnQ7IHdpZHRoOjY4MHB4OyBt

2023-11-16 11:21:46	1	CLIENT -> SERVER: YXJnaW46MCBhdXRvOyBmb250LXNpemU6MTRweDsgYm9yZGVyLXNwYWNpbmc6MHB4Ij4KICAgICAg

2023-11-16 11:21:46	1	CLIENT -> SERVER: ICAgIDx0Ym9keT4KICAgICAgICAgICAgPHRyPgogICAgICAgICAgICAgIDx0ZCBiZ2NvbG9yPSIj

2023-11-16 11:21:46	1	CLIENT -> SERVER: ZmZmIiBzdHlsZT0icGFkZGluZzogMTVweDsiPgogICAgICAgICAgICAgICAgPGZvbnQgY29sb3I9

2023-11-16 11:21:46	1	CLIENT -> SERVER: IiM3NzciIHN0eWxlPSJmb250LXNpemU6MThweCI+0KHQvtC+0LHRidC10L3QuNC1INGBINGE0L7R

2023-11-16 11:21:46	1	CLIENT -> SERVER: gNC80Ysg0L7QsdGA0LDRgtC90L7QuSDRgdCy0Y/Qt9C4PC9mb250PgogICAgICAgICAgICAgIDwv

2023-11-16 11:21:46	1	CLIENT -> SERVER: dGQ+CiAgICAgICAgICAgIDwvdHI+CiAgICAgICAgICAgIDx0cj4KICAgICAgICAgICAgICA8dGQg

2023-11-16 11:21:46	1	CLIENT -> SERVER: aGVpZ2h0PSIyNSI+PC90ZD4KICAgICAgICAgICAgPC90cj4KICAgICAgICAgICAgPHRyPgogICAg

2023-11-16 11:21:46	1	CLIENT -> SERVER: ICAgICAgICAgIDx0ZCBiZ2NvbG9yPSIjZmZmIiBzdHlsZT0icGFkZGluZzogMTVweDsiPgogICAg

2023-11-16 11:21:46	1	CLIENT -> SERVER: ICAgICAgICAgICAg0J/QvtC70YzQt9C+0LLQsNGC0LXQu9GMIDxiPtCc0LDQutGB0LjQvDwvYj4g

2023-11-16 11:21:46	1	CLIENT -> SERVER: 0L7RgdGC0LDQstC40Lsg0YHQu9C10LTRg9GO0YnQtdC1INGB0L7QvtCx0YnQtdC90LjQtToKICAg

2023-11-16 11:21:46	1	CLIENT -> SERVER: ICAgICAgICAgICAgIDxocj4KICAgICAgICAgICAgICAgIEZqZmpmamZpY2lkanNqd3VzdXd1cW9x

2023-11-16 11:21:46	1	CLIENT -> SERVER: b3FscWxhbnhuY2JjaGYKICAgICAgICAgICAgICAgIDxocj4KICAgICAgICAgICAgICAgIEVtYWls

2023-11-16 11:21:46	1	CLIENT -> SERVER: INC/0L7Qu9GM0LfQvtCy0LDRgtC10LvRjzogPGI+emF2aWRpeTE5OThAbWFpbC5ydTwvYj4KICAg

2023-11-16 11:21:46	1	CLIENT -> SERVER: ICAgICAgICAgICAgIDxicj4KICAgICAgICAgICAgICAgINCU0LDRgtCwINC+0YLQv9GA0LDQstC6

2023-11-16 11:21:46	1	CLIENT -> SERVER: 0Lg6IDxiPjE2LjExLjIwMjMgMTQ6MjE8L2I+CiAgICAgICAgICAgICAgICA8YnI+CiAgICAgICAg

2023-11-16 11:21:46	1	CLIENT -> SERVER: ICAgICAgICAKICAgICAgICAgICAgICA8L3RkPgogICAgICAgICAgICA8L3RyPgogICAgICAgICAg

2023-11-16 11:21:46	1	CLIENT -> SERVER: ICA8dHI+CiAgICAgICAgICAgICAgPHRkIGhlaWdodD0iMjUiPjwvdGQ+CiAgICAgICAgICAgIDwv

2023-11-16 11:21:46	1	CLIENT -> SERVER: dHI+CiAgICAgICAgICAgIDx0cj4KICAgICAgICAgICAgICA8dGQgYmdjb2xvcj0iI2ZmZiAiIHN0

2023-11-16 11:21:46	1	CLIENT -> SERVER: eWxlPSJwYWRkaW5nOiAyMHB4IDE1cHg7IGNvbG9yOiAjNzc3OyBmb250LXNpemU6IDE0cHg7Ij4K

2023-11-16 11:21:46	1	CLIENT -> SERVER: ICAgICAgICAgICAgICAgIDxwPiZjb3B5OyAyMDIzIFdlYkRldiBNYXguPC9wPgogICAgICAgICAg

2023-11-16 11:21:46	1	CLIENT -> SERVER: ICAgIDwvdGQ+CiAgICAgICAgICAgIDwvdHI+CiAgICAgICAgICA8L3Rib2R5PgogICAgICAgIDwv

2023-11-16 11:21:46	1	CLIENT -> SERVER: dGFibGU+CiAgICAgIDwvdGQ+CiAgICA8L3RyPgogIDwvdGJvZHk+CjwvdGFibGU+Cg==

2023-11-16 11:21:46	1	CLIENT -> SERVER: 

2023-11-16 11:21:46	1	CLIENT -> SERVER: .

2023-11-16 11:21:46	2	SERVER -> CLIENT: 250 2.0.0 Ok: queued on mail-nwsmtp-smtp-production-main-46.myt.yp-c.yandex.net 1700133706-kLjL2O3OfiE0-ll4RzDDv

2023-11-16 11:21:46	1	CLIENT -> SERVER: QUIT

2023-11-16 11:21:46	2	SERVER -> CLIENT: 221 2.0.0 Closing connecton

